<?xml version="1.0" encoding="UTF-8" standalone="no"?>
<!DOCTYPE log SYSTEM "logger.dtd">
<log>
<record>
  <date>2019-11-27T11:48:57</date>
  <millis>1574835537623</millis>
  <sequence>0</sequence>
  <level>START</level>
  <class>com.kms.katalon.core.logging.XmlKeywordLogger</class>
  <method>startSuite</method>
  <thread>1</thread>
  <message>Start Test Suite : Test Suites/Delete Restraint Merchant Auth</message>
  <nestedLevel>0</nestedLevel>
  <property name="name">Delete Restraint Merchant Auth</property>
  <property name="description"></property>
  <property name="id">Test Suites/Delete Restraint Merchant Auth</property>
</record>
<record>
  <date>2019-11-27T11:48:57</date>
  <millis>1574835537652</millis>
  <sequence>1</sequence>
  <level>RUN_DATA</level>
  <class>com.kms.katalon.core.logging.XmlKeywordLogger</class>
  <method>logMessage</method>
  <thread>1</thread>
  <message>hostName = khaja.h - LP-5CD7465GP0.HCLT.CORP.HCL.IN</message>
  <nestedLevel>0</nestedLevel>
  <property name="hostName">khaja.h - LP-5CD7465GP0.HCLT.CORP.HCL.IN</property>
</record>
<record>
  <date>2019-11-27T11:48:57</date>
  <millis>1574835537654</millis>
  <sequence>2</sequence>
  <level>RUN_DATA</level>
  <class>com.kms.katalon.core.logging.XmlKeywordLogger</class>
  <method>logMessage</method>
  <thread>1</thread>
  <message>os = Windows 10 64bit</message>
  <nestedLevel>0</nestedLevel>
  <property name="os">Windows 10 64bit</property>
</record>
<record>
  <date>2019-11-27T11:48:57</date>
  <millis>1574835537656</millis>
  <sequence>3</sequence>
  <level>RUN_DATA</level>
  <class>com.kms.katalon.core.logging.XmlKeywordLogger</class>
  <method>logMessage</method>
  <thread>1</thread>
  <message>hostAddress = 20.195.11.18</message>
  <nestedLevel>0</nestedLevel>
  <property name="hostAddress">20.195.11.18</property>
</record>
<record>
  <date>2019-11-27T11:48:57</date>
  <millis>1574835537670</millis>
  <sequence>4</sequence>
  <level>RUN_DATA</level>
  <class>com.kms.katalon.core.logging.XmlKeywordLogger</class>
  <method>logMessage</method>
  <thread>1</thread>
  <message>katalonVersion = 5.10.1.1</message>
  <nestedLevel>0</nestedLevel>
  <property name="katalonVersion">5.10.1.1</property>
</record>
<record>
  <date>2019-11-27T11:48:58</date>
  <millis>1574835538299</millis>
  <sequence>5</sequence>
  <level>START</level>
  <class>com.kms.katalon.core.logging.XmlKeywordLogger</class>
  <method>startTest</method>
  <thread>1</thread>
  <message>Start Test Case : Test Cases/Delete Restraint Merchant Auth/Delete Restraint Merchant Auth record with all blank input fields</message>
  <nestedLevel>1</nestedLevel>
  <property name="name">Test Cases/Delete Restraint Merchant Auth/Delete Restraint Merchant Auth record with all blank input fields</property>
  <property name="description"></property>
  <property name="id">Test Cases/Delete Restraint Merchant Auth/Delete Restraint Merchant Auth record with all blank input fields</property>
  <property name="source">C:\\Users\\khaja.h\\Katalon Studio\\Z-Connect\\Test Cases\\Delete Restraint Merchant Auth\\Delete Restraint Merchant Auth record with all blank input fields.tc</property>
  <property name="isOptional">false</property>
</record>
<record>
  <date>2019-11-27T11:48:59</date>
  <millis>1574835539084</millis>
  <sequence>7</sequence>
  <level>START</level>
  <class>com.kms.katalon.core.logging.XmlKeywordLogger</class>
  <method>startKeyword</method>
  <thread>1</thread>
  <message>Start action : str = \&amp;quot;deleteRestraintMerchantAuthServiceOperationResponse.RESPONSE.Output.xStatus.\&amp;quot;</message>
  <nestedLevel>1</nestedLevel>
  <property name="startLine">16</property>
  <property name="stepIndex">1</property>
</record>
<record>
  <date>2019-11-27T11:48:59</date>
  <millis>1574835539094</millis>
  <sequence>8</sequence>
  <level>END</level>
  <class>com.kms.katalon.core.logging.XmlKeywordLogger</class>
  <method>endKeyword</method>
  <thread>1</thread>
  <message>End action : str = \&amp;quot;deleteRestraintMerchantAuthServiceOperationResponse.RESPONSE.Output.xStatus.\&amp;quot;</message>
  <nestedLevel>1</nestedLevel>
</record>
<record>
  <date>2019-11-27T11:48:59</date>
  <millis>1574835539095</millis>
  <sequence>9</sequence>
  <level>START</level>
  <class>com.kms.katalon.core.logging.XmlKeywordLogger</class>
  <method>startKeyword</method>
  <thread>1</thread>
  <message>Start action : testdatapath = findTestData(\&amp;quot;Z-Connect Test Data/Delete Restraint Merchant Auth_TestData\&amp;quot;)</message>
  <nestedLevel>1</nestedLevel>
  <property name="startLine">18</property>
  <property name="stepIndex">2</property>
</record>
<record>
  <date>2019-11-27T11:49:01</date>
  <millis>1574835541654</millis>
  <sequence>14</sequence>
  <level>END</level>
  <class>com.kms.katalon.core.logging.XmlKeywordLogger</class>
  <method>endKeyword</method>
  <thread>1</thread>
  <message>End action : testdatapath = findTestData(\&amp;quot;Z-Connect Test Data/Delete Restraint Merchant Auth_TestData\&amp;quot;)</message>
  <nestedLevel>1</nestedLevel>
</record>
<record>
  <date>2019-11-27T11:49:01</date>
  <millis>1574835541658</millis>
  <sequence>15</sequence>
  <level>START</level>
  <class>com.kms.katalon.core.logging.XmlKeywordLogger</class>
  <method>startKeyword</method>
  <thread>1</thread>
  <message>Start action : for ([i = 1, i &amp;lt; 2, (i++)])</message>
  <nestedLevel>1</nestedLevel>
  <property name="startLine">20</property>
  <property name="stepIndex">3</property>
</record>
<record>
  <date>2019-11-27T11:49:01</date>
  <millis>1574835541663</millis>
  <sequence>16</sequence>
  <level>START</level>
  <class>com.kms.katalon.core.logging.XmlKeywordLogger</class>
  <method>startKeyword</method>
  <thread>1</thread>
  <message>Start action : response = sendRequest(findTestObject(\&amp;quot;Delete Restraint Merchant Auth/Delete Restraint Merchant Auth record with all blank input fields\&amp;quot;, [\&amp;quot;companyNbr\&amp;quot;:testdatapath.getValue(2, i), \&amp;quot;productCd\&amp;quot;:testdatapath.getValue(3, i), \&amp;quot;accountNbr\&amp;quot;:testdatapath.getValue(4, i), ... ]))</message>
  <nestedLevel>2</nestedLevel>
  <property name="startLine">21</property>
  <property name="stepIndex">1</property>
</record>
<record>
  <date>2019-11-27T11:49:09</date>
  <millis>1574835549294</millis>
  <sequence>20</sequence>
  <level>INFO</level>
  <class>com.kms.katalon.core.logging.XmlKeywordLogger</class>
  <method>logMessage</method>
  <thread>1</thread>
  <message>HAR: C:\\Users\\khaja.h\\Katalon Studio\\Z-Connect\\Reports\\Delete Restraint Merchant Auth\\20191127_114848\\requests\\main\\0.har</message>
  <nestedLevel>1</nestedLevel>
  <property name="harId">9666a124-09d8-4438-8360-ba6914ed4a5f</property>
</record>
<record>
  <date>2019-11-27T11:49:09</date>
  <millis>1574835549568</millis>
  <sequence>21</sequence>
  <level>PASSED</level>
  <class>com.kms.katalon.core.logging.XmlKeywordLogger</class>
  <method>logMessage</method>
  <thread>1</thread>
  <message>Send request successfully</message>
  <nestedLevel>1</nestedLevel>
</record>
<record>
  <date>2019-11-27T11:49:09</date>
  <millis>1574835549569</millis>
  <sequence>22</sequence>
  <level>END</level>
  <class>com.kms.katalon.core.logging.XmlKeywordLogger</class>
  <method>endKeyword</method>
  <thread>1</thread>
  <message>End action : response = sendRequest(findTestObject(\&amp;quot;Delete Restraint Merchant Auth/Delete Restraint Merchant Auth record with all blank input fields\&amp;quot;, [\&amp;quot;companyNbr\&amp;quot;:testdatapath.getValue(2, i), \&amp;quot;productCd\&amp;quot;:testdatapath.getValue(3, i), \&amp;quot;accountNbr\&amp;quot;:testdatapath.getValue(4, i), ... ]))</message>
  <nestedLevel>2</nestedLevel>
</record>
<record>
  <date>2019-11-27T11:49:09</date>
  <millis>1574835549572</millis>
  <sequence>23</sequence>
  <level>START</level>
  <class>com.kms.katalon.core.logging.XmlKeywordLogger</class>
  <method>startKeyword</method>
  <thread>1</thread>
  <message>Start action : verifyResponseStatusCode(response, 200)</message>
  <nestedLevel>2</nestedLevel>
  <property name="startLine">26</property>
  <property name="stepIndex">2</property>
</record>
<record>
  <date>2019-11-27T11:49:09</date>
  <millis>1574835549614</millis>
  <sequence>25</sequence>
  <level>PASSED</level>
  <class>com.kms.katalon.core.logging.XmlKeywordLogger</class>
  <method>logMessage</method>
  <thread>1</thread>
  <message>Verify response status code successfully</message>
  <nestedLevel>1</nestedLevel>
</record>
<record>
  <date>2019-11-27T11:49:09</date>
  <millis>1574835549616</millis>
  <sequence>26</sequence>
  <level>END</level>
  <class>com.kms.katalon.core.logging.XmlKeywordLogger</class>
  <method>endKeyword</method>
  <thread>1</thread>
  <message>End action : verifyResponseStatusCode(response, 200)</message>
  <nestedLevel>2</nestedLevel>
</record>
<record>
  <date>2019-11-27T11:49:09</date>
  <millis>1574835549617</millis>
  <sequence>27</sequence>
  <level>START</level>
  <class>com.kms.katalon.core.logging.XmlKeywordLogger</class>
  <method>startKeyword</method>
  <thread>1</thread>
  <message>Start action : verifyElementPropertyValue(response, str + \&amp;quot;applicationCd\&amp;quot;, testdatapath.getValue(10, i))</message>
  <nestedLevel>2</nestedLevel>
  <property name="startLine">28</property>
  <property name="stepIndex">3</property>
</record>
<record>
  <date>2019-11-27T11:49:09</date>
  <millis>1574835549844</millis>
  <sequence>29</sequence>
  <level>PASSED</level>
  <class>com.kms.katalon.core.logging.XmlKeywordLogger</class>
  <method>logMessage</method>
  <thread>1</thread>
  <message>Verify element property value successfully</message>
  <nestedLevel>1</nestedLevel>
</record>
<record>
  <date>2019-11-27T11:49:09</date>
  <millis>1574835549845</millis>
  <sequence>30</sequence>
  <level>END</level>
  <class>com.kms.katalon.core.logging.XmlKeywordLogger</class>
  <method>endKeyword</method>
  <thread>1</thread>
  <message>End action : verifyElementPropertyValue(response, str + \&amp;quot;applicationCd\&amp;quot;, testdatapath.getValue(10, i))</message>
  <nestedLevel>2</nestedLevel>
</record>
<record>
  <date>2019-11-27T11:49:09</date>
  <millis>1574835549846</millis>
  <sequence>31</sequence>
  <level>START</level>
  <class>com.kms.katalon.core.logging.XmlKeywordLogger</class>
  <method>startKeyword</method>
  <thread>1</thread>
  <message>Start action : verifyElementPropertyValue(response, str + \&amp;quot;statusCd\&amp;quot;, testdatapath.getValue(11, i))</message>
  <nestedLevel>2</nestedLevel>
  <property name="startLine">30</property>
  <property name="stepIndex">4</property>
</record>
<record>
  <date>2019-11-27T11:49:09</date>
  <millis>1574835549996</millis>
  <sequence>33</sequence>
  <level>PASSED</level>
  <class>com.kms.katalon.core.logging.XmlKeywordLogger</class>
  <method>logMessage</method>
  <thread>1</thread>
  <message>Verify element property value successfully</message>
  <nestedLevel>1</nestedLevel>
</record>
<record>
  <date>2019-11-27T11:49:10</date>
  <millis>1574835550003</millis>
  <sequence>34</sequence>
  <level>END</level>
  <class>com.kms.katalon.core.logging.XmlKeywordLogger</class>
  <method>endKeyword</method>
  <thread>1</thread>
  <message>End action : verifyElementPropertyValue(response, str + \&amp;quot;statusCd\&amp;quot;, testdatapath.getValue(11, i))</message>
  <nestedLevel>2</nestedLevel>
</record>
<record>
  <date>2019-11-27T11:49:10</date>
  <millis>1574835550004</millis>
  <sequence>35</sequence>
  <level>START</level>
  <class>com.kms.katalon.core.logging.XmlKeywordLogger</class>
  <method>startKeyword</method>
  <thread>1</thread>
  <message>Start action : verifyElementPropertyValue(response, str + \&amp;quot;statusMessage\&amp;quot;, testdatapath.getValue(12, i))</message>
  <nestedLevel>2</nestedLevel>
  <property name="startLine">32</property>
  <property name="stepIndex">5</property>
</record>
<record>
  <date>2019-11-27T11:49:10</date>
  <millis>1574835550115</millis>
  <sequence>37</sequence>
  <level>PASSED</level>
  <class>com.kms.katalon.core.logging.XmlKeywordLogger</class>
  <method>logMessage</method>
  <thread>1</thread>
  <message>Verify element property value successfully</message>
  <nestedLevel>1</nestedLevel>
</record>
<record>
  <date>2019-11-27T11:49:10</date>
  <millis>1574835550117</millis>
  <sequence>38</sequence>
  <level>END</level>
  <class>com.kms.katalon.core.logging.XmlKeywordLogger</class>
  <method>endKeyword</method>
  <thread>1</thread>
  <message>End action : verifyElementPropertyValue(response, str + \&amp;quot;statusMessage\&amp;quot;, testdatapath.getValue(12, i))</message>
  <nestedLevel>2</nestedLevel>
</record>
<record>
  <date>2019-11-27T11:49:10</date>
  <millis>1574835550118</millis>
  <sequence>39</sequence>
  <level>START</level>
  <class>com.kms.katalon.core.logging.XmlKeywordLogger</class>
  <method>startKeyword</method>
  <thread>1</thread>
  <message>Start action : verifyElementPropertyValue(response, str + \&amp;quot;severity\&amp;quot;, testdatapath.getValue(13, i))</message>
  <nestedLevel>2</nestedLevel>
  <property name="startLine">34</property>
  <property name="stepIndex">6</property>
</record>
<record>
  <date>2019-11-27T11:49:10</date>
  <millis>1574835550234</millis>
  <sequence>41</sequence>
  <level>PASSED</level>
  <class>com.kms.katalon.core.logging.XmlKeywordLogger</class>
  <method>logMessage</method>
  <thread>1</thread>
  <message>Verify element property value successfully</message>
  <nestedLevel>1</nestedLevel>
</record>
<record>
  <date>2019-11-27T11:49:10</date>
  <millis>1574835550235</millis>
  <sequence>42</sequence>
  <level>END</level>
  <class>com.kms.katalon.core.logging.XmlKeywordLogger</class>
  <method>endKeyword</method>
  <thread>1</thread>
  <message>End action : verifyElementPropertyValue(response, str + \&amp;quot;severity\&amp;quot;, testdatapath.getValue(13, i))</message>
  <nestedLevel>2</nestedLevel>
</record>
<record>
  <date>2019-11-27T11:49:10</date>
  <millis>1574835550237</millis>
  <sequence>43</sequence>
  <level>END</level>
  <class>com.kms.katalon.core.logging.XmlKeywordLogger</class>
  <method>endKeyword</method>
  <thread>1</thread>
  <message>End action : for ([i = 1, i &amp;lt; 2, (i++)])</message>
  <nestedLevel>1</nestedLevel>
</record>
<record>
  <date>2019-11-27T11:49:10</date>
  <millis>1574835550241</millis>
  <sequence>44</sequence>
  <level>PASSED</level>
  <class>com.kms.katalon.core.logging.XmlKeywordLogger</class>
  <method>logMessage</method>
  <thread>1</thread>
  <message>Test Cases/Delete Restraint Merchant Auth/Delete Restraint Merchant Auth record with all blank input fields</message>
  <nestedLevel>1</nestedLevel>
</record>
<record>
  <date>2019-11-27T11:49:10</date>
  <millis>1574835550243</millis>
  <sequence>45</sequence>
  <level>END</level>
  <class>com.kms.katalon.core.logging.XmlKeywordLogger</class>
  <method>endTest</method>
  <thread>1</thread>
  <message>End Test Case : Test Cases/Delete Restraint Merchant Auth/Delete Restraint Merchant Auth record with all blank input fields</message>
  <nestedLevel>0</nestedLevel>
</record>
<record>
  <date>2019-11-27T11:49:10</date>
  <millis>1574835550267</millis>
  <sequence>46</sequence>
  <level>START</level>
  <class>com.kms.katalon.core.logging.XmlKeywordLogger</class>
  <method>startTest</method>
  <thread>1</thread>
  <message>Start Test Case : Test Cases/Delete Restraint Merchant Auth/Delete Restraint Merchant Auth record with non blank account no and all other blank input fields</message>
  <nestedLevel>1</nestedLevel>
  <property name="name">Test Cases/Delete Restraint Merchant Auth/Delete Restraint Merchant Auth record with non blank account no and all other blank input fields</property>
  <property name="description"></property>
  <property name="id">Test Cases/Delete Restraint Merchant Auth/Delete Restraint Merchant Auth record with non blank account no and all other blank input fields</property>
  <property name="source">C:\\Users\\khaja.h\\Katalon Studio\\Z-Connect\\Test Cases\\Delete Restraint Merchant Auth\\Delete Restraint Merchant Auth record with non blank account no and all other blank input fields.tc</property>
  <property name="isOptional">false</property>
</record>
<record>
  <date>2019-11-27T11:49:10</date>
  <millis>1574835550931</millis>
  <sequence>48</sequence>
  <level>START</level>
  <class>com.kms.katalon.core.logging.XmlKeywordLogger</class>
  <method>startKeyword</method>
  <thread>1</thread>
  <message>Start action : str = \&amp;quot;deleteRestraintMerchantAuthServiceOperationResponse.RESPONSE.Output.xStatus.\&amp;quot;</message>
  <nestedLevel>1</nestedLevel>
  <property name="startLine">16</property>
  <property name="stepIndex">1</property>
</record>
<record>
  <date>2019-11-27T11:49:10</date>
  <millis>1574835550934</millis>
  <sequence>49</sequence>
  <level>END</level>
  <class>com.kms.katalon.core.logging.XmlKeywordLogger</class>
  <method>endKeyword</method>
  <thread>1</thread>
  <message>End action : str = \&amp;quot;deleteRestraintMerchantAuthServiceOperationResponse.RESPONSE.Output.xStatus.\&amp;quot;</message>
  <nestedLevel>1</nestedLevel>
</record>
<record>
  <date>2019-11-27T11:49:10</date>
  <millis>1574835550934</millis>
  <sequence>50</sequence>
  <level>START</level>
  <class>com.kms.katalon.core.logging.XmlKeywordLogger</class>
  <method>startKeyword</method>
  <thread>1</thread>
  <message>Start action : testdatapath = findTestData(\&amp;quot;Z-Connect Test Data/Delete Restraint Merchant Auth_TestData\&amp;quot;)</message>
  <nestedLevel>1</nestedLevel>
  <property name="startLine">18</property>
  <property name="stepIndex">2</property>
</record>
<record>
  <date>2019-11-27T11:49:11</date>
  <millis>1574835551606</millis>
  <sequence>55</sequence>
  <level>END</level>
  <class>com.kms.katalon.core.logging.XmlKeywordLogger</class>
  <method>endKeyword</method>
  <thread>1</thread>
  <message>End action : testdatapath = findTestData(\&amp;quot;Z-Connect Test Data/Delete Restraint Merchant Auth_TestData\&amp;quot;)</message>
  <nestedLevel>1</nestedLevel>
</record>
<record>
  <date>2019-11-27T11:49:11</date>
  <millis>1574835551608</millis>
  <sequence>56</sequence>
  <level>START</level>
  <class>com.kms.katalon.core.logging.XmlKeywordLogger</class>
  <method>startKeyword</method>
  <thread>1</thread>
  <message>Start action : for ([i = 2, i &amp;lt; 3, (i++)])</message>
  <nestedLevel>1</nestedLevel>
  <property name="startLine">20</property>
  <property name="stepIndex">3</property>
</record>
<record>
  <date>2019-11-27T11:49:11</date>
  <millis>1574835551610</millis>
  <sequence>57</sequence>
  <level>START</level>
  <class>com.kms.katalon.core.logging.XmlKeywordLogger</class>
  <method>startKeyword</method>
  <thread>1</thread>
  <message>Start action : response = sendRequest(findTestObject(\&amp;quot;Delete Restraint Merchant Auth/Delete Restraint Merchant Auth record with non blank account no and all other blank input fields\&amp;quot;, [\&amp;quot;companyNbr\&amp;quot;:testdatapath.getValue(2, i), \&amp;quot;productCd\&amp;quot;:testdatapath.getValue(3, i), \&amp;quot;accountNbr\&amp;quot;:testdatapath.getValue(4, i), ... ]))</message>
  <nestedLevel>2</nestedLevel>
  <property name="startLine">21</property>
  <property name="stepIndex">1</property>
</record>
<record>
  <date>2019-11-27T11:49:14</date>
  <millis>1574835554078</millis>
  <sequence>61</sequence>
  <level>INFO</level>
  <class>com.kms.katalon.core.logging.XmlKeywordLogger</class>
  <method>logMessage</method>
  <thread>1</thread>
  <message>HAR: C:\\Users\\khaja.h\\Katalon Studio\\Z-Connect\\Reports\\Delete Restraint Merchant Auth\\20191127_114848\\requests\\main\\1.har</message>
  <nestedLevel>1</nestedLevel>
  <property name="harId">f67d0842-9300-483f-a199-850af150f422</property>
</record>
<record>
  <date>2019-11-27T11:49:14</date>
  <millis>1574835554083</millis>
  <sequence>62</sequence>
  <level>PASSED</level>
  <class>com.kms.katalon.core.logging.XmlKeywordLogger</class>
  <method>logMessage</method>
  <thread>1</thread>
  <message>Send request successfully</message>
  <nestedLevel>1</nestedLevel>
</record>
<record>
  <date>2019-11-27T11:49:14</date>
  <millis>1574835554084</millis>
  <sequence>63</sequence>
  <level>END</level>
  <class>com.kms.katalon.core.logging.XmlKeywordLogger</class>
  <method>endKeyword</method>
  <thread>1</thread>
  <message>End action : response = sendRequest(findTestObject(\&amp;quot;Delete Restraint Merchant Auth/Delete Restraint Merchant Auth record with non blank account no and all other blank input fields\&amp;quot;, [\&amp;quot;companyNbr\&amp;quot;:testdatapath.getValue(2, i), \&amp;quot;productCd\&amp;quot;:testdatapath.getValue(3, i), \&amp;quot;accountNbr\&amp;quot;:testdatapath.getValue(4, i), ... ]))</message>
  <nestedLevel>2</nestedLevel>
</record>
<record>
  <date>2019-11-27T11:49:14</date>
  <millis>1574835554085</millis>
  <sequence>64</sequence>
  <level>START</level>
  <class>com.kms.katalon.core.logging.XmlKeywordLogger</class>
  <method>startKeyword</method>
  <thread>1</thread>
  <message>Start action : verifyResponseStatusCode(response, 200)</message>
  <nestedLevel>2</nestedLevel>
  <property name="startLine">26</property>
  <property name="stepIndex">2</property>
</record>
<record>
  <date>2019-11-27T11:49:14</date>
  <millis>1574835554087</millis>
  <sequence>66</sequence>
  <level>PASSED</level>
  <class>com.kms.katalon.core.logging.XmlKeywordLogger</class>
  <method>logMessage</method>
  <thread>1</thread>
  <message>Verify response status code successfully</message>
  <nestedLevel>1</nestedLevel>
</record>
<record>
  <date>2019-11-27T11:49:14</date>
  <millis>1574835554087</millis>
  <sequence>67</sequence>
  <level>END</level>
  <class>com.kms.katalon.core.logging.XmlKeywordLogger</class>
  <method>endKeyword</method>
  <thread>1</thread>
  <message>End action : verifyResponseStatusCode(response, 200)</message>
  <nestedLevel>2</nestedLevel>
</record>
<record>
  <date>2019-11-27T11:49:14</date>
  <millis>1574835554089</millis>
  <sequence>68</sequence>
  <level>START</level>
  <class>com.kms.katalon.core.logging.XmlKeywordLogger</class>
  <method>startKeyword</method>
  <thread>1</thread>
  <message>Start action : verifyElementPropertyValue(response, str + \&amp;quot;applicationCd\&amp;quot;, testdatapath.getValue(10, i))</message>
  <nestedLevel>2</nestedLevel>
  <property name="startLine">28</property>
  <property name="stepIndex">3</property>
</record>
<record>
  <date>2019-11-27T11:49:14</date>
  <millis>1574835554175</millis>
  <sequence>70</sequence>
  <level>PASSED</level>
  <class>com.kms.katalon.core.logging.XmlKeywordLogger</class>
  <method>logMessage</method>
  <thread>1</thread>
  <message>Verify element property value successfully</message>
  <nestedLevel>1</nestedLevel>
</record>
<record>
  <date>2019-11-27T11:49:14</date>
  <millis>1574835554177</millis>
  <sequence>71</sequence>
  <level>END</level>
  <class>com.kms.katalon.core.logging.XmlKeywordLogger</class>
  <method>endKeyword</method>
  <thread>1</thread>
  <message>End action : verifyElementPropertyValue(response, str + \&amp;quot;applicationCd\&amp;quot;, testdatapath.getValue(10, i))</message>
  <nestedLevel>2</nestedLevel>
</record>
<record>
  <date>2019-11-27T11:49:14</date>
  <millis>1574835554178</millis>
  <sequence>72</sequence>
  <level>START</level>
  <class>com.kms.katalon.core.logging.XmlKeywordLogger</class>
  <method>startKeyword</method>
  <thread>1</thread>
  <message>Start action : verifyElementPropertyValue(response, str + \&amp;quot;statusCd\&amp;quot;, testdatapath.getValue(11, i))</message>
  <nestedLevel>2</nestedLevel>
  <property name="startLine">30</property>
  <property name="stepIndex">4</property>
</record>
<record>
  <date>2019-11-27T11:49:14</date>
  <millis>1574835554267</millis>
  <sequence>74</sequence>
  <level>PASSED</level>
  <class>com.kms.katalon.core.logging.XmlKeywordLogger</class>
  <method>logMessage</method>
  <thread>1</thread>
  <message>Verify element property value successfully</message>
  <nestedLevel>1</nestedLevel>
</record>
<record>
  <date>2019-11-27T11:49:14</date>
  <millis>1574835554269</millis>
  <sequence>75</sequence>
  <level>END</level>
  <class>com.kms.katalon.core.logging.XmlKeywordLogger</class>
  <method>endKeyword</method>
  <thread>1</thread>
  <message>End action : verifyElementPropertyValue(response, str + \&amp;quot;statusCd\&amp;quot;, testdatapath.getValue(11, i))</message>
  <nestedLevel>2</nestedLevel>
</record>
<record>
  <date>2019-11-27T11:49:14</date>
  <millis>1574835554270</millis>
  <sequence>76</sequence>
  <level>START</level>
  <class>com.kms.katalon.core.logging.XmlKeywordLogger</class>
  <method>startKeyword</method>
  <thread>1</thread>
  <message>Start action : verifyElementPropertyValue(response, str + \&amp;quot;statusMessage\&amp;quot;, testdatapath.getValue(12, i))</message>
  <nestedLevel>2</nestedLevel>
  <property name="startLine">32</property>
  <property name="stepIndex">5</property>
</record>
<record>
  <date>2019-11-27T11:49:14</date>
  <millis>1574835554418</millis>
  <sequence>78</sequence>
  <level>PASSED</level>
  <class>com.kms.katalon.core.logging.XmlKeywordLogger</class>
  <method>logMessage</method>
  <thread>1</thread>
  <message>Verify element property value successfully</message>
  <nestedLevel>1</nestedLevel>
</record>
<record>
  <date>2019-11-27T11:49:14</date>
  <millis>1574835554428</millis>
  <sequence>79</sequence>
  <level>END</level>
  <class>com.kms.katalon.core.logging.XmlKeywordLogger</class>
  <method>endKeyword</method>
  <thread>1</thread>
  <message>End action : verifyElementPropertyValue(response, str + \&amp;quot;statusMessage\&amp;quot;, testdatapath.getValue(12, i))</message>
  <nestedLevel>2</nestedLevel>
</record>
<record>
  <date>2019-11-27T11:49:14</date>
  <millis>1574835554429</millis>
  <sequence>80</sequence>
  <level>START</level>
  <class>com.kms.katalon.core.logging.XmlKeywordLogger</class>
  <method>startKeyword</method>
  <thread>1</thread>
  <message>Start action : verifyElementPropertyValue(response, str + \&amp;quot;severity\&amp;quot;, testdatapath.getValue(13, i))</message>
  <nestedLevel>2</nestedLevel>
  <property name="startLine">34</property>
  <property name="stepIndex">6</property>
</record>
<record>
  <date>2019-11-27T11:49:14</date>
  <millis>1574835554542</millis>
  <sequence>82</sequence>
  <level>PASSED</level>
  <class>com.kms.katalon.core.logging.XmlKeywordLogger</class>
  <method>logMessage</method>
  <thread>1</thread>
  <message>Verify element property value successfully</message>
  <nestedLevel>1</nestedLevel>
</record>
<record>
  <date>2019-11-27T11:49:14</date>
  <millis>1574835554543</millis>
  <sequence>83</sequence>
  <level>END</level>
  <class>com.kms.katalon.core.logging.XmlKeywordLogger</class>
  <method>endKeyword</method>
  <thread>1</thread>
  <message>End action : verifyElementPropertyValue(response, str + \&amp;quot;severity\&amp;quot;, testdatapath.getValue(13, i))</message>
  <nestedLevel>2</nestedLevel>
</record>
<record>
  <date>2019-11-27T11:49:14</date>
  <millis>1574835554544</millis>
  <sequence>84</sequence>
  <level>END</level>
  <class>com.kms.katalon.core.logging.XmlKeywordLogger</class>
  <method>endKeyword</method>
  <thread>1</thread>
  <message>End action : for ([i = 2, i &amp;lt; 3, (i++)])</message>
  <nestedLevel>1</nestedLevel>
</record>
<record>
  <date>2019-11-27T11:49:14</date>
  <millis>1574835554545</millis>
  <sequence>85</sequence>
  <level>PASSED</level>
  <class>com.kms.katalon.core.logging.XmlKeywordLogger</class>
  <method>logMessage</method>
  <thread>1</thread>
  <message>Test Cases/Delete Restraint Merchant Auth/Delete Restraint Merchant Auth record with non blank account no and all other blank input fields</message>
  <nestedLevel>1</nestedLevel>
</record>
<record>
  <date>2019-11-27T11:49:14</date>
  <millis>1574835554546</millis>
  <sequence>86</sequence>
  <level>END</level>
  <class>com.kms.katalon.core.logging.XmlKeywordLogger</class>
  <method>endTest</method>
  <thread>1</thread>
  <message>End Test Case : Test Cases/Delete Restraint Merchant Auth/Delete Restraint Merchant Auth record with non blank account no and all other blank input fields</message>
  <nestedLevel>0</nestedLevel>
</record>
<record>
  <date>2019-11-27T11:49:14</date>
  <millis>1574835554563</millis>
  <sequence>87</sequence>
  <level>START</level>
  <class>com.kms.katalon.core.logging.XmlKeywordLogger</class>
  <method>startTest</method>
  <thread>1</thread>
  <message>Start Test Case : Test Cases/Delete Restraint Merchant Auth/Delete Restraint Merchant Auth record with non blank product code and account no fields and all other blank input fields</message>
  <nestedLevel>1</nestedLevel>
  <property name="name">Test Cases/Delete Restraint Merchant Auth/Delete Restraint Merchant Auth record with non blank product code and account no fields and all other blank input fields</property>
  <property name="description"></property>
  <property name="id">Test Cases/Delete Restraint Merchant Auth/Delete Restraint Merchant Auth record with non blank product code and account no fields and all other blank input fields</property>
  <property name="source">C:\\Users\\khaja.h\\Katalon Studio\\Z-Connect\\Test Cases\\Delete Restraint Merchant Auth\\Delete Restraint Merchant Auth record with non blank product code and account no fields and all other blank input fields.tc</property>
  <property name="isOptional">false</property>
</record>
<record>
  <date>2019-11-27T11:49:15</date>
  <millis>1574835555215</millis>
  <sequence>89</sequence>
  <level>START</level>
  <class>com.kms.katalon.core.logging.XmlKeywordLogger</class>
  <method>startKeyword</method>
  <thread>1</thread>
  <message>Start action : str = \&amp;quot;deleteRestraintMerchantAuthServiceOperationResponse.RESPONSE.Output.xStatus.\&amp;quot;</message>
  <nestedLevel>1</nestedLevel>
  <property name="startLine">16</property>
  <property name="stepIndex">1</property>
</record>
<record>
  <date>2019-11-27T11:49:15</date>
  <millis>1574835555217</millis>
  <sequence>90</sequence>
  <level>END</level>
  <class>com.kms.katalon.core.logging.XmlKeywordLogger</class>
  <method>endKeyword</method>
  <thread>1</thread>
  <message>End action : str = \&amp;quot;deleteRestraintMerchantAuthServiceOperationResponse.RESPONSE.Output.xStatus.\&amp;quot;</message>
  <nestedLevel>1</nestedLevel>
</record>
<record>
  <date>2019-11-27T11:49:15</date>
  <millis>1574835555217</millis>
  <sequence>91</sequence>
  <level>START</level>
  <class>com.kms.katalon.core.logging.XmlKeywordLogger</class>
  <method>startKeyword</method>
  <thread>1</thread>
  <message>Start action : testdatapath = findTestData(\&amp;quot;Z-Connect Test Data/Delete Restraint Merchant Auth_TestData\&amp;quot;)</message>
  <nestedLevel>1</nestedLevel>
  <property name="startLine">18</property>
  <property name="stepIndex">2</property>
</record>
<record>
  <date>2019-11-27T11:49:15</date>
  <millis>1574835555795</millis>
  <sequence>96</sequence>
  <level>END</level>
  <class>com.kms.katalon.core.logging.XmlKeywordLogger</class>
  <method>endKeyword</method>
  <thread>1</thread>
  <message>End action : testdatapath = findTestData(\&amp;quot;Z-Connect Test Data/Delete Restraint Merchant Auth_TestData\&amp;quot;)</message>
  <nestedLevel>1</nestedLevel>
</record>
<record>
  <date>2019-11-27T11:49:15</date>
  <millis>1574835555802</millis>
  <sequence>97</sequence>
  <level>START</level>
  <class>com.kms.katalon.core.logging.XmlKeywordLogger</class>
  <method>startKeyword</method>
  <thread>1</thread>
  <message>Start action : for ([i = 3, i &amp;lt; 4, (i++)])</message>
  <nestedLevel>1</nestedLevel>
  <property name="startLine">20</property>
  <property name="stepIndex">3</property>
</record>
<record>
  <date>2019-11-27T11:49:15</date>
  <millis>1574835555807</millis>
  <sequence>98</sequence>
  <level>START</level>
  <class>com.kms.katalon.core.logging.XmlKeywordLogger</class>
  <method>startKeyword</method>
  <thread>1</thread>
  <message>Start action : response = sendRequest(findTestObject(\&amp;quot;Delete Restraint Merchant Auth/Delete Restraint Merchant Auth record with non blank product code and account no fields and all other blank input fields\&amp;quot;, [\&amp;quot;companyNbr\&amp;quot;:testdatapath.getValue(2, i), \&amp;quot;productCd\&amp;quot;:testdatapath.getValue(3, i), \&amp;quot;accountNbr\&amp;quot;:testdatapath.getValue(4, i), ... ]))</message>
  <nestedLevel>2</nestedLevel>
  <property name="startLine">21</property>
  <property name="stepIndex">1</property>
</record>
<record>
  <date>2019-11-27T11:49:17</date>
  <millis>1574835557984</millis>
  <sequence>102</sequence>
  <level>INFO</level>
  <class>com.kms.katalon.core.logging.XmlKeywordLogger</class>
  <method>logMessage</method>
  <thread>1</thread>
  <message>HAR: C:\\Users\\khaja.h\\Katalon Studio\\Z-Connect\\Reports\\Delete Restraint Merchant Auth\\20191127_114848\\requests\\main\\2.har</message>
  <nestedLevel>1</nestedLevel>
  <property name="harId">6e0d79a5-394e-44f9-8687-e670b0579e83</property>
</record>
<record>
  <date>2019-11-27T11:49:17</date>
  <millis>1574835557988</millis>
  <sequence>103</sequence>
  <level>PASSED</level>
  <class>com.kms.katalon.core.logging.XmlKeywordLogger</class>
  <method>logMessage</method>
  <thread>1</thread>
  <message>Send request successfully</message>
  <nestedLevel>1</nestedLevel>
</record>
<record>
  <date>2019-11-27T11:49:17</date>
  <millis>1574835557989</millis>
  <sequence>104</sequence>
  <level>END</level>
  <class>com.kms.katalon.core.logging.XmlKeywordLogger</class>
  <method>endKeyword</method>
  <thread>1</thread>
  <message>End action : response = sendRequest(findTestObject(\&amp;quot;Delete Restraint Merchant Auth/Delete Restraint Merchant Auth record with non blank product code and account no fields and all other blank input fields\&amp;quot;, [\&amp;quot;companyNbr\&amp;quot;:testdatapath.getValue(2, i), \&amp;quot;productCd\&amp;quot;:testdatapath.getValue(3, i), \&amp;quot;accountNbr\&amp;quot;:testdatapath.getValue(4, i), ... ]))</message>
  <nestedLevel>2</nestedLevel>
</record>
<record>
  <date>2019-11-27T11:49:17</date>
  <millis>1574835557990</millis>
  <sequence>105</sequence>
  <level>START</level>
  <class>com.kms.katalon.core.logging.XmlKeywordLogger</class>
  <method>startKeyword</method>
  <thread>1</thread>
  <message>Start action : verifyResponseStatusCode(response, 200)</message>
  <nestedLevel>2</nestedLevel>
  <property name="startLine">26</property>
  <property name="stepIndex">2</property>
</record>
<record>
  <date>2019-11-27T11:49:17</date>
  <millis>1574835557991</millis>
  <sequence>107</sequence>
  <level>PASSED</level>
  <class>com.kms.katalon.core.logging.XmlKeywordLogger</class>
  <method>logMessage</method>
  <thread>1</thread>
  <message>Verify response status code successfully</message>
  <nestedLevel>1</nestedLevel>
</record>
<record>
  <date>2019-11-27T11:49:17</date>
  <millis>1574835557992</millis>
  <sequence>108</sequence>
  <level>END</level>
  <class>com.kms.katalon.core.logging.XmlKeywordLogger</class>
  <method>endKeyword</method>
  <thread>1</thread>
  <message>End action : verifyResponseStatusCode(response, 200)</message>
  <nestedLevel>2</nestedLevel>
</record>
<record>
  <date>2019-11-27T11:49:17</date>
  <millis>1574835557993</millis>
  <sequence>109</sequence>
  <level>START</level>
  <class>com.kms.katalon.core.logging.XmlKeywordLogger</class>
  <method>startKeyword</method>
  <thread>1</thread>
  <message>Start action : verifyElementPropertyValue(response, str + \&amp;quot;applicationCd\&amp;quot;, testdatapath.getValue(10, i))</message>
  <nestedLevel>2</nestedLevel>
  <property name="startLine">28</property>
  <property name="stepIndex">3</property>
</record>
<record>
  <date>2019-11-27T11:49:18</date>
  <millis>1574835558085</millis>
  <sequence>111</sequence>
  <level>PASSED</level>
  <class>com.kms.katalon.core.logging.XmlKeywordLogger</class>
  <method>logMessage</method>
  <thread>1</thread>
  <message>Verify element property value successfully</message>
  <nestedLevel>1</nestedLevel>
</record>
<record>
  <date>2019-11-27T11:49:18</date>
  <millis>1574835558086</millis>
  <sequence>112</sequence>
  <level>END</level>
  <class>com.kms.katalon.core.logging.XmlKeywordLogger</class>
  <method>endKeyword</method>
  <thread>1</thread>
  <message>End action : verifyElementPropertyValue(response, str + \&amp;quot;applicationCd\&amp;quot;, testdatapath.getValue(10, i))</message>
  <nestedLevel>2</nestedLevel>
</record>
<record>
  <date>2019-11-27T11:49:18</date>
  <millis>1574835558087</millis>
  <sequence>113</sequence>
  <level>START</level>
  <class>com.kms.katalon.core.logging.XmlKeywordLogger</class>
  <method>startKeyword</method>
  <thread>1</thread>
  <message>Start action : verifyElementPropertyValue(response, str + \&amp;quot;statusCd\&amp;quot;, testdatapath.getValue(11, i))</message>
  <nestedLevel>2</nestedLevel>
  <property name="startLine">30</property>
  <property name="stepIndex">4</property>
</record>
<record>
  <date>2019-11-27T11:49:18</date>
  <millis>1574835558224</millis>
  <sequence>115</sequence>
  <level>PASSED</level>
  <class>com.kms.katalon.core.logging.XmlKeywordLogger</class>
  <method>logMessage</method>
  <thread>1</thread>
  <message>Verify element property value successfully</message>
  <nestedLevel>1</nestedLevel>
</record>
<record>
  <date>2019-11-27T11:49:18</date>
  <millis>1574835558225</millis>
  <sequence>116</sequence>
  <level>END</level>
  <class>com.kms.katalon.core.logging.XmlKeywordLogger</class>
  <method>endKeyword</method>
  <thread>1</thread>
  <message>End action : verifyElementPropertyValue(response, str + \&amp;quot;statusCd\&amp;quot;, testdatapath.getValue(11, i))</message>
  <nestedLevel>2</nestedLevel>
</record>
<record>
  <date>2019-11-27T11:49:18</date>
  <millis>1574835558226</millis>
  <sequence>117</sequence>
  <level>START</level>
  <class>com.kms.katalon.core.logging.XmlKeywordLogger</class>
  <method>startKeyword</method>
  <thread>1</thread>
  <message>Start action : verifyElementPropertyValue(response, str + \&amp;quot;statusMessage\&amp;quot;, testdatapath.getValue(12, i))</message>
  <nestedLevel>2</nestedLevel>
  <property name="startLine">32</property>
  <property name="stepIndex">5</property>
</record>
<record>
  <date>2019-11-27T11:49:18</date>
  <millis>1574835558358</millis>
  <sequence>119</sequence>
  <level>PASSED</level>
  <class>com.kms.katalon.core.logging.XmlKeywordLogger</class>
  <method>logMessage</method>
  <thread>1</thread>
  <message>Verify element property value successfully</message>
  <nestedLevel>1</nestedLevel>
</record>
<record>
  <date>2019-11-27T11:49:18</date>
  <millis>1574835558394</millis>
  <sequence>120</sequence>
  <level>END</level>
  <class>com.kms.katalon.core.logging.XmlKeywordLogger</class>
  <method>endKeyword</method>
  <thread>1</thread>
  <message>End action : verifyElementPropertyValue(response, str + \&amp;quot;statusMessage\&amp;quot;, testdatapath.getValue(12, i))</message>
  <nestedLevel>2</nestedLevel>
</record>
<record>
  <date>2019-11-27T11:49:18</date>
  <millis>1574835558396</millis>
  <sequence>121</sequence>
  <level>START</level>
  <class>com.kms.katalon.core.logging.XmlKeywordLogger</class>
  <method>startKeyword</method>
  <thread>1</thread>
  <message>Start action : verifyElementPropertyValue(response, str + \&amp;quot;severity\&amp;quot;, testdatapath.getValue(13, i))</message>
  <nestedLevel>2</nestedLevel>
  <property name="startLine">34</property>
  <property name="stepIndex">6</property>
</record>
<record>
  <date>2019-11-27T11:49:18</date>
  <millis>1574835558480</millis>
  <sequence>123</sequence>
  <level>PASSED</level>
  <class>com.kms.katalon.core.logging.XmlKeywordLogger</class>
  <method>logMessage</method>
  <thread>1</thread>
  <message>Verify element property value successfully</message>
  <nestedLevel>1</nestedLevel>
</record>
<record>
  <date>2019-11-27T11:49:18</date>
  <millis>1574835558480</millis>
  <sequence>124</sequence>
  <level>END</level>
  <class>com.kms.katalon.core.logging.XmlKeywordLogger</class>
  <method>endKeyword</method>
  <thread>1</thread>
  <message>End action : verifyElementPropertyValue(response, str + \&amp;quot;severity\&amp;quot;, testdatapath.getValue(13, i))</message>
  <nestedLevel>2</nestedLevel>
</record>
<record>
  <date>2019-11-27T11:49:18</date>
  <millis>1574835558481</millis>
  <sequence>125</sequence>
  <level>END</level>
  <class>com.kms.katalon.core.logging.XmlKeywordLogger</class>
  <method>endKeyword</method>
  <thread>1</thread>
  <message>End action : for ([i = 3, i &amp;lt; 4, (i++)])</message>
  <nestedLevel>1</nestedLevel>
</record>
<record>
  <date>2019-11-27T11:49:18</date>
  <millis>1574835558481</millis>
  <sequence>126</sequence>
  <level>PASSED</level>
  <class>com.kms.katalon.core.logging.XmlKeywordLogger</class>
  <method>logMessage</method>
  <thread>1</thread>
  <message>Test Cases/Delete Restraint Merchant Auth/Delete Restraint Merchant Auth record with non blank product code and account no fields and all other blank input fields</message>
  <nestedLevel>1</nestedLevel>
</record>
<record>
  <date>2019-11-27T11:49:18</date>
  <millis>1574835558483</millis>
  <sequence>127</sequence>
  <level>END</level>
  <class>com.kms.katalon.core.logging.XmlKeywordLogger</class>
  <method>endTest</method>
  <thread>1</thread>
  <message>End Test Case : Test Cases/Delete Restraint Merchant Auth/Delete Restraint Merchant Auth record with non blank product code and account no fields and all other blank input fields</message>
  <nestedLevel>0</nestedLevel>
</record>
<record>
  <date>2019-11-27T11:49:18</date>
  <millis>1574835558501</millis>
  <sequence>128</sequence>
  <level>START</level>
  <class>com.kms.katalon.core.logging.XmlKeywordLogger</class>
  <method>startTest</method>
  <thread>1</thread>
  <message>Start Test Case : Test Cases/Delete Restraint Merchant Auth/Delete Restraint Merchant Auth record with non blank input fields Invalid placed date</message>
  <nestedLevel>1</nestedLevel>
  <property name="name">Test Cases/Delete Restraint Merchant Auth/Delete Restraint Merchant Auth record with non blank input fields Invalid placed date</property>
  <property name="description"></property>
  <property name="id">Test Cases/Delete Restraint Merchant Auth/Delete Restraint Merchant Auth record with non blank input fields Invalid placed date</property>
  <property name="source">C:\\Users\\khaja.h\\Katalon Studio\\Z-Connect\\Test Cases\\Delete Restraint Merchant Auth\\Delete Restraint Merchant Auth record with non blank input fields Invalid placed date.tc</property>
  <property name="isOptional">false</property>
</record>
<record>
  <date>2019-11-27T11:49:19</date>
  <millis>1574835559096</millis>
  <sequence>130</sequence>
  <level>START</level>
  <class>com.kms.katalon.core.logging.XmlKeywordLogger</class>
  <method>startKeyword</method>
  <thread>1</thread>
  <message>Start action : str = \&amp;quot;deleteRestraintMerchantAuthServiceOperationResponse.RESPONSE.Output.xStatus.\&amp;quot;</message>
  <nestedLevel>1</nestedLevel>
  <property name="startLine">16</property>
  <property name="stepIndex">1</property>
</record>
<record>
  <date>2019-11-27T11:49:19</date>
  <millis>1574835559097</millis>
  <sequence>131</sequence>
  <level>END</level>
  <class>com.kms.katalon.core.logging.XmlKeywordLogger</class>
  <method>endKeyword</method>
  <thread>1</thread>
  <message>End action : str = \&amp;quot;deleteRestraintMerchantAuthServiceOperationResponse.RESPONSE.Output.xStatus.\&amp;quot;</message>
  <nestedLevel>1</nestedLevel>
</record>
<record>
  <date>2019-11-27T11:49:19</date>
  <millis>1574835559098</millis>
  <sequence>132</sequence>
  <level>START</level>
  <class>com.kms.katalon.core.logging.XmlKeywordLogger</class>
  <method>startKeyword</method>
  <thread>1</thread>
  <message>Start action : testdatapath = findTestData(\&amp;quot;Z-Connect Test Data/Delete Restraint Merchant Auth_TestData\&amp;quot;)</message>
  <nestedLevel>1</nestedLevel>
  <property name="startLine">18</property>
  <property name="stepIndex">2</property>
</record>
<record>
  <date>2019-11-27T11:49:19</date>
  <millis>1574835559589</millis>
  <sequence>137</sequence>
  <level>END</level>
  <class>com.kms.katalon.core.logging.XmlKeywordLogger</class>
  <method>endKeyword</method>
  <thread>1</thread>
  <message>End action : testdatapath = findTestData(\&amp;quot;Z-Connect Test Data/Delete Restraint Merchant Auth_TestData\&amp;quot;)</message>
  <nestedLevel>1</nestedLevel>
</record>
<record>
  <date>2019-11-27T11:49:19</date>
  <millis>1574835559590</millis>
  <sequence>138</sequence>
  <level>START</level>
  <class>com.kms.katalon.core.logging.XmlKeywordLogger</class>
  <method>startKeyword</method>
  <thread>1</thread>
  <message>Start action : for ([i = 4, i &amp;lt; 5, (i++)])</message>
  <nestedLevel>1</nestedLevel>
  <property name="startLine">20</property>
  <property name="stepIndex">3</property>
</record>
<record>
  <date>2019-11-27T11:49:19</date>
  <millis>1574835559604</millis>
  <sequence>139</sequence>
  <level>START</level>
  <class>com.kms.katalon.core.logging.XmlKeywordLogger</class>
  <method>startKeyword</method>
  <thread>1</thread>
  <message>Start action : response = sendRequest(findTestObject(\&amp;quot;Delete Restraint Merchant Auth/Delete Restraint Merchant Auth record with non blank input fields Invalid placed date\&amp;quot;, [\&amp;quot;companyNbr\&amp;quot;:testdatapath.getValue(2, i), \&amp;quot;productCd\&amp;quot;:testdatapath.getValue(3, i), \&amp;quot;accountNbr\&amp;quot;:testdatapath.getValue(4, i), ... ]))</message>
  <nestedLevel>2</nestedLevel>
  <property name="startLine">21</property>
  <property name="stepIndex">1</property>
</record>
<record>
  <date>2019-11-27T11:49:21</date>
  <millis>1574835561789</millis>
  <sequence>143</sequence>
  <level>INFO</level>
  <class>com.kms.katalon.core.logging.XmlKeywordLogger</class>
  <method>logMessage</method>
  <thread>1</thread>
  <message>HAR: C:\\Users\\khaja.h\\Katalon Studio\\Z-Connect\\Reports\\Delete Restraint Merchant Auth\\20191127_114848\\requests\\main\\3.har</message>
  <nestedLevel>1</nestedLevel>
  <property name="harId">49227ed6-fa81-43f4-8f34-5fe738eb6fa9</property>
</record>
<record>
  <date>2019-11-27T11:49:21</date>
  <millis>1574835561793</millis>
  <sequence>144</sequence>
  <level>PASSED</level>
  <class>com.kms.katalon.core.logging.XmlKeywordLogger</class>
  <method>logMessage</method>
  <thread>1</thread>
  <message>Send request successfully</message>
  <nestedLevel>1</nestedLevel>
</record>
<record>
  <date>2019-11-27T11:49:21</date>
  <millis>1574835561794</millis>
  <sequence>145</sequence>
  <level>END</level>
  <class>com.kms.katalon.core.logging.XmlKeywordLogger</class>
  <method>endKeyword</method>
  <thread>1</thread>
  <message>End action : response = sendRequest(findTestObject(\&amp;quot;Delete Restraint Merchant Auth/Delete Restraint Merchant Auth record with non blank input fields Invalid placed date\&amp;quot;, [\&amp;quot;companyNbr\&amp;quot;:testdatapath.getValue(2, i), \&amp;quot;productCd\&amp;quot;:testdatapath.getValue(3, i), \&amp;quot;accountNbr\&amp;quot;:testdatapath.getValue(4, i), ... ]))</message>
  <nestedLevel>2</nestedLevel>
</record>
<record>
  <date>2019-11-27T11:49:21</date>
  <millis>1574835561795</millis>
  <sequence>146</sequence>
  <level>START</level>
  <class>com.kms.katalon.core.logging.XmlKeywordLogger</class>
  <method>startKeyword</method>
  <thread>1</thread>
  <message>Start action : verifyResponseStatusCode(response, 200)</message>
  <nestedLevel>2</nestedLevel>
  <property name="startLine">26</property>
  <property name="stepIndex">2</property>
</record>
<record>
  <date>2019-11-27T11:49:21</date>
  <millis>1574835561797</millis>
  <sequence>148</sequence>
  <level>PASSED</level>
  <class>com.kms.katalon.core.logging.XmlKeywordLogger</class>
  <method>logMessage</method>
  <thread>1</thread>
  <message>Verify response status code successfully</message>
  <nestedLevel>1</nestedLevel>
</record>
<record>
  <date>2019-11-27T11:49:21</date>
  <millis>1574835561798</millis>
  <sequence>149</sequence>
  <level>END</level>
  <class>com.kms.katalon.core.logging.XmlKeywordLogger</class>
  <method>endKeyword</method>
  <thread>1</thread>
  <message>End action : verifyResponseStatusCode(response, 200)</message>
  <nestedLevel>2</nestedLevel>
</record>
<record>
  <date>2019-11-27T11:49:21</date>
  <millis>1574835561798</millis>
  <sequence>150</sequence>
  <level>START</level>
  <class>com.kms.katalon.core.logging.XmlKeywordLogger</class>
  <method>startKeyword</method>
  <thread>1</thread>
  <message>Start action : verifyElementPropertyValue(response, str + \&amp;quot;applicationCd\&amp;quot;, testdatapath.getValue(10, i))</message>
  <nestedLevel>2</nestedLevel>
  <property name="startLine">28</property>
  <property name="stepIndex">3</property>
</record>
<record>
  <date>2019-11-27T11:49:21</date>
  <millis>1574835561894</millis>
  <sequence>152</sequence>
  <level>PASSED</level>
  <class>com.kms.katalon.core.logging.XmlKeywordLogger</class>
  <method>logMessage</method>
  <thread>1</thread>
  <message>Verify element property value successfully</message>
  <nestedLevel>1</nestedLevel>
</record>
<record>
  <date>2019-11-27T11:49:21</date>
  <millis>1574835561895</millis>
  <sequence>153</sequence>
  <level>END</level>
  <class>com.kms.katalon.core.logging.XmlKeywordLogger</class>
  <method>endKeyword</method>
  <thread>1</thread>
  <message>End action : verifyElementPropertyValue(response, str + \&amp;quot;applicationCd\&amp;quot;, testdatapath.getValue(10, i))</message>
  <nestedLevel>2</nestedLevel>
</record>
<record>
  <date>2019-11-27T11:49:21</date>
  <millis>1574835561896</millis>
  <sequence>154</sequence>
  <level>START</level>
  <class>com.kms.katalon.core.logging.XmlKeywordLogger</class>
  <method>startKeyword</method>
  <thread>1</thread>
  <message>Start action : verifyElementPropertyValue(response, str + \&amp;quot;statusCd\&amp;quot;, testdatapath.getValue(11, i))</message>
  <nestedLevel>2</nestedLevel>
  <property name="startLine">30</property>
  <property name="stepIndex">4</property>
</record>
<record>
  <date>2019-11-27T11:49:22</date>
  <millis>1574835562034</millis>
  <sequence>156</sequence>
  <level>PASSED</level>
  <class>com.kms.katalon.core.logging.XmlKeywordLogger</class>
  <method>logMessage</method>
  <thread>1</thread>
  <message>Verify element property value successfully</message>
  <nestedLevel>1</nestedLevel>
</record>
<record>
  <date>2019-11-27T11:49:22</date>
  <millis>1574835562035</millis>
  <sequence>157</sequence>
  <level>END</level>
  <class>com.kms.katalon.core.logging.XmlKeywordLogger</class>
  <method>endKeyword</method>
  <thread>1</thread>
  <message>End action : verifyElementPropertyValue(response, str + \&amp;quot;statusCd\&amp;quot;, testdatapath.getValue(11, i))</message>
  <nestedLevel>2</nestedLevel>
</record>
<record>
  <date>2019-11-27T11:49:22</date>
  <millis>1574835562036</millis>
  <sequence>158</sequence>
  <level>START</level>
  <class>com.kms.katalon.core.logging.XmlKeywordLogger</class>
  <method>startKeyword</method>
  <thread>1</thread>
  <message>Start action : verifyElementPropertyValue(response, str + \&amp;quot;statusMessage\&amp;quot;, testdatapath.getValue(12, i))</message>
  <nestedLevel>2</nestedLevel>
  <property name="startLine">32</property>
  <property name="stepIndex">5</property>
</record>
<record>
  <date>2019-11-27T11:49:22</date>
  <millis>1574835562231</millis>
  <sequence>160</sequence>
  <level>PASSED</level>
  <class>com.kms.katalon.core.logging.XmlKeywordLogger</class>
  <method>logMessage</method>
  <thread>1</thread>
  <message>Verify element property value successfully</message>
  <nestedLevel>1</nestedLevel>
</record>
<record>
  <date>2019-11-27T11:49:22</date>
  <millis>1574835562233</millis>
  <sequence>161</sequence>
  <level>END</level>
  <class>com.kms.katalon.core.logging.XmlKeywordLogger</class>
  <method>endKeyword</method>
  <thread>1</thread>
  <message>End action : verifyElementPropertyValue(response, str + \&amp;quot;statusMessage\&amp;quot;, testdatapath.getValue(12, i))</message>
  <nestedLevel>2</nestedLevel>
</record>
<record>
  <date>2019-11-27T11:49:22</date>
  <millis>1574835562234</millis>
  <sequence>162</sequence>
  <level>START</level>
  <class>com.kms.katalon.core.logging.XmlKeywordLogger</class>
  <method>startKeyword</method>
  <thread>1</thread>
  <message>Start action : verifyElementPropertyValue(response, str + \&amp;quot;severity\&amp;quot;, testdatapath.getValue(13, i))</message>
  <nestedLevel>2</nestedLevel>
  <property name="startLine">34</property>
  <property name="stepIndex">6</property>
</record>
<record>
  <date>2019-11-27T11:49:22</date>
  <millis>1574835562433</millis>
  <sequence>164</sequence>
  <level>PASSED</level>
  <class>com.kms.katalon.core.logging.XmlKeywordLogger</class>
  <method>logMessage</method>
  <thread>1</thread>
  <message>Verify element property value successfully</message>
  <nestedLevel>1</nestedLevel>
</record>
<record>
  <date>2019-11-27T11:49:22</date>
  <millis>1574835562433</millis>
  <sequence>165</sequence>
  <level>END</level>
  <class>com.kms.katalon.core.logging.XmlKeywordLogger</class>
  <method>endKeyword</method>
  <thread>1</thread>
  <message>End action : verifyElementPropertyValue(response, str + \&amp;quot;severity\&amp;quot;, testdatapath.getValue(13, i))</message>
  <nestedLevel>2</nestedLevel>
</record>
<record>
  <date>2019-11-27T11:49:22</date>
  <millis>1574835562434</millis>
  <sequence>166</sequence>
  <level>END</level>
  <class>com.kms.katalon.core.logging.XmlKeywordLogger</class>
  <method>endKeyword</method>
  <thread>1</thread>
  <message>End action : for ([i = 4, i &amp;lt; 5, (i++)])</message>
  <nestedLevel>1</nestedLevel>
</record>
<record>
  <date>2019-11-27T11:49:22</date>
  <millis>1574835562434</millis>
  <sequence>167</sequence>
  <level>PASSED</level>
  <class>com.kms.katalon.core.logging.XmlKeywordLogger</class>
  <method>logMessage</method>
  <thread>1</thread>
  <message>Test Cases/Delete Restraint Merchant Auth/Delete Restraint Merchant Auth record with non blank input fields Invalid placed date</message>
  <nestedLevel>1</nestedLevel>
</record>
<record>
  <date>2019-11-27T11:49:22</date>
  <millis>1574835562436</millis>
  <sequence>168</sequence>
  <level>END</level>
  <class>com.kms.katalon.core.logging.XmlKeywordLogger</class>
  <method>endTest</method>
  <thread>1</thread>
  <message>End Test Case : Test Cases/Delete Restraint Merchant Auth/Delete Restraint Merchant Auth record with non blank input fields Invalid placed date</message>
  <nestedLevel>0</nestedLevel>
</record>
<record>
  <date>2019-11-27T11:49:22</date>
  <millis>1574835562531</millis>
  <sequence>169</sequence>
  <level>START</level>
  <class>com.kms.katalon.core.logging.XmlKeywordLogger</class>
  <method>startTest</method>
  <thread>1</thread>
  <message>Start Test Case : Test Cases/Delete Restraint Merchant Auth/Delete Restraint Merchant Auth record with all valid non blank input fields and blank placed date</message>
  <nestedLevel>1</nestedLevel>
  <property name="name">Test Cases/Delete Restraint Merchant Auth/Delete Restraint Merchant Auth record with all valid non blank input fields and blank placed date</property>
  <property name="description"></property>
  <property name="id">Test Cases/Delete Restraint Merchant Auth/Delete Restraint Merchant Auth record with all valid non blank input fields and blank placed date</property>
  <property name="source">C:\\Users\\khaja.h\\Katalon Studio\\Z-Connect\\Test Cases\\Delete Restraint Merchant Auth\\Delete Restraint Merchant Auth record with all valid non blank input fields and blank placed date.tc</property>
  <property name="isOptional">false</property>
</record>
<record>
  <date>2019-11-27T11:49:23</date>
  <millis>1574835563324</millis>
  <sequence>171</sequence>
  <level>START</level>
  <class>com.kms.katalon.core.logging.XmlKeywordLogger</class>
  <method>startKeyword</method>
  <thread>1</thread>
  <message>Start action : str = \&amp;quot;deleteRestraintMerchantAuthServiceOperationResponse.RESPONSE.Output.xStatus.\&amp;quot;</message>
  <nestedLevel>1</nestedLevel>
  <property name="startLine">16</property>
  <property name="stepIndex">1</property>
</record>
<record>
  <date>2019-11-27T11:49:23</date>
  <millis>1574835563329</millis>
  <sequence>172</sequence>
  <level>END</level>
  <class>com.kms.katalon.core.logging.XmlKeywordLogger</class>
  <method>endKeyword</method>
  <thread>1</thread>
  <message>End action : str = \&amp;quot;deleteRestraintMerchantAuthServiceOperationResponse.RESPONSE.Output.xStatus.\&amp;quot;</message>
  <nestedLevel>1</nestedLevel>
</record>
<record>
  <date>2019-11-27T11:49:23</date>
  <millis>1574835563330</millis>
  <sequence>173</sequence>
  <level>START</level>
  <class>com.kms.katalon.core.logging.XmlKeywordLogger</class>
  <method>startKeyword</method>
  <thread>1</thread>
  <message>Start action : testdatapath = findTestData(\&amp;quot;Z-Connect Test Data/Delete Restraint Merchant Auth_TestData\&amp;quot;)</message>
  <nestedLevel>1</nestedLevel>
  <property name="startLine">18</property>
  <property name="stepIndex">2</property>
</record>
<record>
  <date>2019-11-27T11:49:23</date>
  <millis>1574835563797</millis>
  <sequence>178</sequence>
  <level>END</level>
  <class>com.kms.katalon.core.logging.XmlKeywordLogger</class>
  <method>endKeyword</method>
  <thread>1</thread>
  <message>End action : testdatapath = findTestData(\&amp;quot;Z-Connect Test Data/Delete Restraint Merchant Auth_TestData\&amp;quot;)</message>
  <nestedLevel>1</nestedLevel>
</record>
<record>
  <date>2019-11-27T11:49:23</date>
  <millis>1574835563798</millis>
  <sequence>179</sequence>
  <level>START</level>
  <class>com.kms.katalon.core.logging.XmlKeywordLogger</class>
  <method>startKeyword</method>
  <thread>1</thread>
  <message>Start action : for ([i = 5, i &amp;lt; 6, (i++)])</message>
  <nestedLevel>1</nestedLevel>
  <property name="startLine">20</property>
  <property name="stepIndex">3</property>
</record>
<record>
  <date>2019-11-27T11:49:23</date>
  <millis>1574835563801</millis>
  <sequence>180</sequence>
  <level>START</level>
  <class>com.kms.katalon.core.logging.XmlKeywordLogger</class>
  <method>startKeyword</method>
  <thread>1</thread>
  <message>Start action : response = sendRequest(findTestObject(\&amp;quot;Delete Restraint Merchant Auth/Delete Restraint Merchant Auth record with all valid non blank input fields and blank placed date\&amp;quot;, [\&amp;quot;companyNbr\&amp;quot;:testdatapath.getValue(2, i), \&amp;quot;productCd\&amp;quot;:testdatapath.getValue(3, i), \&amp;quot;accountNbr\&amp;quot;:testdatapath.getValue(4, i), ... ]))</message>
  <nestedLevel>2</nestedLevel>
  <property name="startLine">21</property>
  <property name="stepIndex">1</property>
</record>
<record>
  <date>2019-11-27T11:49:26</date>
  <millis>1574835566543</millis>
  <sequence>184</sequence>
  <level>INFO</level>
  <class>com.kms.katalon.core.logging.XmlKeywordLogger</class>
  <method>logMessage</method>
  <thread>1</thread>
  <message>HAR: C:\\Users\\khaja.h\\Katalon Studio\\Z-Connect\\Reports\\Delete Restraint Merchant Auth\\20191127_114848\\requests\\main\\4.har</message>
  <nestedLevel>1</nestedLevel>
  <property name="harId">e7075d8c-d9c3-44d9-aede-670aa55ac87d</property>
</record>
<record>
  <date>2019-11-27T11:49:26</date>
  <millis>1574835566547</millis>
  <sequence>185</sequence>
  <level>PASSED</level>
  <class>com.kms.katalon.core.logging.XmlKeywordLogger</class>
  <method>logMessage</method>
  <thread>1</thread>
  <message>Send request successfully</message>
  <nestedLevel>1</nestedLevel>
</record>
<record>
  <date>2019-11-27T11:49:26</date>
  <millis>1574835566549</millis>
  <sequence>186</sequence>
  <level>END</level>
  <class>com.kms.katalon.core.logging.XmlKeywordLogger</class>
  <method>endKeyword</method>
  <thread>1</thread>
  <message>End action : response = sendRequest(findTestObject(\&amp;quot;Delete Restraint Merchant Auth/Delete Restraint Merchant Auth record with all valid non blank input fields and blank placed date\&amp;quot;, [\&amp;quot;companyNbr\&amp;quot;:testdatapath.getValue(2, i), \&amp;quot;productCd\&amp;quot;:testdatapath.getValue(3, i), \&amp;quot;accountNbr\&amp;quot;:testdatapath.getValue(4, i), ... ]))</message>
  <nestedLevel>2</nestedLevel>
</record>
<record>
  <date>2019-11-27T11:49:26</date>
  <millis>1574835566550</millis>
  <sequence>187</sequence>
  <level>START</level>
  <class>com.kms.katalon.core.logging.XmlKeywordLogger</class>
  <method>startKeyword</method>
  <thread>1</thread>
  <message>Start action : verifyResponseStatusCode(response, 200)</message>
  <nestedLevel>2</nestedLevel>
  <property name="startLine">26</property>
  <property name="stepIndex">2</property>
</record>
<record>
  <date>2019-11-27T11:49:26</date>
  <millis>1574835566551</millis>
  <sequence>189</sequence>
  <level>PASSED</level>
  <class>com.kms.katalon.core.logging.XmlKeywordLogger</class>
  <method>logMessage</method>
  <thread>1</thread>
  <message>Verify response status code successfully</message>
  <nestedLevel>1</nestedLevel>
</record>
<record>
  <date>2019-11-27T11:49:26</date>
  <millis>1574835566552</millis>
  <sequence>190</sequence>
  <level>END</level>
  <class>com.kms.katalon.core.logging.XmlKeywordLogger</class>
  <method>endKeyword</method>
  <thread>1</thread>
  <message>End action : verifyResponseStatusCode(response, 200)</message>
  <nestedLevel>2</nestedLevel>
</record>
<record>
  <date>2019-11-27T11:49:26</date>
  <millis>1574835566553</millis>
  <sequence>191</sequence>
  <level>START</level>
  <class>com.kms.katalon.core.logging.XmlKeywordLogger</class>
  <method>startKeyword</method>
  <thread>1</thread>
  <message>Start action : verifyElementPropertyValue(response, str + \&amp;quot;applicationCd\&amp;quot;, testdatapath.getValue(10, i))</message>
  <nestedLevel>2</nestedLevel>
  <property name="startLine">28</property>
  <property name="stepIndex">3</property>
</record>
<record>
  <date>2019-11-27T11:49:26</date>
  <millis>1574835566611</millis>
  <sequence>193</sequence>
  <level>PASSED</level>
  <class>com.kms.katalon.core.logging.XmlKeywordLogger</class>
  <method>logMessage</method>
  <thread>1</thread>
  <message>Verify element property value successfully</message>
  <nestedLevel>1</nestedLevel>
</record>
<record>
  <date>2019-11-27T11:49:26</date>
  <millis>1574835566612</millis>
  <sequence>194</sequence>
  <level>END</level>
  <class>com.kms.katalon.core.logging.XmlKeywordLogger</class>
  <method>endKeyword</method>
  <thread>1</thread>
  <message>End action : verifyElementPropertyValue(response, str + \&amp;quot;applicationCd\&amp;quot;, testdatapath.getValue(10, i))</message>
  <nestedLevel>2</nestedLevel>
</record>
<record>
  <date>2019-11-27T11:49:26</date>
  <millis>1574835566612</millis>
  <sequence>195</sequence>
  <level>START</level>
  <class>com.kms.katalon.core.logging.XmlKeywordLogger</class>
  <method>startKeyword</method>
  <thread>1</thread>
  <message>Start action : verifyElementPropertyValue(response, str + \&amp;quot;statusCd\&amp;quot;, testdatapath.getValue(11, i))</message>
  <nestedLevel>2</nestedLevel>
  <property name="startLine">30</property>
  <property name="stepIndex">4</property>
</record>
<record>
  <date>2019-11-27T11:49:26</date>
  <millis>1574835566704</millis>
  <sequence>197</sequence>
  <level>PASSED</level>
  <class>com.kms.katalon.core.logging.XmlKeywordLogger</class>
  <method>logMessage</method>
  <thread>1</thread>
  <message>Verify element property value successfully</message>
  <nestedLevel>1</nestedLevel>
</record>
<record>
  <date>2019-11-27T11:49:26</date>
  <millis>1574835566705</millis>
  <sequence>198</sequence>
  <level>END</level>
  <class>com.kms.katalon.core.logging.XmlKeywordLogger</class>
  <method>endKeyword</method>
  <thread>1</thread>
  <message>End action : verifyElementPropertyValue(response, str + \&amp;quot;statusCd\&amp;quot;, testdatapath.getValue(11, i))</message>
  <nestedLevel>2</nestedLevel>
</record>
<record>
  <date>2019-11-27T11:49:26</date>
  <millis>1574835566706</millis>
  <sequence>199</sequence>
  <level>START</level>
  <class>com.kms.katalon.core.logging.XmlKeywordLogger</class>
  <method>startKeyword</method>
  <thread>1</thread>
  <message>Start action : verifyElementPropertyValue(response, str + \&amp;quot;statusMessage\&amp;quot;, testdatapath.getValue(12, i))</message>
  <nestedLevel>2</nestedLevel>
  <property name="startLine">32</property>
  <property name="stepIndex">5</property>
</record>
<record>
  <date>2019-11-27T11:49:26</date>
  <millis>1574835566788</millis>
  <sequence>201</sequence>
  <level>PASSED</level>
  <class>com.kms.katalon.core.logging.XmlKeywordLogger</class>
  <method>logMessage</method>
  <thread>1</thread>
  <message>Verify element property value successfully</message>
  <nestedLevel>1</nestedLevel>
</record>
<record>
  <date>2019-11-27T11:49:26</date>
  <millis>1574835566789</millis>
  <sequence>202</sequence>
  <level>END</level>
  <class>com.kms.katalon.core.logging.XmlKeywordLogger</class>
  <method>endKeyword</method>
  <thread>1</thread>
  <message>End action : verifyElementPropertyValue(response, str + \&amp;quot;statusMessage\&amp;quot;, testdatapath.getValue(12, i))</message>
  <nestedLevel>2</nestedLevel>
</record>
<record>
  <date>2019-11-27T11:49:26</date>
  <millis>1574835566790</millis>
  <sequence>203</sequence>
  <level>START</level>
  <class>com.kms.katalon.core.logging.XmlKeywordLogger</class>
  <method>startKeyword</method>
  <thread>1</thread>
  <message>Start action : verifyElementPropertyValue(response, str + \&amp;quot;severity\&amp;quot;, testdatapath.getValue(13, i))</message>
  <nestedLevel>2</nestedLevel>
  <property name="startLine">34</property>
  <property name="stepIndex">6</property>
</record>
<record>
  <date>2019-11-27T11:49:26</date>
  <millis>1574835566867</millis>
  <sequence>205</sequence>
  <level>PASSED</level>
  <class>com.kms.katalon.core.logging.XmlKeywordLogger</class>
  <method>logMessage</method>
  <thread>1</thread>
  <message>Verify element property value successfully</message>
  <nestedLevel>1</nestedLevel>
</record>
<record>
  <date>2019-11-27T11:49:26</date>
  <millis>1574835566867</millis>
  <sequence>206</sequence>
  <level>END</level>
  <class>com.kms.katalon.core.logging.XmlKeywordLogger</class>
  <method>endKeyword</method>
  <thread>1</thread>
  <message>End action : verifyElementPropertyValue(response, str + \&amp;quot;severity\&amp;quot;, testdatapath.getValue(13, i))</message>
  <nestedLevel>2</nestedLevel>
</record>
<record>
  <date>2019-11-27T11:49:26</date>
  <millis>1574835566868</millis>
  <sequence>207</sequence>
  <level>END</level>
  <class>com.kms.katalon.core.logging.XmlKeywordLogger</class>
  <method>endKeyword</method>
  <thread>1</thread>
  <message>End action : for ([i = 5, i &amp;lt; 6, (i++)])</message>
  <nestedLevel>1</nestedLevel>
</record>
<record>
  <date>2019-11-27T11:49:26</date>
  <millis>1574835566868</millis>
  <sequence>208</sequence>
  <level>PASSED</level>
  <class>com.kms.katalon.core.logging.XmlKeywordLogger</class>
  <method>logMessage</method>
  <thread>1</thread>
  <message>Test Cases/Delete Restraint Merchant Auth/Delete Restraint Merchant Auth record with all valid non blank input fields and blank placed date</message>
  <nestedLevel>1</nestedLevel>
</record>
<record>
  <date>2019-11-27T11:49:26</date>
  <millis>1574835566870</millis>
  <sequence>209</sequence>
  <level>END</level>
  <class>com.kms.katalon.core.logging.XmlKeywordLogger</class>
  <method>endTest</method>
  <thread>1</thread>
  <message>End Test Case : Test Cases/Delete Restraint Merchant Auth/Delete Restraint Merchant Auth record with all valid non blank input fields and blank placed date</message>
  <nestedLevel>0</nestedLevel>
</record>
<record>
  <date>2019-11-27T11:49:26</date>
  <millis>1574835566906</millis>
  <sequence>210</sequence>
  <level>START</level>
  <class>com.kms.katalon.core.logging.XmlKeywordLogger</class>
  <method>startTest</method>
  <thread>1</thread>
  <message>Start Test Case : Test Cases/Delete Restraint Merchant Auth/Delete Restraint Merchant Auth record with all valid non blank input fields</message>
  <nestedLevel>1</nestedLevel>
  <property name="name">Test Cases/Delete Restraint Merchant Auth/Delete Restraint Merchant Auth record with all valid non blank input fields</property>
  <property name="description"></property>
  <property name="id">Test Cases/Delete Restraint Merchant Auth/Delete Restraint Merchant Auth record with all valid non blank input fields</property>
  <property name="source">C:\\Users\\khaja.h\\Katalon Studio\\Z-Connect\\Test Cases\\Delete Restraint Merchant Auth\\Delete Restraint Merchant Auth record with all valid non blank input fields.tc</property>
  <property name="isOptional">false</property>
</record>
<record>
  <date>2019-11-27T11:49:27</date>
  <millis>1574835567367</millis>
  <sequence>212</sequence>
  <level>START</level>
  <class>com.kms.katalon.core.logging.XmlKeywordLogger</class>
  <method>startKeyword</method>
  <thread>1</thread>
  <message>Start action : str = \&amp;quot;deleteRestraintMerchantAuthServiceOperationResponse.RESPONSE.Output.xStatus.\&amp;quot;</message>
  <nestedLevel>1</nestedLevel>
  <property name="startLine">16</property>
  <property name="stepIndex">1</property>
</record>
<record>
  <date>2019-11-27T11:49:27</date>
  <millis>1574835567368</millis>
  <sequence>213</sequence>
  <level>END</level>
  <class>com.kms.katalon.core.logging.XmlKeywordLogger</class>
  <method>endKeyword</method>
  <thread>1</thread>
  <message>End action : str = \&amp;quot;deleteRestraintMerchantAuthServiceOperationResponse.RESPONSE.Output.xStatus.\&amp;quot;</message>
  <nestedLevel>1</nestedLevel>
</record>
<record>
  <date>2019-11-27T11:49:27</date>
  <millis>1574835567369</millis>
  <sequence>214</sequence>
  <level>START</level>
  <class>com.kms.katalon.core.logging.XmlKeywordLogger</class>
  <method>startKeyword</method>
  <thread>1</thread>
  <message>Start action : testdatapath = findTestData(\&amp;quot;Z-Connect Test Data/Delete Restraint Merchant Auth_TestData\&amp;quot;)</message>
  <nestedLevel>1</nestedLevel>
  <property name="startLine">18</property>
  <property name="stepIndex">2</property>
</record>
<record>
  <date>2019-11-27T11:49:27</date>
  <millis>1574835567770</millis>
  <sequence>219</sequence>
  <level>END</level>
  <class>com.kms.katalon.core.logging.XmlKeywordLogger</class>
  <method>endKeyword</method>
  <thread>1</thread>
  <message>End action : testdatapath = findTestData(\&amp;quot;Z-Connect Test Data/Delete Restraint Merchant Auth_TestData\&amp;quot;)</message>
  <nestedLevel>1</nestedLevel>
</record>
<record>
  <date>2019-11-27T11:49:27</date>
  <millis>1574835567770</millis>
  <sequence>220</sequence>
  <level>START</level>
  <class>com.kms.katalon.core.logging.XmlKeywordLogger</class>
  <method>startKeyword</method>
  <thread>1</thread>
  <message>Start action : for ([i = 6, i &amp;lt; 7, (i++)])</message>
  <nestedLevel>1</nestedLevel>
  <property name="startLine">20</property>
  <property name="stepIndex">3</property>
</record>
<record>
  <date>2019-11-27T11:49:27</date>
  <millis>1574835567783</millis>
  <sequence>221</sequence>
  <level>START</level>
  <class>com.kms.katalon.core.logging.XmlKeywordLogger</class>
  <method>startKeyword</method>
  <thread>1</thread>
  <message>Start action : response = sendRequest(findTestObject(\&amp;quot;Delete Restraint Merchant Auth/Delete Restraint Merchant Auth record with all valid non blank input fields\&amp;quot;, [\&amp;quot;companyNbr\&amp;quot;:testdatapath.getValue(2, i), \&amp;quot;productCd\&amp;quot;:testdatapath.getValue(3, i), \&amp;quot;accountNbr\&amp;quot;:testdatapath.getValue(4, i), ... ]))</message>
  <nestedLevel>2</nestedLevel>
  <property name="startLine">21</property>
  <property name="stepIndex">1</property>
</record>
<record>
  <date>2019-11-27T11:49:29</date>
  <millis>1574835569940</millis>
  <sequence>225</sequence>
  <level>INFO</level>
  <class>com.kms.katalon.core.logging.XmlKeywordLogger</class>
  <method>logMessage</method>
  <thread>1</thread>
  <message>HAR: C:\\Users\\khaja.h\\Katalon Studio\\Z-Connect\\Reports\\Delete Restraint Merchant Auth\\20191127_114848\\requests\\main\\5.har</message>
  <nestedLevel>1</nestedLevel>
  <property name="harId">14f6c126-7311-4230-bc95-9de067daab1e</property>
</record>
<record>
  <date>2019-11-27T11:49:29</date>
  <millis>1574835569944</millis>
  <sequence>226</sequence>
  <level>PASSED</level>
  <class>com.kms.katalon.core.logging.XmlKeywordLogger</class>
  <method>logMessage</method>
  <thread>1</thread>
  <message>Send request successfully</message>
  <nestedLevel>1</nestedLevel>
</record>
<record>
  <date>2019-11-27T11:49:29</date>
  <millis>1574835569945</millis>
  <sequence>227</sequence>
  <level>END</level>
  <class>com.kms.katalon.core.logging.XmlKeywordLogger</class>
  <method>endKeyword</method>
  <thread>1</thread>
  <message>End action : response = sendRequest(findTestObject(\&amp;quot;Delete Restraint Merchant Auth/Delete Restraint Merchant Auth record with all valid non blank input fields\&amp;quot;, [\&amp;quot;companyNbr\&amp;quot;:testdatapath.getValue(2, i), \&amp;quot;productCd\&amp;quot;:testdatapath.getValue(3, i), \&amp;quot;accountNbr\&amp;quot;:testdatapath.getValue(4, i), ... ]))</message>
  <nestedLevel>2</nestedLevel>
</record>
<record>
  <date>2019-11-27T11:49:29</date>
  <millis>1574835569946</millis>
  <sequence>228</sequence>
  <level>START</level>
  <class>com.kms.katalon.core.logging.XmlKeywordLogger</class>
  <method>startKeyword</method>
  <thread>1</thread>
  <message>Start action : verifyResponseStatusCode(response, 200)</message>
  <nestedLevel>2</nestedLevel>
  <property name="startLine">26</property>
  <property name="stepIndex">2</property>
</record>
<record>
  <date>2019-11-27T11:49:29</date>
  <millis>1574835569948</millis>
  <sequence>230</sequence>
  <level>PASSED</level>
  <class>com.kms.katalon.core.logging.XmlKeywordLogger</class>
  <method>logMessage</method>
  <thread>1</thread>
  <message>Verify response status code successfully</message>
  <nestedLevel>1</nestedLevel>
</record>
<record>
  <date>2019-11-27T11:49:29</date>
  <millis>1574835569949</millis>
  <sequence>231</sequence>
  <level>END</level>
  <class>com.kms.katalon.core.logging.XmlKeywordLogger</class>
  <method>endKeyword</method>
  <thread>1</thread>
  <message>End action : verifyResponseStatusCode(response, 200)</message>
  <nestedLevel>2</nestedLevel>
</record>
<record>
  <date>2019-11-27T11:49:29</date>
  <millis>1574835569949</millis>
  <sequence>232</sequence>
  <level>START</level>
  <class>com.kms.katalon.core.logging.XmlKeywordLogger</class>
  <method>startKeyword</method>
  <thread>1</thread>
  <message>Start action : verifyElementPropertyValue(response, str + \&amp;quot;applicationCd\&amp;quot;, testdatapath.getValue(10, i))</message>
  <nestedLevel>2</nestedLevel>
  <property name="startLine">28</property>
  <property name="stepIndex">3</property>
</record>
<record>
  <date>2019-11-27T11:49:30</date>
  <millis>1574835570014</millis>
  <sequence>234</sequence>
  <level>PASSED</level>
  <class>com.kms.katalon.core.logging.XmlKeywordLogger</class>
  <method>logMessage</method>
  <thread>1</thread>
  <message>Verify element property value successfully</message>
  <nestedLevel>1</nestedLevel>
</record>
<record>
  <date>2019-11-27T11:49:30</date>
  <millis>1574835570015</millis>
  <sequence>235</sequence>
  <level>END</level>
  <class>com.kms.katalon.core.logging.XmlKeywordLogger</class>
  <method>endKeyword</method>
  <thread>1</thread>
  <message>End action : verifyElementPropertyValue(response, str + \&amp;quot;applicationCd\&amp;quot;, testdatapath.getValue(10, i))</message>
  <nestedLevel>2</nestedLevel>
</record>
<record>
  <date>2019-11-27T11:49:30</date>
  <millis>1574835570015</millis>
  <sequence>236</sequence>
  <level>START</level>
  <class>com.kms.katalon.core.logging.XmlKeywordLogger</class>
  <method>startKeyword</method>
  <thread>1</thread>
  <message>Start action : verifyElementPropertyValue(response, str + \&amp;quot;statusCd\&amp;quot;, testdatapath.getValue(11, i))</message>
  <nestedLevel>2</nestedLevel>
  <property name="startLine">30</property>
  <property name="stepIndex">4</property>
</record>
<record>
  <date>2019-11-27T11:49:30</date>
  <millis>1574835570131</millis>
  <sequence>238</sequence>
  <level>PASSED</level>
  <class>com.kms.katalon.core.logging.XmlKeywordLogger</class>
  <method>logMessage</method>
  <thread>1</thread>
  <message>Verify element property value successfully</message>
  <nestedLevel>1</nestedLevel>
</record>
<record>
  <date>2019-11-27T11:49:30</date>
  <millis>1574835570133</millis>
  <sequence>239</sequence>
  <level>END</level>
  <class>com.kms.katalon.core.logging.XmlKeywordLogger</class>
  <method>endKeyword</method>
  <thread>1</thread>
  <message>End action : verifyElementPropertyValue(response, str + \&amp;quot;statusCd\&amp;quot;, testdatapath.getValue(11, i))</message>
  <nestedLevel>2</nestedLevel>
</record>
<record>
  <date>2019-11-27T11:49:30</date>
  <millis>1574835570134</millis>
  <sequence>240</sequence>
  <level>START</level>
  <class>com.kms.katalon.core.logging.XmlKeywordLogger</class>
  <method>startKeyword</method>
  <thread>1</thread>
  <message>Start action : verifyElementPropertyValue(response, str + \&amp;quot;statusMessage\&amp;quot;, testdatapath.getValue(12, i))</message>
  <nestedLevel>2</nestedLevel>
  <property name="startLine">32</property>
  <property name="stepIndex">5</property>
</record>
<record>
  <date>2019-11-27T11:49:30</date>
  <millis>1574835570185</millis>
  <sequence>242</sequence>
  <level>PASSED</level>
  <class>com.kms.katalon.core.logging.XmlKeywordLogger</class>
  <method>logMessage</method>
  <thread>1</thread>
  <message>Verify element property value successfully</message>
  <nestedLevel>1</nestedLevel>
</record>
<record>
  <date>2019-11-27T11:49:30</date>
  <millis>1574835570186</millis>
  <sequence>243</sequence>
  <level>END</level>
  <class>com.kms.katalon.core.logging.XmlKeywordLogger</class>
  <method>endKeyword</method>
  <thread>1</thread>
  <message>End action : verifyElementPropertyValue(response, str + \&amp;quot;statusMessage\&amp;quot;, testdatapath.getValue(12, i))</message>
  <nestedLevel>2</nestedLevel>
</record>
<record>
  <date>2019-11-27T11:49:30</date>
  <millis>1574835570186</millis>
  <sequence>244</sequence>
  <level>START</level>
  <class>com.kms.katalon.core.logging.XmlKeywordLogger</class>
  <method>startKeyword</method>
  <thread>1</thread>
  <message>Start action : verifyElementPropertyValue(response, str + \&amp;quot;severity\&amp;quot;, testdatapath.getValue(13, i))</message>
  <nestedLevel>2</nestedLevel>
  <property name="startLine">34</property>
  <property name="stepIndex">6</property>
</record>
<record>
  <date>2019-11-27T11:49:30</date>
  <millis>1574835570260</millis>
  <sequence>246</sequence>
  <level>PASSED</level>
  <class>com.kms.katalon.core.logging.XmlKeywordLogger</class>
  <method>logMessage</method>
  <thread>1</thread>
  <message>Verify element property value successfully</message>
  <nestedLevel>1</nestedLevel>
</record>
<record>
  <date>2019-11-27T11:49:30</date>
  <millis>1574835570261</millis>
  <sequence>247</sequence>
  <level>END</level>
  <class>com.kms.katalon.core.logging.XmlKeywordLogger</class>
  <method>endKeyword</method>
  <thread>1</thread>
  <message>End action : verifyElementPropertyValue(response, str + \&amp;quot;severity\&amp;quot;, testdatapath.getValue(13, i))</message>
  <nestedLevel>2</nestedLevel>
</record>
<record>
  <date>2019-11-27T11:49:30</date>
  <millis>1574835570261</millis>
  <sequence>248</sequence>
  <level>END</level>
  <class>com.kms.katalon.core.logging.XmlKeywordLogger</class>
  <method>endKeyword</method>
  <thread>1</thread>
  <message>End action : for ([i = 6, i &amp;lt; 7, (i++)])</message>
  <nestedLevel>1</nestedLevel>
</record>
<record>
  <date>2019-11-27T11:49:30</date>
  <millis>1574835570262</millis>
  <sequence>249</sequence>
  <level>PASSED</level>
  <class>com.kms.katalon.core.logging.XmlKeywordLogger</class>
  <method>logMessage</method>
  <thread>1</thread>
  <message>Test Cases/Delete Restraint Merchant Auth/Delete Restraint Merchant Auth record with all valid non blank input fields</message>
  <nestedLevel>1</nestedLevel>
</record>
<record>
  <date>2019-11-27T11:49:30</date>
  <millis>1574835570263</millis>
  <sequence>250</sequence>
  <level>END</level>
  <class>com.kms.katalon.core.logging.XmlKeywordLogger</class>
  <method>endTest</method>
  <thread>1</thread>
  <message>End Test Case : Test Cases/Delete Restraint Merchant Auth/Delete Restraint Merchant Auth record with all valid non blank input fields</message>
  <nestedLevel>0</nestedLevel>
</record>
<record>
  <date>2019-11-27T11:49:30</date>
  <millis>1574835570287</millis>
  <sequence>251</sequence>
  <level>START</level>
  <class>com.kms.katalon.core.logging.XmlKeywordLogger</class>
  <method>startTest</method>
  <thread>1</thread>
  <message>Start Test Case : Test Cases/Delete Restraint Merchant Auth/Delete Restraint Merchant Auth record with all valid non blank input fields for an non-existing record</message>
  <nestedLevel>1</nestedLevel>
  <property name="name">Test Cases/Delete Restraint Merchant Auth/Delete Restraint Merchant Auth record with all valid non blank input fields for an non-existing record</property>
  <property name="description"></property>
  <property name="id">Test Cases/Delete Restraint Merchant Auth/Delete Restraint Merchant Auth record with all valid non blank input fields for an non-existing record</property>
  <property name="source">C:\\Users\\khaja.h\\Katalon Studio\\Z-Connect\\Test Cases\\Delete Restraint Merchant Auth\\Delete Restraint Merchant Auth record with all valid non blank input fields for an non-existing record.tc</property>
  <property name="isOptional">false</property>
</record>
<record>
  <date>2019-11-27T11:49:30</date>
  <millis>1574835570874</millis>
  <sequence>253</sequence>
  <level>START</level>
  <class>com.kms.katalon.core.logging.XmlKeywordLogger</class>
  <method>startKeyword</method>
  <thread>1</thread>
  <message>Start action : str = \&amp;quot;deleteRestraintMerchantAuthServiceOperationResponse.RESPONSE.Output.xStatus.\&amp;quot;</message>
  <nestedLevel>1</nestedLevel>
  <property name="startLine">16</property>
  <property name="stepIndex">1</property>
</record>
<record>
  <date>2019-11-27T11:49:30</date>
  <millis>1574835570875</millis>
  <sequence>254</sequence>
  <level>END</level>
  <class>com.kms.katalon.core.logging.XmlKeywordLogger</class>
  <method>endKeyword</method>
  <thread>1</thread>
  <message>End action : str = \&amp;quot;deleteRestraintMerchantAuthServiceOperationResponse.RESPONSE.Output.xStatus.\&amp;quot;</message>
  <nestedLevel>1</nestedLevel>
</record>
<record>
  <date>2019-11-27T11:49:30</date>
  <millis>1574835570876</millis>
  <sequence>255</sequence>
  <level>START</level>
  <class>com.kms.katalon.core.logging.XmlKeywordLogger</class>
  <method>startKeyword</method>
  <thread>1</thread>
  <message>Start action : testdatapath = findTestData(\&amp;quot;Z-Connect Test Data/Delete Restraint Merchant Auth_TestData\&amp;quot;)</message>
  <nestedLevel>1</nestedLevel>
  <property name="startLine">18</property>
  <property name="stepIndex">2</property>
</record>
<record>
  <date>2019-11-27T11:49:31</date>
  <millis>1574835571211</millis>
  <sequence>260</sequence>
  <level>END</level>
  <class>com.kms.katalon.core.logging.XmlKeywordLogger</class>
  <method>endKeyword</method>
  <thread>1</thread>
  <message>End action : testdatapath = findTestData(\&amp;quot;Z-Connect Test Data/Delete Restraint Merchant Auth_TestData\&amp;quot;)</message>
  <nestedLevel>1</nestedLevel>
</record>
<record>
  <date>2019-11-27T11:49:31</date>
  <millis>1574835571212</millis>
  <sequence>261</sequence>
  <level>START</level>
  <class>com.kms.katalon.core.logging.XmlKeywordLogger</class>
  <method>startKeyword</method>
  <thread>1</thread>
  <message>Start action : for ([i = 7, i &amp;lt; 8, (i++)])</message>
  <nestedLevel>1</nestedLevel>
  <property name="startLine">20</property>
  <property name="stepIndex">3</property>
</record>
<record>
  <date>2019-11-27T11:49:31</date>
  <millis>1574835571238</millis>
  <sequence>262</sequence>
  <level>START</level>
  <class>com.kms.katalon.core.logging.XmlKeywordLogger</class>
  <method>startKeyword</method>
  <thread>1</thread>
  <message>Start action : response = sendRequest(findTestObject(\&amp;quot;Delete Restraint Merchant Auth/Delete Restraint Merchant Auth record with all valid non blank input fields for an non-existing record\&amp;quot;, [\&amp;quot;companyNbr\&amp;quot;:testdatapath.getValue(2, i), \&amp;quot;productCd\&amp;quot;:testdatapath.getValue(3, i), \&amp;quot;accountNbr\&amp;quot;:testdatapath.getValue(4, i), ... ]))</message>
  <nestedLevel>2</nestedLevel>
  <property name="startLine">21</property>
  <property name="stepIndex">1</property>
</record>
<record>
  <date>2019-11-27T11:49:33</date>
  <millis>1574835573406</millis>
  <sequence>266</sequence>
  <level>INFO</level>
  <class>com.kms.katalon.core.logging.XmlKeywordLogger</class>
  <method>logMessage</method>
  <thread>1</thread>
  <message>HAR: C:\\Users\\khaja.h\\Katalon Studio\\Z-Connect\\Reports\\Delete Restraint Merchant Auth\\20191127_114848\\requests\\main\\6.har</message>
  <nestedLevel>1</nestedLevel>
  <property name="harId">2efdcadb-edda-468f-b69f-b6ebb8782dc2</property>
</record>
<record>
  <date>2019-11-27T11:49:33</date>
  <millis>1574835573409</millis>
  <sequence>267</sequence>
  <level>PASSED</level>
  <class>com.kms.katalon.core.logging.XmlKeywordLogger</class>
  <method>logMessage</method>
  <thread>1</thread>
  <message>Send request successfully</message>
  <nestedLevel>1</nestedLevel>
</record>
<record>
  <date>2019-11-27T11:49:33</date>
  <millis>1574835573411</millis>
  <sequence>268</sequence>
  <level>END</level>
  <class>com.kms.katalon.core.logging.XmlKeywordLogger</class>
  <method>endKeyword</method>
  <thread>1</thread>
  <message>End action : response = sendRequest(findTestObject(\&amp;quot;Delete Restraint Merchant Auth/Delete Restraint Merchant Auth record with all valid non blank input fields for an non-existing record\&amp;quot;, [\&amp;quot;companyNbr\&amp;quot;:testdatapath.getValue(2, i), \&amp;quot;productCd\&amp;quot;:testdatapath.getValue(3, i), \&amp;quot;accountNbr\&amp;quot;:testdatapath.getValue(4, i), ... ]))</message>
  <nestedLevel>2</nestedLevel>
</record>
<record>
  <date>2019-11-27T11:49:33</date>
  <millis>1574835573412</millis>
  <sequence>269</sequence>
  <level>START</level>
  <class>com.kms.katalon.core.logging.XmlKeywordLogger</class>
  <method>startKeyword</method>
  <thread>1</thread>
  <message>Start action : verifyResponseStatusCode(response, 200)</message>
  <nestedLevel>2</nestedLevel>
  <property name="startLine">26</property>
  <property name="stepIndex">2</property>
</record>
<record>
  <date>2019-11-27T11:49:33</date>
  <millis>1574835573413</millis>
  <sequence>271</sequence>
  <level>PASSED</level>
  <class>com.kms.katalon.core.logging.XmlKeywordLogger</class>
  <method>logMessage</method>
  <thread>1</thread>
  <message>Verify response status code successfully</message>
  <nestedLevel>1</nestedLevel>
</record>
<record>
  <date>2019-11-27T11:49:33</date>
  <millis>1574835573414</millis>
  <sequence>272</sequence>
  <level>END</level>
  <class>com.kms.katalon.core.logging.XmlKeywordLogger</class>
  <method>endKeyword</method>
  <thread>1</thread>
  <message>End action : verifyResponseStatusCode(response, 200)</message>
  <nestedLevel>2</nestedLevel>
</record>
<record>
  <date>2019-11-27T11:49:33</date>
  <millis>1574835573414</millis>
  <sequence>273</sequence>
  <level>START</level>
  <class>com.kms.katalon.core.logging.XmlKeywordLogger</class>
  <method>startKeyword</method>
  <thread>1</thread>
  <message>Start action : verifyElementPropertyValue(response, str + \&amp;quot;applicationCd\&amp;quot;, testdatapath.getValue(10, i))</message>
  <nestedLevel>2</nestedLevel>
  <property name="startLine">28</property>
  <property name="stepIndex">3</property>
</record>
<record>
  <date>2019-11-27T11:49:33</date>
  <millis>1574835573496</millis>
  <sequence>275</sequence>
  <level>PASSED</level>
  <class>com.kms.katalon.core.logging.XmlKeywordLogger</class>
  <method>logMessage</method>
  <thread>1</thread>
  <message>Verify element property value successfully</message>
  <nestedLevel>1</nestedLevel>
</record>
<record>
  <date>2019-11-27T11:49:33</date>
  <millis>1574835573498</millis>
  <sequence>276</sequence>
  <level>END</level>
  <class>com.kms.katalon.core.logging.XmlKeywordLogger</class>
  <method>endKeyword</method>
  <thread>1</thread>
  <message>End action : verifyElementPropertyValue(response, str + \&amp;quot;applicationCd\&amp;quot;, testdatapath.getValue(10, i))</message>
  <nestedLevel>2</nestedLevel>
</record>
<record>
  <date>2019-11-27T11:49:33</date>
  <millis>1574835573498</millis>
  <sequence>277</sequence>
  <level>START</level>
  <class>com.kms.katalon.core.logging.XmlKeywordLogger</class>
  <method>startKeyword</method>
  <thread>1</thread>
  <message>Start action : verifyElementPropertyValue(response, str + \&amp;quot;statusCd\&amp;quot;, testdatapath.getValue(11, i))</message>
  <nestedLevel>2</nestedLevel>
  <property name="startLine">30</property>
  <property name="stepIndex">4</property>
</record>
<record>
  <date>2019-11-27T11:49:33</date>
  <millis>1574835573562</millis>
  <sequence>279</sequence>
  <level>PASSED</level>
  <class>com.kms.katalon.core.logging.XmlKeywordLogger</class>
  <method>logMessage</method>
  <thread>1</thread>
  <message>Verify element property value successfully</message>
  <nestedLevel>1</nestedLevel>
</record>
<record>
  <date>2019-11-27T11:49:33</date>
  <millis>1574835573563</millis>
  <sequence>280</sequence>
  <level>END</level>
  <class>com.kms.katalon.core.logging.XmlKeywordLogger</class>
  <method>endKeyword</method>
  <thread>1</thread>
  <message>End action : verifyElementPropertyValue(response, str + \&amp;quot;statusCd\&amp;quot;, testdatapath.getValue(11, i))</message>
  <nestedLevel>2</nestedLevel>
</record>
<record>
  <date>2019-11-27T11:49:33</date>
  <millis>1574835573585</millis>
  <sequence>281</sequence>
  <level>START</level>
  <class>com.kms.katalon.core.logging.XmlKeywordLogger</class>
  <method>startKeyword</method>
  <thread>1</thread>
  <message>Start action : verifyElementPropertyValue(response, str + \&amp;quot;statusMessage\&amp;quot;, testdatapath.getValue(12, i))</message>
  <nestedLevel>2</nestedLevel>
  <property name="startLine">32</property>
  <property name="stepIndex">5</property>
</record>
<record>
  <date>2019-11-27T11:49:33</date>
  <millis>1574835573681</millis>
  <sequence>283</sequence>
  <level>PASSED</level>
  <class>com.kms.katalon.core.logging.XmlKeywordLogger</class>
  <method>logMessage</method>
  <thread>1</thread>
  <message>Verify element property value successfully</message>
  <nestedLevel>1</nestedLevel>
</record>
<record>
  <date>2019-11-27T11:49:33</date>
  <millis>1574835573682</millis>
  <sequence>284</sequence>
  <level>END</level>
  <class>com.kms.katalon.core.logging.XmlKeywordLogger</class>
  <method>endKeyword</method>
  <thread>1</thread>
  <message>End action : verifyElementPropertyValue(response, str + \&amp;quot;statusMessage\&amp;quot;, testdatapath.getValue(12, i))</message>
  <nestedLevel>2</nestedLevel>
</record>
<record>
  <date>2019-11-27T11:49:33</date>
  <millis>1574835573683</millis>
  <sequence>285</sequence>
  <level>START</level>
  <class>com.kms.katalon.core.logging.XmlKeywordLogger</class>
  <method>startKeyword</method>
  <thread>1</thread>
  <message>Start action : verifyElementPropertyValue(response, str + \&amp;quot;severity\&amp;quot;, testdatapath.getValue(13, i))</message>
  <nestedLevel>2</nestedLevel>
  <property name="startLine">34</property>
  <property name="stepIndex">6</property>
</record>
<record>
  <date>2019-11-27T11:49:33</date>
  <millis>1574835573755</millis>
  <sequence>287</sequence>
  <level>PASSED</level>
  <class>com.kms.katalon.core.logging.XmlKeywordLogger</class>
  <method>logMessage</method>
  <thread>1</thread>
  <message>Verify element property value successfully</message>
  <nestedLevel>1</nestedLevel>
</record>
<record>
  <date>2019-11-27T11:49:33</date>
  <millis>1574835573755</millis>
  <sequence>288</sequence>
  <level>END</level>
  <class>com.kms.katalon.core.logging.XmlKeywordLogger</class>
  <method>endKeyword</method>
  <thread>1</thread>
  <message>End action : verifyElementPropertyValue(response, str + \&amp;quot;severity\&amp;quot;, testdatapath.getValue(13, i))</message>
  <nestedLevel>2</nestedLevel>
</record>
<record>
  <date>2019-11-27T11:49:33</date>
  <millis>1574835573756</millis>
  <sequence>289</sequence>
  <level>END</level>
  <class>com.kms.katalon.core.logging.XmlKeywordLogger</class>
  <method>endKeyword</method>
  <thread>1</thread>
  <message>End action : for ([i = 7, i &amp;lt; 8, (i++)])</message>
  <nestedLevel>1</nestedLevel>
</record>
<record>
  <date>2019-11-27T11:49:33</date>
  <millis>1574835573756</millis>
  <sequence>290</sequence>
  <level>PASSED</level>
  <class>com.kms.katalon.core.logging.XmlKeywordLogger</class>
  <method>logMessage</method>
  <thread>1</thread>
  <message>Test Cases/Delete Restraint Merchant Auth/Delete Restraint Merchant Auth record with all valid non blank input fields for an non-existing record</message>
  <nestedLevel>1</nestedLevel>
</record>
<record>
  <date>2019-11-27T11:49:33</date>
  <millis>1574835573757</millis>
  <sequence>291</sequence>
  <level>END</level>
  <class>com.kms.katalon.core.logging.XmlKeywordLogger</class>
  <method>endTest</method>
  <thread>1</thread>
  <message>End Test Case : Test Cases/Delete Restraint Merchant Auth/Delete Restraint Merchant Auth record with all valid non blank input fields for an non-existing record</message>
  <nestedLevel>0</nestedLevel>
</record>
<record>
  <date>2019-11-27T11:49:33</date>
  <millis>1574835573876</millis>
  <sequence>292</sequence>
  <level>END</level>
  <class>com.kms.katalon.core.logging.XmlKeywordLogger</class>
  <method>endSuite</method>
  <thread>1</thread>
  <message>End Test Suite : Test Suites/Delete Restraint Merchant Auth</message>
  <nestedLevel>0</nestedLevel>
</record>
</log>