<?xml version="1.0" encoding="UTF-8" standalone="no"?>
<!DOCTYPE log SYSTEM "logger.dtd">
<log>
<record>
  <date>2019-11-27T11:41:07</date>
  <millis>1574835067978</millis>
  <sequence>0</sequence>
  <level>START</level>
  <class>com.kms.katalon.core.logging.XmlKeywordLogger</class>
  <method>startSuite</method>
  <thread>1</thread>
  <message>Start Test Suite : Test Suites/Delete Restraint Merchant Auth</message>
  <nestedLevel>0</nestedLevel>
  <property name="name">Delete Restraint Merchant Auth</property>
  <property name="description"></property>
  <property name="id">Test Suites/Delete Restraint Merchant Auth</property>
</record>
<record>
  <date>2019-11-27T11:41:08</date>
  <millis>1574835068371</millis>
  <sequence>1</sequence>
  <level>RUN_DATA</level>
  <class>com.kms.katalon.core.logging.XmlKeywordLogger</class>
  <method>logMessage</method>
  <thread>1</thread>
  <message>hostName = khaja.h - LP-5CD7465GP0.HCLT.CORP.HCL.IN</message>
  <nestedLevel>0</nestedLevel>
  <property name="hostName">khaja.h - LP-5CD7465GP0.HCLT.CORP.HCL.IN</property>
</record>
<record>
  <date>2019-11-27T11:41:08</date>
  <millis>1574835068372</millis>
  <sequence>2</sequence>
  <level>RUN_DATA</level>
  <class>com.kms.katalon.core.logging.XmlKeywordLogger</class>
  <method>logMessage</method>
  <thread>1</thread>
  <message>os = Windows 10 64bit</message>
  <nestedLevel>0</nestedLevel>
  <property name="os">Windows 10 64bit</property>
</record>
<record>
  <date>2019-11-27T11:41:08</date>
  <millis>1574835068373</millis>
  <sequence>3</sequence>
  <level>RUN_DATA</level>
  <class>com.kms.katalon.core.logging.XmlKeywordLogger</class>
  <method>logMessage</method>
  <thread>1</thread>
  <message>hostAddress = 20.195.11.18</message>
  <nestedLevel>0</nestedLevel>
  <property name="hostAddress">20.195.11.18</property>
</record>
<record>
  <date>2019-11-27T11:41:08</date>
  <millis>1574835068398</millis>
  <sequence>4</sequence>
  <level>RUN_DATA</level>
  <class>com.kms.katalon.core.logging.XmlKeywordLogger</class>
  <method>logMessage</method>
  <thread>1</thread>
  <message>katalonVersion = 5.10.1.1</message>
  <nestedLevel>0</nestedLevel>
  <property name="katalonVersion">5.10.1.1</property>
</record>
<record>
  <date>2019-11-27T11:41:09</date>
  <millis>1574835069060</millis>
  <sequence>5</sequence>
  <level>START</level>
  <class>com.kms.katalon.core.logging.XmlKeywordLogger</class>
  <method>startTest</method>
  <thread>1</thread>
  <message>Start Test Case : Test Cases/Delete Restraint Merchant Auth/Delete Restraint Merchant Auth record with all blank input fields</message>
  <nestedLevel>1</nestedLevel>
  <property name="name">Test Cases/Delete Restraint Merchant Auth/Delete Restraint Merchant Auth record with all blank input fields</property>
  <property name="description"></property>
  <property name="id">Test Cases/Delete Restraint Merchant Auth/Delete Restraint Merchant Auth record with all blank input fields</property>
  <property name="source">C:\\Users\\khaja.h\\Katalon Studio\\Z-Connect\\Test Cases\\Delete Restraint Merchant Auth\\Delete Restraint Merchant Auth record with all blank input fields.tc</property>
  <property name="isOptional">false</property>
</record>
<record>
  <date>2019-11-27T11:41:09</date>
  <millis>1574835069875</millis>
  <sequence>7</sequence>
  <level>START</level>
  <class>com.kms.katalon.core.logging.XmlKeywordLogger</class>
  <method>startKeyword</method>
  <thread>1</thread>
  <message>Start action : str = \&amp;quot;deleteRestraintMerchantAuthServiceOperationResponse.RESPONSE.Output.xStatus.\&amp;quot;</message>
  <nestedLevel>1</nestedLevel>
  <property name="startLine">16</property>
  <property name="stepIndex">1</property>
</record>
<record>
  <date>2019-11-27T11:41:09</date>
  <millis>1574835069879</millis>
  <sequence>8</sequence>
  <level>END</level>
  <class>com.kms.katalon.core.logging.XmlKeywordLogger</class>
  <method>endKeyword</method>
  <thread>1</thread>
  <message>End action : str = \&amp;quot;deleteRestraintMerchantAuthServiceOperationResponse.RESPONSE.Output.xStatus.\&amp;quot;</message>
  <nestedLevel>1</nestedLevel>
</record>
<record>
  <date>2019-11-27T11:41:09</date>
  <millis>1574835069880</millis>
  <sequence>9</sequence>
  <level>START</level>
  <class>com.kms.katalon.core.logging.XmlKeywordLogger</class>
  <method>startKeyword</method>
  <thread>1</thread>
  <message>Start action : testdatapath = findTestData(\&amp;quot;Z-Connect Test Data/Delete Restraint Merchant Auth_TestData\&amp;quot;)</message>
  <nestedLevel>1</nestedLevel>
  <property name="startLine">18</property>
  <property name="stepIndex">2</property>
</record>
<record>
  <date>2019-11-27T11:41:14</date>
  <millis>1574835074289</millis>
  <sequence>14</sequence>
  <level>END</level>
  <class>com.kms.katalon.core.logging.XmlKeywordLogger</class>
  <method>endKeyword</method>
  <thread>1</thread>
  <message>End action : testdatapath = findTestData(\&amp;quot;Z-Connect Test Data/Delete Restraint Merchant Auth_TestData\&amp;quot;)</message>
  <nestedLevel>1</nestedLevel>
</record>
<record>
  <date>2019-11-27T11:41:14</date>
  <millis>1574835074289</millis>
  <sequence>15</sequence>
  <level>START</level>
  <class>com.kms.katalon.core.logging.XmlKeywordLogger</class>
  <method>startKeyword</method>
  <thread>1</thread>
  <message>Start action : for ([i = 1, i &amp;lt; 2, (i++)])</message>
  <nestedLevel>1</nestedLevel>
  <property name="startLine">20</property>
  <property name="stepIndex">3</property>
</record>
<record>
  <date>2019-11-27T11:41:14</date>
  <millis>1574835074291</millis>
  <sequence>16</sequence>
  <level>START</level>
  <class>com.kms.katalon.core.logging.XmlKeywordLogger</class>
  <method>startKeyword</method>
  <thread>1</thread>
  <message>Start action : response = sendRequest(findTestObject(\&amp;quot;Delete Restraint Merchant Auth/Delete Restraint Merchant Auth record with all blank input fields\&amp;quot;, [\&amp;quot;companyNbr\&amp;quot;:testdatapath.getValue(2, i), \&amp;quot;productCd\&amp;quot;:testdatapath.getValue(3, i), \&amp;quot;accountNbr\&amp;quot;:testdatapath.getValue(4, i), ... ]))</message>
  <nestedLevel>2</nestedLevel>
  <property name="startLine">21</property>
  <property name="stepIndex">1</property>
</record>
<record>
  <date>2019-11-27T11:41:31</date>
  <millis>1574835091851</millis>
  <sequence>20</sequence>
  <level>INFO</level>
  <class>com.kms.katalon.core.logging.XmlKeywordLogger</class>
  <method>logMessage</method>
  <thread>1</thread>
  <message>HAR: C:\\Users\\khaja.h\\Katalon Studio\\Z-Connect\\Reports\\Delete Restraint Merchant Auth\\20191127_114055\\requests\\main\\0.har</message>
  <nestedLevel>1</nestedLevel>
  <property name="harId">06ccca51-d2e6-478e-9686-1d9fbb25dae5</property>
</record>
<record>
  <date>2019-11-27T11:41:32</date>
  <millis>1574835092121</millis>
  <sequence>21</sequence>
  <level>PASSED</level>
  <class>com.kms.katalon.core.logging.XmlKeywordLogger</class>
  <method>logMessage</method>
  <thread>1</thread>
  <message>Send request successfully</message>
  <nestedLevel>1</nestedLevel>
</record>
<record>
  <date>2019-11-27T11:41:32</date>
  <millis>1574835092122</millis>
  <sequence>22</sequence>
  <level>END</level>
  <class>com.kms.katalon.core.logging.XmlKeywordLogger</class>
  <method>endKeyword</method>
  <thread>1</thread>
  <message>End action : response = sendRequest(findTestObject(\&amp;quot;Delete Restraint Merchant Auth/Delete Restraint Merchant Auth record with all blank input fields\&amp;quot;, [\&amp;quot;companyNbr\&amp;quot;:testdatapath.getValue(2, i), \&amp;quot;productCd\&amp;quot;:testdatapath.getValue(3, i), \&amp;quot;accountNbr\&amp;quot;:testdatapath.getValue(4, i), ... ]))</message>
  <nestedLevel>2</nestedLevel>
</record>
<record>
  <date>2019-11-27T11:41:32</date>
  <millis>1574835092123</millis>
  <sequence>23</sequence>
  <level>START</level>
  <class>com.kms.katalon.core.logging.XmlKeywordLogger</class>
  <method>startKeyword</method>
  <thread>1</thread>
  <message>Start action : verifyResponseStatusCode(response, 200)</message>
  <nestedLevel>2</nestedLevel>
  <property name="startLine">26</property>
  <property name="stepIndex">2</property>
</record>
<record>
  <date>2019-11-27T11:41:32</date>
  <millis>1574835092149</millis>
  <sequence>25</sequence>
  <level>PASSED</level>
  <class>com.kms.katalon.core.logging.XmlKeywordLogger</class>
  <method>logMessage</method>
  <thread>1</thread>
  <message>Verify response status code successfully</message>
  <nestedLevel>1</nestedLevel>
</record>
<record>
  <date>2019-11-27T11:41:32</date>
  <millis>1574835092150</millis>
  <sequence>26</sequence>
  <level>END</level>
  <class>com.kms.katalon.core.logging.XmlKeywordLogger</class>
  <method>endKeyword</method>
  <thread>1</thread>
  <message>End action : verifyResponseStatusCode(response, 200)</message>
  <nestedLevel>2</nestedLevel>
</record>
<record>
  <date>2019-11-27T11:41:32</date>
  <millis>1574835092151</millis>
  <sequence>27</sequence>
  <level>START</level>
  <class>com.kms.katalon.core.logging.XmlKeywordLogger</class>
  <method>startKeyword</method>
  <thread>1</thread>
  <message>Start action : verifyElementPropertyValue(response, str + \&amp;quot;applicationCd\&amp;quot;, testdatapath.getValue(10, i))</message>
  <nestedLevel>2</nestedLevel>
  <property name="startLine">28</property>
  <property name="stepIndex">3</property>
</record>
<record>
  <date>2019-11-27T11:41:32</date>
  <millis>1574835092421</millis>
  <sequence>29</sequence>
  <level>PASSED</level>
  <class>com.kms.katalon.core.logging.XmlKeywordLogger</class>
  <method>logMessage</method>
  <thread>1</thread>
  <message>Verify element property value successfully</message>
  <nestedLevel>1</nestedLevel>
</record>
<record>
  <date>2019-11-27T11:41:32</date>
  <millis>1574835092423</millis>
  <sequence>30</sequence>
  <level>END</level>
  <class>com.kms.katalon.core.logging.XmlKeywordLogger</class>
  <method>endKeyword</method>
  <thread>1</thread>
  <message>End action : verifyElementPropertyValue(response, str + \&amp;quot;applicationCd\&amp;quot;, testdatapath.getValue(10, i))</message>
  <nestedLevel>2</nestedLevel>
</record>
<record>
  <date>2019-11-27T11:41:32</date>
  <millis>1574835092424</millis>
  <sequence>31</sequence>
  <level>START</level>
  <class>com.kms.katalon.core.logging.XmlKeywordLogger</class>
  <method>startKeyword</method>
  <thread>1</thread>
  <message>Start action : verifyElementPropertyValue(response, str + \&amp;quot;statusCd\&amp;quot;, testdatapath.getValue(11, i))</message>
  <nestedLevel>2</nestedLevel>
  <property name="startLine">30</property>
  <property name="stepIndex">4</property>
</record>
<record>
  <date>2019-11-27T11:41:32</date>
  <millis>1574835092550</millis>
  <sequence>33</sequence>
  <level>PASSED</level>
  <class>com.kms.katalon.core.logging.XmlKeywordLogger</class>
  <method>logMessage</method>
  <thread>1</thread>
  <message>Verify element property value successfully</message>
  <nestedLevel>1</nestedLevel>
</record>
<record>
  <date>2019-11-27T11:41:32</date>
  <millis>1574835092558</millis>
  <sequence>34</sequence>
  <level>END</level>
  <class>com.kms.katalon.core.logging.XmlKeywordLogger</class>
  <method>endKeyword</method>
  <thread>1</thread>
  <message>End action : verifyElementPropertyValue(response, str + \&amp;quot;statusCd\&amp;quot;, testdatapath.getValue(11, i))</message>
  <nestedLevel>2</nestedLevel>
</record>
<record>
  <date>2019-11-27T11:41:32</date>
  <millis>1574835092559</millis>
  <sequence>35</sequence>
  <level>START</level>
  <class>com.kms.katalon.core.logging.XmlKeywordLogger</class>
  <method>startKeyword</method>
  <thread>1</thread>
  <message>Start action : verifyElementPropertyValue(response, str + \&amp;quot;statusMessage\&amp;quot;, testdatapath.getValue(12, i))</message>
  <nestedLevel>2</nestedLevel>
  <property name="startLine">32</property>
  <property name="stepIndex">5</property>
</record>
<record>
  <date>2019-11-27T11:41:32</date>
  <millis>1574835092661</millis>
  <sequence>37</sequence>
  <level>PASSED</level>
  <class>com.kms.katalon.core.logging.XmlKeywordLogger</class>
  <method>logMessage</method>
  <thread>1</thread>
  <message>Verify element property value successfully</message>
  <nestedLevel>1</nestedLevel>
</record>
<record>
  <date>2019-11-27T11:41:32</date>
  <millis>1574835092662</millis>
  <sequence>38</sequence>
  <level>END</level>
  <class>com.kms.katalon.core.logging.XmlKeywordLogger</class>
  <method>endKeyword</method>
  <thread>1</thread>
  <message>End action : verifyElementPropertyValue(response, str + \&amp;quot;statusMessage\&amp;quot;, testdatapath.getValue(12, i))</message>
  <nestedLevel>2</nestedLevel>
</record>
<record>
  <date>2019-11-27T11:41:32</date>
  <millis>1574835092663</millis>
  <sequence>39</sequence>
  <level>START</level>
  <class>com.kms.katalon.core.logging.XmlKeywordLogger</class>
  <method>startKeyword</method>
  <thread>1</thread>
  <message>Start action : verifyElementPropertyValue(response, str + \&amp;quot;severity\&amp;quot;, testdatapath.getValue(13, i))</message>
  <nestedLevel>2</nestedLevel>
  <property name="startLine">34</property>
  <property name="stepIndex">6</property>
</record>
<record>
  <date>2019-11-27T11:41:32</date>
  <millis>1574835092749</millis>
  <sequence>41</sequence>
  <level>PASSED</level>
  <class>com.kms.katalon.core.logging.XmlKeywordLogger</class>
  <method>logMessage</method>
  <thread>1</thread>
  <message>Verify element property value successfully</message>
  <nestedLevel>1</nestedLevel>
</record>
<record>
  <date>2019-11-27T11:41:32</date>
  <millis>1574835092750</millis>
  <sequence>42</sequence>
  <level>END</level>
  <class>com.kms.katalon.core.logging.XmlKeywordLogger</class>
  <method>endKeyword</method>
  <thread>1</thread>
  <message>End action : verifyElementPropertyValue(response, str + \&amp;quot;severity\&amp;quot;, testdatapath.getValue(13, i))</message>
  <nestedLevel>2</nestedLevel>
</record>
<record>
  <date>2019-11-27T11:41:32</date>
  <millis>1574835092751</millis>
  <sequence>43</sequence>
  <level>END</level>
  <class>com.kms.katalon.core.logging.XmlKeywordLogger</class>
  <method>endKeyword</method>
  <thread>1</thread>
  <message>End action : for ([i = 1, i &amp;lt; 2, (i++)])</message>
  <nestedLevel>1</nestedLevel>
</record>
<record>
  <date>2019-11-27T11:41:32</date>
  <millis>1574835092751</millis>
  <sequence>44</sequence>
  <level>PASSED</level>
  <class>com.kms.katalon.core.logging.XmlKeywordLogger</class>
  <method>logMessage</method>
  <thread>1</thread>
  <message>Test Cases/Delete Restraint Merchant Auth/Delete Restraint Merchant Auth record with all blank input fields</message>
  <nestedLevel>1</nestedLevel>
</record>
<record>
  <date>2019-11-27T11:41:32</date>
  <millis>1574835092755</millis>
  <sequence>45</sequence>
  <level>END</level>
  <class>com.kms.katalon.core.logging.XmlKeywordLogger</class>
  <method>endTest</method>
  <thread>1</thread>
  <message>End Test Case : Test Cases/Delete Restraint Merchant Auth/Delete Restraint Merchant Auth record with all blank input fields</message>
  <nestedLevel>0</nestedLevel>
</record>
<record>
  <date>2019-11-27T11:41:32</date>
  <millis>1574835092780</millis>
  <sequence>46</sequence>
  <level>START</level>
  <class>com.kms.katalon.core.logging.XmlKeywordLogger</class>
  <method>startTest</method>
  <thread>1</thread>
  <message>Start Test Case : Test Cases/Delete Restraint Merchant Auth/Delete Restraint Merchant Auth record with non blank account no and all other blank input fields</message>
  <nestedLevel>1</nestedLevel>
  <property name="name">Test Cases/Delete Restraint Merchant Auth/Delete Restraint Merchant Auth record with non blank account no and all other blank input fields</property>
  <property name="description"></property>
  <property name="id">Test Cases/Delete Restraint Merchant Auth/Delete Restraint Merchant Auth record with non blank account no and all other blank input fields</property>
  <property name="source">C:\\Users\\khaja.h\\Katalon Studio\\Z-Connect\\Test Cases\\Delete Restraint Merchant Auth\\Delete Restraint Merchant Auth record with non blank account no and all other blank input fields.tc</property>
  <property name="isOptional">false</property>
</record>
<record>
  <date>2019-11-27T11:41:33</date>
  <millis>1574835093431</millis>
  <sequence>48</sequence>
  <level>START</level>
  <class>com.kms.katalon.core.logging.XmlKeywordLogger</class>
  <method>startKeyword</method>
  <thread>1</thread>
  <message>Start action : str = \&amp;quot;deleteRestraintMerchantAuthServiceOperationResponse.RESPONSE.Output.xStatus.\&amp;quot;</message>
  <nestedLevel>1</nestedLevel>
  <property name="startLine">16</property>
  <property name="stepIndex">1</property>
</record>
<record>
  <date>2019-11-27T11:41:33</date>
  <millis>1574835093433</millis>
  <sequence>49</sequence>
  <level>END</level>
  <class>com.kms.katalon.core.logging.XmlKeywordLogger</class>
  <method>endKeyword</method>
  <thread>1</thread>
  <message>End action : str = \&amp;quot;deleteRestraintMerchantAuthServiceOperationResponse.RESPONSE.Output.xStatus.\&amp;quot;</message>
  <nestedLevel>1</nestedLevel>
</record>
<record>
  <date>2019-11-27T11:41:33</date>
  <millis>1574835093433</millis>
  <sequence>50</sequence>
  <level>START</level>
  <class>com.kms.katalon.core.logging.XmlKeywordLogger</class>
  <method>startKeyword</method>
  <thread>1</thread>
  <message>Start action : testdatapath = findTestData(\&amp;quot;Z-Connect Test Data/Delete Restraint Merchant Auth_TestData\&amp;quot;)</message>
  <nestedLevel>1</nestedLevel>
  <property name="startLine">18</property>
  <property name="stepIndex">2</property>
</record>
<record>
  <date>2019-11-27T11:41:34</date>
  <millis>1574835094389</millis>
  <sequence>55</sequence>
  <level>END</level>
  <class>com.kms.katalon.core.logging.XmlKeywordLogger</class>
  <method>endKeyword</method>
  <thread>1</thread>
  <message>End action : testdatapath = findTestData(\&amp;quot;Z-Connect Test Data/Delete Restraint Merchant Auth_TestData\&amp;quot;)</message>
  <nestedLevel>1</nestedLevel>
</record>
<record>
  <date>2019-11-27T11:41:34</date>
  <millis>1574835094390</millis>
  <sequence>56</sequence>
  <level>START</level>
  <class>com.kms.katalon.core.logging.XmlKeywordLogger</class>
  <method>startKeyword</method>
  <thread>1</thread>
  <message>Start action : for ([i = 2, i &amp;lt; 3, (i++)])</message>
  <nestedLevel>1</nestedLevel>
  <property name="startLine">20</property>
  <property name="stepIndex">3</property>
</record>
<record>
  <date>2019-11-27T11:41:34</date>
  <millis>1574835094392</millis>
  <sequence>57</sequence>
  <level>START</level>
  <class>com.kms.katalon.core.logging.XmlKeywordLogger</class>
  <method>startKeyword</method>
  <thread>1</thread>
  <message>Start action : response = sendRequest(findTestObject(\&amp;quot;Delete Restraint Merchant Auth/Delete Restraint Merchant Auth record with non blank account no and all other blank input fields\&amp;quot;, [\&amp;quot;companyNbr\&amp;quot;:testdatapath.getValue(2, i), \&amp;quot;productCd\&amp;quot;:testdatapath.getValue(3, i), \&amp;quot;accountNbr\&amp;quot;:testdatapath.getValue(4, i), ... ]))</message>
  <nestedLevel>2</nestedLevel>
  <property name="startLine">21</property>
  <property name="stepIndex">1</property>
</record>
<record>
  <date>2019-11-27T11:41:36</date>
  <millis>1574835096582</millis>
  <sequence>61</sequence>
  <level>INFO</level>
  <class>com.kms.katalon.core.logging.XmlKeywordLogger</class>
  <method>logMessage</method>
  <thread>1</thread>
  <message>HAR: C:\\Users\\khaja.h\\Katalon Studio\\Z-Connect\\Reports\\Delete Restraint Merchant Auth\\20191127_114055\\requests\\main\\1.har</message>
  <nestedLevel>1</nestedLevel>
  <property name="harId">09f08d1c-7a4b-475d-9d40-a58d47a305ab</property>
</record>
<record>
  <date>2019-11-27T11:41:36</date>
  <millis>1574835096588</millis>
  <sequence>62</sequence>
  <level>PASSED</level>
  <class>com.kms.katalon.core.logging.XmlKeywordLogger</class>
  <method>logMessage</method>
  <thread>1</thread>
  <message>Send request successfully</message>
  <nestedLevel>1</nestedLevel>
</record>
<record>
  <date>2019-11-27T11:41:36</date>
  <millis>1574835096589</millis>
  <sequence>63</sequence>
  <level>END</level>
  <class>com.kms.katalon.core.logging.XmlKeywordLogger</class>
  <method>endKeyword</method>
  <thread>1</thread>
  <message>End action : response = sendRequest(findTestObject(\&amp;quot;Delete Restraint Merchant Auth/Delete Restraint Merchant Auth record with non blank account no and all other blank input fields\&amp;quot;, [\&amp;quot;companyNbr\&amp;quot;:testdatapath.getValue(2, i), \&amp;quot;productCd\&amp;quot;:testdatapath.getValue(3, i), \&amp;quot;accountNbr\&amp;quot;:testdatapath.getValue(4, i), ... ]))</message>
  <nestedLevel>2</nestedLevel>
</record>
<record>
  <date>2019-11-27T11:41:36</date>
  <millis>1574835096589</millis>
  <sequence>64</sequence>
  <level>START</level>
  <class>com.kms.katalon.core.logging.XmlKeywordLogger</class>
  <method>startKeyword</method>
  <thread>1</thread>
  <message>Start action : verifyResponseStatusCode(response, 200)</message>
  <nestedLevel>2</nestedLevel>
  <property name="startLine">26</property>
  <property name="stepIndex">2</property>
</record>
<record>
  <date>2019-11-27T11:41:36</date>
  <millis>1574835096591</millis>
  <sequence>66</sequence>
  <level>PASSED</level>
  <class>com.kms.katalon.core.logging.XmlKeywordLogger</class>
  <method>logMessage</method>
  <thread>1</thread>
  <message>Verify response status code successfully</message>
  <nestedLevel>1</nestedLevel>
</record>
<record>
  <date>2019-11-27T11:41:36</date>
  <millis>1574835096591</millis>
  <sequence>67</sequence>
  <level>END</level>
  <class>com.kms.katalon.core.logging.XmlKeywordLogger</class>
  <method>endKeyword</method>
  <thread>1</thread>
  <message>End action : verifyResponseStatusCode(response, 200)</message>
  <nestedLevel>2</nestedLevel>
</record>
<record>
  <date>2019-11-27T11:41:36</date>
  <millis>1574835096592</millis>
  <sequence>68</sequence>
  <level>START</level>
  <class>com.kms.katalon.core.logging.XmlKeywordLogger</class>
  <method>startKeyword</method>
  <thread>1</thread>
  <message>Start action : verifyElementPropertyValue(response, str + \&amp;quot;applicationCd\&amp;quot;, testdatapath.getValue(10, i))</message>
  <nestedLevel>2</nestedLevel>
  <property name="startLine">28</property>
  <property name="stepIndex">3</property>
</record>
<record>
  <date>2019-11-27T11:41:36</date>
  <millis>1574835096651</millis>
  <sequence>70</sequence>
  <level>PASSED</level>
  <class>com.kms.katalon.core.logging.XmlKeywordLogger</class>
  <method>logMessage</method>
  <thread>1</thread>
  <message>Verify element property value successfully</message>
  <nestedLevel>1</nestedLevel>
</record>
<record>
  <date>2019-11-27T11:41:36</date>
  <millis>1574835096652</millis>
  <sequence>71</sequence>
  <level>END</level>
  <class>com.kms.katalon.core.logging.XmlKeywordLogger</class>
  <method>endKeyword</method>
  <thread>1</thread>
  <message>End action : verifyElementPropertyValue(response, str + \&amp;quot;applicationCd\&amp;quot;, testdatapath.getValue(10, i))</message>
  <nestedLevel>2</nestedLevel>
</record>
<record>
  <date>2019-11-27T11:41:36</date>
  <millis>1574835096653</millis>
  <sequence>72</sequence>
  <level>START</level>
  <class>com.kms.katalon.core.logging.XmlKeywordLogger</class>
  <method>startKeyword</method>
  <thread>1</thread>
  <message>Start action : verifyElementPropertyValue(response, str + \&amp;quot;statusCd\&amp;quot;, testdatapath.getValue(11, i))</message>
  <nestedLevel>2</nestedLevel>
  <property name="startLine">30</property>
  <property name="stepIndex">4</property>
</record>
<record>
  <date>2019-11-27T11:41:36</date>
  <millis>1574835096706</millis>
  <sequence>74</sequence>
  <level>PASSED</level>
  <class>com.kms.katalon.core.logging.XmlKeywordLogger</class>
  <method>logMessage</method>
  <thread>1</thread>
  <message>Verify element property value successfully</message>
  <nestedLevel>1</nestedLevel>
</record>
<record>
  <date>2019-11-27T11:41:36</date>
  <millis>1574835096722</millis>
  <sequence>75</sequence>
  <level>END</level>
  <class>com.kms.katalon.core.logging.XmlKeywordLogger</class>
  <method>endKeyword</method>
  <thread>1</thread>
  <message>End action : verifyElementPropertyValue(response, str + \&amp;quot;statusCd\&amp;quot;, testdatapath.getValue(11, i))</message>
  <nestedLevel>2</nestedLevel>
</record>
<record>
  <date>2019-11-27T11:41:36</date>
  <millis>1574835096724</millis>
  <sequence>76</sequence>
  <level>START</level>
  <class>com.kms.katalon.core.logging.XmlKeywordLogger</class>
  <method>startKeyword</method>
  <thread>1</thread>
  <message>Start action : verifyElementPropertyValue(response, str + \&amp;quot;statusMessage\&amp;quot;, testdatapath.getValue(12, i))</message>
  <nestedLevel>2</nestedLevel>
  <property name="startLine">32</property>
  <property name="stepIndex">5</property>
</record>
<record>
  <date>2019-11-27T11:41:36</date>
  <millis>1574835096809</millis>
  <sequence>78</sequence>
  <level>PASSED</level>
  <class>com.kms.katalon.core.logging.XmlKeywordLogger</class>
  <method>logMessage</method>
  <thread>1</thread>
  <message>Verify element property value successfully</message>
  <nestedLevel>1</nestedLevel>
</record>
<record>
  <date>2019-11-27T11:41:36</date>
  <millis>1574835096811</millis>
  <sequence>79</sequence>
  <level>END</level>
  <class>com.kms.katalon.core.logging.XmlKeywordLogger</class>
  <method>endKeyword</method>
  <thread>1</thread>
  <message>End action : verifyElementPropertyValue(response, str + \&amp;quot;statusMessage\&amp;quot;, testdatapath.getValue(12, i))</message>
  <nestedLevel>2</nestedLevel>
</record>
<record>
  <date>2019-11-27T11:41:36</date>
  <millis>1574835096812</millis>
  <sequence>80</sequence>
  <level>START</level>
  <class>com.kms.katalon.core.logging.XmlKeywordLogger</class>
  <method>startKeyword</method>
  <thread>1</thread>
  <message>Start action : verifyElementPropertyValue(response, str + \&amp;quot;severity\&amp;quot;, testdatapath.getValue(13, i))</message>
  <nestedLevel>2</nestedLevel>
  <property name="startLine">34</property>
  <property name="stepIndex">6</property>
</record>
<record>
  <date>2019-11-27T11:41:36</date>
  <millis>1574835096893</millis>
  <sequence>82</sequence>
  <level>PASSED</level>
  <class>com.kms.katalon.core.logging.XmlKeywordLogger</class>
  <method>logMessage</method>
  <thread>1</thread>
  <message>Verify element property value successfully</message>
  <nestedLevel>1</nestedLevel>
</record>
<record>
  <date>2019-11-27T11:41:36</date>
  <millis>1574835096894</millis>
  <sequence>83</sequence>
  <level>END</level>
  <class>com.kms.katalon.core.logging.XmlKeywordLogger</class>
  <method>endKeyword</method>
  <thread>1</thread>
  <message>End action : verifyElementPropertyValue(response, str + \&amp;quot;severity\&amp;quot;, testdatapath.getValue(13, i))</message>
  <nestedLevel>2</nestedLevel>
</record>
<record>
  <date>2019-11-27T11:41:36</date>
  <millis>1574835096894</millis>
  <sequence>84</sequence>
  <level>END</level>
  <class>com.kms.katalon.core.logging.XmlKeywordLogger</class>
  <method>endKeyword</method>
  <thread>1</thread>
  <message>End action : for ([i = 2, i &amp;lt; 3, (i++)])</message>
  <nestedLevel>1</nestedLevel>
</record>
<record>
  <date>2019-11-27T11:41:36</date>
  <millis>1574835096895</millis>
  <sequence>85</sequence>
  <level>PASSED</level>
  <class>com.kms.katalon.core.logging.XmlKeywordLogger</class>
  <method>logMessage</method>
  <thread>1</thread>
  <message>Test Cases/Delete Restraint Merchant Auth/Delete Restraint Merchant Auth record with non blank account no and all other blank input fields</message>
  <nestedLevel>1</nestedLevel>
</record>
<record>
  <date>2019-11-27T11:41:36</date>
  <millis>1574835096896</millis>
  <sequence>86</sequence>
  <level>END</level>
  <class>com.kms.katalon.core.logging.XmlKeywordLogger</class>
  <method>endTest</method>
  <thread>1</thread>
  <message>End Test Case : Test Cases/Delete Restraint Merchant Auth/Delete Restraint Merchant Auth record with non blank account no and all other blank input fields</message>
  <nestedLevel>0</nestedLevel>
</record>
<record>
  <date>2019-11-27T11:41:36</date>
  <millis>1574835096906</millis>
  <sequence>87</sequence>
  <level>START</level>
  <class>com.kms.katalon.core.logging.XmlKeywordLogger</class>
  <method>startTest</method>
  <thread>1</thread>
  <message>Start Test Case : Test Cases/Delete Restraint Merchant Auth/Delete Restraint Merchant Auth record with non blank product code and account no fields and all other blank input fields</message>
  <nestedLevel>1</nestedLevel>
  <property name="name">Test Cases/Delete Restraint Merchant Auth/Delete Restraint Merchant Auth record with non blank product code and account no fields and all other blank input fields</property>
  <property name="description"></property>
  <property name="id">Test Cases/Delete Restraint Merchant Auth/Delete Restraint Merchant Auth record with non blank product code and account no fields and all other blank input fields</property>
  <property name="source">C:\\Users\\khaja.h\\Katalon Studio\\Z-Connect\\Test Cases\\Delete Restraint Merchant Auth\\Delete Restraint Merchant Auth record with non blank product code and account no fields and all other blank input fields.tc</property>
  <property name="isOptional">false</property>
</record>
<record>
  <date>2019-11-27T11:41:37</date>
  <millis>1574835097494</millis>
  <sequence>89</sequence>
  <level>START</level>
  <class>com.kms.katalon.core.logging.XmlKeywordLogger</class>
  <method>startKeyword</method>
  <thread>1</thread>
  <message>Start action : str = \&amp;quot;deleteRestraintMerchantAuthServiceOperationResponse.RESPONSE.Output.xStatus.\&amp;quot;</message>
  <nestedLevel>1</nestedLevel>
  <property name="startLine">16</property>
  <property name="stepIndex">1</property>
</record>
<record>
  <date>2019-11-27T11:41:37</date>
  <millis>1574835097495</millis>
  <sequence>90</sequence>
  <level>END</level>
  <class>com.kms.katalon.core.logging.XmlKeywordLogger</class>
  <method>endKeyword</method>
  <thread>1</thread>
  <message>End action : str = \&amp;quot;deleteRestraintMerchantAuthServiceOperationResponse.RESPONSE.Output.xStatus.\&amp;quot;</message>
  <nestedLevel>1</nestedLevel>
</record>
<record>
  <date>2019-11-27T11:41:37</date>
  <millis>1574835097496</millis>
  <sequence>91</sequence>
  <level>START</level>
  <class>com.kms.katalon.core.logging.XmlKeywordLogger</class>
  <method>startKeyword</method>
  <thread>1</thread>
  <message>Start action : testdatapath = findTestData(\&amp;quot;Z-Connect Test Data/Delete Restraint Merchant Auth_TestData\&amp;quot;)</message>
  <nestedLevel>1</nestedLevel>
  <property name="startLine">18</property>
  <property name="stepIndex">2</property>
</record>
<record>
  <date>2019-11-27T11:41:37</date>
  <millis>1574835097915</millis>
  <sequence>96</sequence>
  <level>END</level>
  <class>com.kms.katalon.core.logging.XmlKeywordLogger</class>
  <method>endKeyword</method>
  <thread>1</thread>
  <message>End action : testdatapath = findTestData(\&amp;quot;Z-Connect Test Data/Delete Restraint Merchant Auth_TestData\&amp;quot;)</message>
  <nestedLevel>1</nestedLevel>
</record>
<record>
  <date>2019-11-27T11:41:37</date>
  <millis>1574835097918</millis>
  <sequence>97</sequence>
  <level>START</level>
  <class>com.kms.katalon.core.logging.XmlKeywordLogger</class>
  <method>startKeyword</method>
  <thread>1</thread>
  <message>Start action : for ([i = 3, i &amp;lt; 4, (i++)])</message>
  <nestedLevel>1</nestedLevel>
  <property name="startLine">20</property>
  <property name="stepIndex">3</property>
</record>
<record>
  <date>2019-11-27T11:41:37</date>
  <millis>1574835097922</millis>
  <sequence>98</sequence>
  <level>START</level>
  <class>com.kms.katalon.core.logging.XmlKeywordLogger</class>
  <method>startKeyword</method>
  <thread>1</thread>
  <message>Start action : response = sendRequest(findTestObject(\&amp;quot;Delete Restraint Merchant Auth/Delete Restraint Merchant Auth record with non blank product code and account no fields and all other blank input fields\&amp;quot;, [\&amp;quot;companyNbr\&amp;quot;:testdatapath.getValue(2, i), \&amp;quot;productCd\&amp;quot;:testdatapath.getValue(3, i), \&amp;quot;accountNbr\&amp;quot;:testdatapath.getValue(4, i), ... ]))</message>
  <nestedLevel>2</nestedLevel>
  <property name="startLine">21</property>
  <property name="stepIndex">1</property>
</record>
<record>
  <date>2019-11-27T11:41:39</date>
  <millis>1574835099863</millis>
  <sequence>102</sequence>
  <level>INFO</level>
  <class>com.kms.katalon.core.logging.XmlKeywordLogger</class>
  <method>logMessage</method>
  <thread>1</thread>
  <message>HAR: C:\\Users\\khaja.h\\Katalon Studio\\Z-Connect\\Reports\\Delete Restraint Merchant Auth\\20191127_114055\\requests\\main\\2.har</message>
  <nestedLevel>1</nestedLevel>
  <property name="harId">a7ff847b-4f2d-4d5c-93a8-2e4281f9c295</property>
</record>
<record>
  <date>2019-11-27T11:41:39</date>
  <millis>1574835099870</millis>
  <sequence>103</sequence>
  <level>PASSED</level>
  <class>com.kms.katalon.core.logging.XmlKeywordLogger</class>
  <method>logMessage</method>
  <thread>1</thread>
  <message>Send request successfully</message>
  <nestedLevel>1</nestedLevel>
</record>
<record>
  <date>2019-11-27T11:41:39</date>
  <millis>1574835099871</millis>
  <sequence>104</sequence>
  <level>END</level>
  <class>com.kms.katalon.core.logging.XmlKeywordLogger</class>
  <method>endKeyword</method>
  <thread>1</thread>
  <message>End action : response = sendRequest(findTestObject(\&amp;quot;Delete Restraint Merchant Auth/Delete Restraint Merchant Auth record with non blank product code and account no fields and all other blank input fields\&amp;quot;, [\&amp;quot;companyNbr\&amp;quot;:testdatapath.getValue(2, i), \&amp;quot;productCd\&amp;quot;:testdatapath.getValue(3, i), \&amp;quot;accountNbr\&amp;quot;:testdatapath.getValue(4, i), ... ]))</message>
  <nestedLevel>2</nestedLevel>
</record>
<record>
  <date>2019-11-27T11:41:39</date>
  <millis>1574835099872</millis>
  <sequence>105</sequence>
  <level>START</level>
  <class>com.kms.katalon.core.logging.XmlKeywordLogger</class>
  <method>startKeyword</method>
  <thread>1</thread>
  <message>Start action : verifyResponseStatusCode(response, 200)</message>
  <nestedLevel>2</nestedLevel>
  <property name="startLine">26</property>
  <property name="stepIndex">2</property>
</record>
<record>
  <date>2019-11-27T11:41:39</date>
  <millis>1574835099873</millis>
  <sequence>107</sequence>
  <level>PASSED</level>
  <class>com.kms.katalon.core.logging.XmlKeywordLogger</class>
  <method>logMessage</method>
  <thread>1</thread>
  <message>Verify response status code successfully</message>
  <nestedLevel>1</nestedLevel>
</record>
<record>
  <date>2019-11-27T11:41:39</date>
  <millis>1574835099874</millis>
  <sequence>108</sequence>
  <level>END</level>
  <class>com.kms.katalon.core.logging.XmlKeywordLogger</class>
  <method>endKeyword</method>
  <thread>1</thread>
  <message>End action : verifyResponseStatusCode(response, 200)</message>
  <nestedLevel>2</nestedLevel>
</record>
<record>
  <date>2019-11-27T11:41:39</date>
  <millis>1574835099875</millis>
  <sequence>109</sequence>
  <level>START</level>
  <class>com.kms.katalon.core.logging.XmlKeywordLogger</class>
  <method>startKeyword</method>
  <thread>1</thread>
  <message>Start action : verifyElementPropertyValue(response, str + \&amp;quot;applicationCd\&amp;quot;, testdatapath.getValue(10, i))</message>
  <nestedLevel>2</nestedLevel>
  <property name="startLine">28</property>
  <property name="stepIndex">3</property>
</record>
<record>
  <date>2019-11-27T11:41:40</date>
  <millis>1574835100059</millis>
  <sequence>111</sequence>
  <level>PASSED</level>
  <class>com.kms.katalon.core.logging.XmlKeywordLogger</class>
  <method>logMessage</method>
  <thread>1</thread>
  <message>Verify element property value successfully</message>
  <nestedLevel>1</nestedLevel>
</record>
<record>
  <date>2019-11-27T11:41:40</date>
  <millis>1574835100063</millis>
  <sequence>112</sequence>
  <level>END</level>
  <class>com.kms.katalon.core.logging.XmlKeywordLogger</class>
  <method>endKeyword</method>
  <thread>1</thread>
  <message>End action : verifyElementPropertyValue(response, str + \&amp;quot;applicationCd\&amp;quot;, testdatapath.getValue(10, i))</message>
  <nestedLevel>2</nestedLevel>
</record>
<record>
  <date>2019-11-27T11:41:40</date>
  <millis>1574835100064</millis>
  <sequence>113</sequence>
  <level>START</level>
  <class>com.kms.katalon.core.logging.XmlKeywordLogger</class>
  <method>startKeyword</method>
  <thread>1</thread>
  <message>Start action : verifyElementPropertyValue(response, str + \&amp;quot;statusCd\&amp;quot;, testdatapath.getValue(11, i))</message>
  <nestedLevel>2</nestedLevel>
  <property name="startLine">30</property>
  <property name="stepIndex">4</property>
</record>
<record>
  <date>2019-11-27T11:41:40</date>
  <millis>1574835100198</millis>
  <sequence>115</sequence>
  <level>PASSED</level>
  <class>com.kms.katalon.core.logging.XmlKeywordLogger</class>
  <method>logMessage</method>
  <thread>1</thread>
  <message>Verify element property value successfully</message>
  <nestedLevel>1</nestedLevel>
</record>
<record>
  <date>2019-11-27T11:41:40</date>
  <millis>1574835100199</millis>
  <sequence>116</sequence>
  <level>END</level>
  <class>com.kms.katalon.core.logging.XmlKeywordLogger</class>
  <method>endKeyword</method>
  <thread>1</thread>
  <message>End action : verifyElementPropertyValue(response, str + \&amp;quot;statusCd\&amp;quot;, testdatapath.getValue(11, i))</message>
  <nestedLevel>2</nestedLevel>
</record>
<record>
  <date>2019-11-27T11:41:40</date>
  <millis>1574835100200</millis>
  <sequence>117</sequence>
  <level>START</level>
  <class>com.kms.katalon.core.logging.XmlKeywordLogger</class>
  <method>startKeyword</method>
  <thread>1</thread>
  <message>Start action : verifyElementPropertyValue(response, str + \&amp;quot;statusMessage\&amp;quot;, testdatapath.getValue(12, i))</message>
  <nestedLevel>2</nestedLevel>
  <property name="startLine">32</property>
  <property name="stepIndex">5</property>
</record>
<record>
  <date>2019-11-27T11:41:40</date>
  <millis>1574835100335</millis>
  <sequence>119</sequence>
  <level>PASSED</level>
  <class>com.kms.katalon.core.logging.XmlKeywordLogger</class>
  <method>logMessage</method>
  <thread>1</thread>
  <message>Verify element property value successfully</message>
  <nestedLevel>1</nestedLevel>
</record>
<record>
  <date>2019-11-27T11:41:40</date>
  <millis>1574835100386</millis>
  <sequence>120</sequence>
  <level>END</level>
  <class>com.kms.katalon.core.logging.XmlKeywordLogger</class>
  <method>endKeyword</method>
  <thread>1</thread>
  <message>End action : verifyElementPropertyValue(response, str + \&amp;quot;statusMessage\&amp;quot;, testdatapath.getValue(12, i))</message>
  <nestedLevel>2</nestedLevel>
</record>
<record>
  <date>2019-11-27T11:41:40</date>
  <millis>1574835100388</millis>
  <sequence>121</sequence>
  <level>START</level>
  <class>com.kms.katalon.core.logging.XmlKeywordLogger</class>
  <method>startKeyword</method>
  <thread>1</thread>
  <message>Start action : verifyElementPropertyValue(response, str + \&amp;quot;severity\&amp;quot;, testdatapath.getValue(13, i))</message>
  <nestedLevel>2</nestedLevel>
  <property name="startLine">34</property>
  <property name="stepIndex">6</property>
</record>
<record>
  <date>2019-11-27T11:41:40</date>
  <millis>1574835100508</millis>
  <sequence>123</sequence>
  <level>PASSED</level>
  <class>com.kms.katalon.core.logging.XmlKeywordLogger</class>
  <method>logMessage</method>
  <thread>1</thread>
  <message>Verify element property value successfully</message>
  <nestedLevel>1</nestedLevel>
</record>
<record>
  <date>2019-11-27T11:41:40</date>
  <millis>1574835100509</millis>
  <sequence>124</sequence>
  <level>END</level>
  <class>com.kms.katalon.core.logging.XmlKeywordLogger</class>
  <method>endKeyword</method>
  <thread>1</thread>
  <message>End action : verifyElementPropertyValue(response, str + \&amp;quot;severity\&amp;quot;, testdatapath.getValue(13, i))</message>
  <nestedLevel>2</nestedLevel>
</record>
<record>
  <date>2019-11-27T11:41:40</date>
  <millis>1574835100510</millis>
  <sequence>125</sequence>
  <level>END</level>
  <class>com.kms.katalon.core.logging.XmlKeywordLogger</class>
  <method>endKeyword</method>
  <thread>1</thread>
  <message>End action : for ([i = 3, i &amp;lt; 4, (i++)])</message>
  <nestedLevel>1</nestedLevel>
</record>
<record>
  <date>2019-11-27T11:41:40</date>
  <millis>1574835100510</millis>
  <sequence>126</sequence>
  <level>PASSED</level>
  <class>com.kms.katalon.core.logging.XmlKeywordLogger</class>
  <method>logMessage</method>
  <thread>1</thread>
  <message>Test Cases/Delete Restraint Merchant Auth/Delete Restraint Merchant Auth record with non blank product code and account no fields and all other blank input fields</message>
  <nestedLevel>1</nestedLevel>
</record>
<record>
  <date>2019-11-27T11:41:40</date>
  <millis>1574835100512</millis>
  <sequence>127</sequence>
  <level>END</level>
  <class>com.kms.katalon.core.logging.XmlKeywordLogger</class>
  <method>endTest</method>
  <thread>1</thread>
  <message>End Test Case : Test Cases/Delete Restraint Merchant Auth/Delete Restraint Merchant Auth record with non blank product code and account no fields and all other blank input fields</message>
  <nestedLevel>0</nestedLevel>
</record>
<record>
  <date>2019-11-27T11:41:40</date>
  <millis>1574835100544</millis>
  <sequence>128</sequence>
  <level>START</level>
  <class>com.kms.katalon.core.logging.XmlKeywordLogger</class>
  <method>startTest</method>
  <thread>1</thread>
  <message>Start Test Case : Test Cases/Delete Restraint Merchant Auth/Delete Restraint Merchant Auth record with non blank input fields Invalid placed date</message>
  <nestedLevel>1</nestedLevel>
  <property name="name">Test Cases/Delete Restraint Merchant Auth/Delete Restraint Merchant Auth record with non blank input fields Invalid placed date</property>
  <property name="description"></property>
  <property name="id">Test Cases/Delete Restraint Merchant Auth/Delete Restraint Merchant Auth record with non blank input fields Invalid placed date</property>
  <property name="source">C:\\Users\\khaja.h\\Katalon Studio\\Z-Connect\\Test Cases\\Delete Restraint Merchant Auth\\Delete Restraint Merchant Auth record with non blank input fields Invalid placed date.tc</property>
  <property name="isOptional">false</property>
</record>
<record>
  <date>2019-11-27T11:41:41</date>
  <millis>1574835101048</millis>
  <sequence>130</sequence>
  <level>START</level>
  <class>com.kms.katalon.core.logging.XmlKeywordLogger</class>
  <method>startKeyword</method>
  <thread>1</thread>
  <message>Start action : str = \&amp;quot;deleteRestraintMerchantAuthServiceOperationResponse.RESPONSE.Output.xStatus.\&amp;quot;</message>
  <nestedLevel>1</nestedLevel>
  <property name="startLine">16</property>
  <property name="stepIndex">1</property>
</record>
<record>
  <date>2019-11-27T11:41:41</date>
  <millis>1574835101056</millis>
  <sequence>131</sequence>
  <level>END</level>
  <class>com.kms.katalon.core.logging.XmlKeywordLogger</class>
  <method>endKeyword</method>
  <thread>1</thread>
  <message>End action : str = \&amp;quot;deleteRestraintMerchantAuthServiceOperationResponse.RESPONSE.Output.xStatus.\&amp;quot;</message>
  <nestedLevel>1</nestedLevel>
</record>
<record>
  <date>2019-11-27T11:41:41</date>
  <millis>1574835101056</millis>
  <sequence>132</sequence>
  <level>START</level>
  <class>com.kms.katalon.core.logging.XmlKeywordLogger</class>
  <method>startKeyword</method>
  <thread>1</thread>
  <message>Start action : testdatapath = findTestData(\&amp;quot;Z-Connect Test Data/Delete Restraint Merchant Auth_TestData\&amp;quot;)</message>
  <nestedLevel>1</nestedLevel>
  <property name="startLine">18</property>
  <property name="stepIndex">2</property>
</record>
<record>
  <date>2019-11-27T11:41:41</date>
  <millis>1574835101633</millis>
  <sequence>137</sequence>
  <level>END</level>
  <class>com.kms.katalon.core.logging.XmlKeywordLogger</class>
  <method>endKeyword</method>
  <thread>1</thread>
  <message>End action : testdatapath = findTestData(\&amp;quot;Z-Connect Test Data/Delete Restraint Merchant Auth_TestData\&amp;quot;)</message>
  <nestedLevel>1</nestedLevel>
</record>
<record>
  <date>2019-11-27T11:41:41</date>
  <millis>1574835101633</millis>
  <sequence>138</sequence>
  <level>START</level>
  <class>com.kms.katalon.core.logging.XmlKeywordLogger</class>
  <method>startKeyword</method>
  <thread>1</thread>
  <message>Start action : for ([i = 4, i &amp;lt; 5, (i++)])</message>
  <nestedLevel>1</nestedLevel>
  <property name="startLine">20</property>
  <property name="stepIndex">3</property>
</record>
<record>
  <date>2019-11-27T11:41:41</date>
  <millis>1574835101636</millis>
  <sequence>139</sequence>
  <level>START</level>
  <class>com.kms.katalon.core.logging.XmlKeywordLogger</class>
  <method>startKeyword</method>
  <thread>1</thread>
  <message>Start action : response = sendRequest(findTestObject(\&amp;quot;Delete Restraint Merchant Auth/Delete Restraint Merchant Auth record with non blank input fields Invalid placed date\&amp;quot;, [\&amp;quot;companyNbr\&amp;quot;:testdatapath.getValue(2, i), \&amp;quot;productCd\&amp;quot;:testdatapath.getValue(3, i), \&amp;quot;accountNbr\&amp;quot;:testdatapath.getValue(4, i), ... ]))</message>
  <nestedLevel>2</nestedLevel>
  <property name="startLine">21</property>
  <property name="stepIndex">1</property>
</record>
<record>
  <date>2019-11-27T11:41:43</date>
  <millis>1574835103656</millis>
  <sequence>143</sequence>
  <level>INFO</level>
  <class>com.kms.katalon.core.logging.XmlKeywordLogger</class>
  <method>logMessage</method>
  <thread>1</thread>
  <message>HAR: C:\\Users\\khaja.h\\Katalon Studio\\Z-Connect\\Reports\\Delete Restraint Merchant Auth\\20191127_114055\\requests\\main\\3.har</message>
  <nestedLevel>1</nestedLevel>
  <property name="harId">d21d74df-3ff1-4657-92df-dae89b861761</property>
</record>
<record>
  <date>2019-11-27T11:41:43</date>
  <millis>1574835103661</millis>
  <sequence>144</sequence>
  <level>PASSED</level>
  <class>com.kms.katalon.core.logging.XmlKeywordLogger</class>
  <method>logMessage</method>
  <thread>1</thread>
  <message>Send request successfully</message>
  <nestedLevel>1</nestedLevel>
</record>
<record>
  <date>2019-11-27T11:41:43</date>
  <millis>1574835103662</millis>
  <sequence>145</sequence>
  <level>END</level>
  <class>com.kms.katalon.core.logging.XmlKeywordLogger</class>
  <method>endKeyword</method>
  <thread>1</thread>
  <message>End action : response = sendRequest(findTestObject(\&amp;quot;Delete Restraint Merchant Auth/Delete Restraint Merchant Auth record with non blank input fields Invalid placed date\&amp;quot;, [\&amp;quot;companyNbr\&amp;quot;:testdatapath.getValue(2, i), \&amp;quot;productCd\&amp;quot;:testdatapath.getValue(3, i), \&amp;quot;accountNbr\&amp;quot;:testdatapath.getValue(4, i), ... ]))</message>
  <nestedLevel>2</nestedLevel>
</record>
<record>
  <date>2019-11-27T11:41:43</date>
  <millis>1574835103663</millis>
  <sequence>146</sequence>
  <level>START</level>
  <class>com.kms.katalon.core.logging.XmlKeywordLogger</class>
  <method>startKeyword</method>
  <thread>1</thread>
  <message>Start action : verifyResponseStatusCode(response, 200)</message>
  <nestedLevel>2</nestedLevel>
  <property name="startLine">26</property>
  <property name="stepIndex">2</property>
</record>
<record>
  <date>2019-11-27T11:41:43</date>
  <millis>1574835103664</millis>
  <sequence>148</sequence>
  <level>PASSED</level>
  <class>com.kms.katalon.core.logging.XmlKeywordLogger</class>
  <method>logMessage</method>
  <thread>1</thread>
  <message>Verify response status code successfully</message>
  <nestedLevel>1</nestedLevel>
</record>
<record>
  <date>2019-11-27T11:41:43</date>
  <millis>1574835103665</millis>
  <sequence>149</sequence>
  <level>END</level>
  <class>com.kms.katalon.core.logging.XmlKeywordLogger</class>
  <method>endKeyword</method>
  <thread>1</thread>
  <message>End action : verifyResponseStatusCode(response, 200)</message>
  <nestedLevel>2</nestedLevel>
</record>
<record>
  <date>2019-11-27T11:41:43</date>
  <millis>1574835103665</millis>
  <sequence>150</sequence>
  <level>START</level>
  <class>com.kms.katalon.core.logging.XmlKeywordLogger</class>
  <method>startKeyword</method>
  <thread>1</thread>
  <message>Start action : verifyElementPropertyValue(response, str + \&amp;quot;applicationCd\&amp;quot;, testdatapath.getValue(10, i))</message>
  <nestedLevel>2</nestedLevel>
  <property name="startLine">28</property>
  <property name="stepIndex">3</property>
</record>
<record>
  <date>2019-11-27T11:41:43</date>
  <millis>1574835103738</millis>
  <sequence>152</sequence>
  <level>PASSED</level>
  <class>com.kms.katalon.core.logging.XmlKeywordLogger</class>
  <method>logMessage</method>
  <thread>1</thread>
  <message>Verify element property value successfully</message>
  <nestedLevel>1</nestedLevel>
</record>
<record>
  <date>2019-11-27T11:41:43</date>
  <millis>1574835103739</millis>
  <sequence>153</sequence>
  <level>END</level>
  <class>com.kms.katalon.core.logging.XmlKeywordLogger</class>
  <method>endKeyword</method>
  <thread>1</thread>
  <message>End action : verifyElementPropertyValue(response, str + \&amp;quot;applicationCd\&amp;quot;, testdatapath.getValue(10, i))</message>
  <nestedLevel>2</nestedLevel>
</record>
<record>
  <date>2019-11-27T11:41:43</date>
  <millis>1574835103740</millis>
  <sequence>154</sequence>
  <level>START</level>
  <class>com.kms.katalon.core.logging.XmlKeywordLogger</class>
  <method>startKeyword</method>
  <thread>1</thread>
  <message>Start action : verifyElementPropertyValue(response, str + \&amp;quot;statusCd\&amp;quot;, testdatapath.getValue(11, i))</message>
  <nestedLevel>2</nestedLevel>
  <property name="startLine">30</property>
  <property name="stepIndex">4</property>
</record>
<record>
  <date>2019-11-27T11:41:43</date>
  <millis>1574835103812</millis>
  <sequence>156</sequence>
  <level>PASSED</level>
  <class>com.kms.katalon.core.logging.XmlKeywordLogger</class>
  <method>logMessage</method>
  <thread>1</thread>
  <message>Verify element property value successfully</message>
  <nestedLevel>1</nestedLevel>
</record>
<record>
  <date>2019-11-27T11:41:43</date>
  <millis>1574835103813</millis>
  <sequence>157</sequence>
  <level>END</level>
  <class>com.kms.katalon.core.logging.XmlKeywordLogger</class>
  <method>endKeyword</method>
  <thread>1</thread>
  <message>End action : verifyElementPropertyValue(response, str + \&amp;quot;statusCd\&amp;quot;, testdatapath.getValue(11, i))</message>
  <nestedLevel>2</nestedLevel>
</record>
<record>
  <date>2019-11-27T11:41:43</date>
  <millis>1574835103814</millis>
  <sequence>158</sequence>
  <level>START</level>
  <class>com.kms.katalon.core.logging.XmlKeywordLogger</class>
  <method>startKeyword</method>
  <thread>1</thread>
  <message>Start action : verifyElementPropertyValue(response, str + \&amp;quot;statusMessage\&amp;quot;, testdatapath.getValue(12, i))</message>
  <nestedLevel>2</nestedLevel>
  <property name="startLine">32</property>
  <property name="stepIndex">5</property>
</record>
<record>
  <date>2019-11-27T11:41:43</date>
  <millis>1574835103893</millis>
  <sequence>160</sequence>
  <level>PASSED</level>
  <class>com.kms.katalon.core.logging.XmlKeywordLogger</class>
  <method>logMessage</method>
  <thread>1</thread>
  <message>Verify element property value successfully</message>
  <nestedLevel>1</nestedLevel>
</record>
<record>
  <date>2019-11-27T11:41:43</date>
  <millis>1574835103894</millis>
  <sequence>161</sequence>
  <level>END</level>
  <class>com.kms.katalon.core.logging.XmlKeywordLogger</class>
  <method>endKeyword</method>
  <thread>1</thread>
  <message>End action : verifyElementPropertyValue(response, str + \&amp;quot;statusMessage\&amp;quot;, testdatapath.getValue(12, i))</message>
  <nestedLevel>2</nestedLevel>
</record>
<record>
  <date>2019-11-27T11:41:43</date>
  <millis>1574835103895</millis>
  <sequence>162</sequence>
  <level>START</level>
  <class>com.kms.katalon.core.logging.XmlKeywordLogger</class>
  <method>startKeyword</method>
  <thread>1</thread>
  <message>Start action : verifyElementPropertyValue(response, str + \&amp;quot;severity\&amp;quot;, testdatapath.getValue(13, i))</message>
  <nestedLevel>2</nestedLevel>
  <property name="startLine">34</property>
  <property name="stepIndex">6</property>
</record>
<record>
  <date>2019-11-27T11:41:44</date>
  <millis>1574835104027</millis>
  <sequence>164</sequence>
  <level>PASSED</level>
  <class>com.kms.katalon.core.logging.XmlKeywordLogger</class>
  <method>logMessage</method>
  <thread>1</thread>
  <message>Verify element property value successfully</message>
  <nestedLevel>1</nestedLevel>
</record>
<record>
  <date>2019-11-27T11:41:44</date>
  <millis>1574835104028</millis>
  <sequence>165</sequence>
  <level>END</level>
  <class>com.kms.katalon.core.logging.XmlKeywordLogger</class>
  <method>endKeyword</method>
  <thread>1</thread>
  <message>End action : verifyElementPropertyValue(response, str + \&amp;quot;severity\&amp;quot;, testdatapath.getValue(13, i))</message>
  <nestedLevel>2</nestedLevel>
</record>
<record>
  <date>2019-11-27T11:41:44</date>
  <millis>1574835104029</millis>
  <sequence>166</sequence>
  <level>END</level>
  <class>com.kms.katalon.core.logging.XmlKeywordLogger</class>
  <method>endKeyword</method>
  <thread>1</thread>
  <message>End action : for ([i = 4, i &amp;lt; 5, (i++)])</message>
  <nestedLevel>1</nestedLevel>
</record>
<record>
  <date>2019-11-27T11:41:44</date>
  <millis>1574835104029</millis>
  <sequence>167</sequence>
  <level>PASSED</level>
  <class>com.kms.katalon.core.logging.XmlKeywordLogger</class>
  <method>logMessage</method>
  <thread>1</thread>
  <message>Test Cases/Delete Restraint Merchant Auth/Delete Restraint Merchant Auth record with non blank input fields Invalid placed date</message>
  <nestedLevel>1</nestedLevel>
</record>
<record>
  <date>2019-11-27T11:41:44</date>
  <millis>1574835104031</millis>
  <sequence>168</sequence>
  <level>END</level>
  <class>com.kms.katalon.core.logging.XmlKeywordLogger</class>
  <method>endTest</method>
  <thread>1</thread>
  <message>End Test Case : Test Cases/Delete Restraint Merchant Auth/Delete Restraint Merchant Auth record with non blank input fields Invalid placed date</message>
  <nestedLevel>0</nestedLevel>
</record>
<record>
  <date>2019-11-27T11:41:44</date>
  <millis>1574835104041</millis>
  <sequence>169</sequence>
  <level>START</level>
  <class>com.kms.katalon.core.logging.XmlKeywordLogger</class>
  <method>startTest</method>
  <thread>1</thread>
  <message>Start Test Case : Test Cases/Delete Restraint Merchant Auth/Delete Restraint Merchant Auth record with all valid non blank input fields and blank placed date</message>
  <nestedLevel>1</nestedLevel>
  <property name="name">Test Cases/Delete Restraint Merchant Auth/Delete Restraint Merchant Auth record with all valid non blank input fields and blank placed date</property>
  <property name="description"></property>
  <property name="id">Test Cases/Delete Restraint Merchant Auth/Delete Restraint Merchant Auth record with all valid non blank input fields and blank placed date</property>
  <property name="source">C:\\Users\\khaja.h\\Katalon Studio\\Z-Connect\\Test Cases\\Delete Restraint Merchant Auth\\Delete Restraint Merchant Auth record with all valid non blank input fields and blank placed date.tc</property>
  <property name="isOptional">false</property>
</record>
<record>
  <date>2019-11-27T11:41:44</date>
  <millis>1574835104809</millis>
  <sequence>171</sequence>
  <level>START</level>
  <class>com.kms.katalon.core.logging.XmlKeywordLogger</class>
  <method>startKeyword</method>
  <thread>1</thread>
  <message>Start action : str = \&amp;quot;deleteRestraintMerchantAuthServiceOperationResponse.RESPONSE.Output.xStatus.\&amp;quot;</message>
  <nestedLevel>1</nestedLevel>
  <property name="startLine">16</property>
  <property name="stepIndex">1</property>
</record>
<record>
  <date>2019-11-27T11:41:44</date>
  <millis>1574835104810</millis>
  <sequence>172</sequence>
  <level>END</level>
  <class>com.kms.katalon.core.logging.XmlKeywordLogger</class>
  <method>endKeyword</method>
  <thread>1</thread>
  <message>End action : str = \&amp;quot;deleteRestraintMerchantAuthServiceOperationResponse.RESPONSE.Output.xStatus.\&amp;quot;</message>
  <nestedLevel>1</nestedLevel>
</record>
<record>
  <date>2019-11-27T11:41:44</date>
  <millis>1574835104810</millis>
  <sequence>173</sequence>
  <level>START</level>
  <class>com.kms.katalon.core.logging.XmlKeywordLogger</class>
  <method>startKeyword</method>
  <thread>1</thread>
  <message>Start action : testdatapath = findTestData(\&amp;quot;Z-Connect Test Data/Delete Restraint Merchant Auth_TestData\&amp;quot;)</message>
  <nestedLevel>1</nestedLevel>
  <property name="startLine">18</property>
  <property name="stepIndex">2</property>
</record>
<record>
  <date>2019-11-27T11:41:45</date>
  <millis>1574835105171</millis>
  <sequence>178</sequence>
  <level>END</level>
  <class>com.kms.katalon.core.logging.XmlKeywordLogger</class>
  <method>endKeyword</method>
  <thread>1</thread>
  <message>End action : testdatapath = findTestData(\&amp;quot;Z-Connect Test Data/Delete Restraint Merchant Auth_TestData\&amp;quot;)</message>
  <nestedLevel>1</nestedLevel>
</record>
<record>
  <date>2019-11-27T11:41:45</date>
  <millis>1574835105172</millis>
  <sequence>179</sequence>
  <level>START</level>
  <class>com.kms.katalon.core.logging.XmlKeywordLogger</class>
  <method>startKeyword</method>
  <thread>1</thread>
  <message>Start action : for ([i = 5, i &amp;lt; 6, (i++)])</message>
  <nestedLevel>1</nestedLevel>
  <property name="startLine">20</property>
  <property name="stepIndex">3</property>
</record>
<record>
  <date>2019-11-27T11:41:45</date>
  <millis>1574835105173</millis>
  <sequence>180</sequence>
  <level>START</level>
  <class>com.kms.katalon.core.logging.XmlKeywordLogger</class>
  <method>startKeyword</method>
  <thread>1</thread>
  <message>Start action : response = sendRequest(findTestObject(\&amp;quot;Delete Restraint Merchant Auth/Delete Restraint Merchant Auth record with all valid non blank input fields and blank placed date\&amp;quot;, [\&amp;quot;companyNbr\&amp;quot;:testdatapath.getValue(2, i), \&amp;quot;productCd\&amp;quot;:testdatapath.getValue(3, i), \&amp;quot;accountNbr\&amp;quot;:testdatapath.getValue(4, i), ... ]))</message>
  <nestedLevel>2</nestedLevel>
  <property name="startLine">21</property>
  <property name="stepIndex">1</property>
</record>
<record>
  <date>2019-11-27T11:41:47</date>
  <millis>1574835107744</millis>
  <sequence>184</sequence>
  <level>INFO</level>
  <class>com.kms.katalon.core.logging.XmlKeywordLogger</class>
  <method>logMessage</method>
  <thread>1</thread>
  <message>HAR: C:\\Users\\khaja.h\\Katalon Studio\\Z-Connect\\Reports\\Delete Restraint Merchant Auth\\20191127_114055\\requests\\main\\4.har</message>
  <nestedLevel>1</nestedLevel>
  <property name="harId">cc01d9b9-acee-40a6-9aa8-ffa3fa40f701</property>
</record>
<record>
  <date>2019-11-27T11:41:47</date>
  <millis>1574835107748</millis>
  <sequence>185</sequence>
  <level>PASSED</level>
  <class>com.kms.katalon.core.logging.XmlKeywordLogger</class>
  <method>logMessage</method>
  <thread>1</thread>
  <message>Send request successfully</message>
  <nestedLevel>1</nestedLevel>
</record>
<record>
  <date>2019-11-27T11:41:47</date>
  <millis>1574835107749</millis>
  <sequence>186</sequence>
  <level>END</level>
  <class>com.kms.katalon.core.logging.XmlKeywordLogger</class>
  <method>endKeyword</method>
  <thread>1</thread>
  <message>End action : response = sendRequest(findTestObject(\&amp;quot;Delete Restraint Merchant Auth/Delete Restraint Merchant Auth record with all valid non blank input fields and blank placed date\&amp;quot;, [\&amp;quot;companyNbr\&amp;quot;:testdatapath.getValue(2, i), \&amp;quot;productCd\&amp;quot;:testdatapath.getValue(3, i), \&amp;quot;accountNbr\&amp;quot;:testdatapath.getValue(4, i), ... ]))</message>
  <nestedLevel>2</nestedLevel>
</record>
<record>
  <date>2019-11-27T11:41:47</date>
  <millis>1574835107750</millis>
  <sequence>187</sequence>
  <level>START</level>
  <class>com.kms.katalon.core.logging.XmlKeywordLogger</class>
  <method>startKeyword</method>
  <thread>1</thread>
  <message>Start action : verifyResponseStatusCode(response, 200)</message>
  <nestedLevel>2</nestedLevel>
  <property name="startLine">26</property>
  <property name="stepIndex">2</property>
</record>
<record>
  <date>2019-11-27T11:41:47</date>
  <millis>1574835107752</millis>
  <sequence>189</sequence>
  <level>PASSED</level>
  <class>com.kms.katalon.core.logging.XmlKeywordLogger</class>
  <method>logMessage</method>
  <thread>1</thread>
  <message>Verify response status code successfully</message>
  <nestedLevel>1</nestedLevel>
</record>
<record>
  <date>2019-11-27T11:41:47</date>
  <millis>1574835107753</millis>
  <sequence>190</sequence>
  <level>END</level>
  <class>com.kms.katalon.core.logging.XmlKeywordLogger</class>
  <method>endKeyword</method>
  <thread>1</thread>
  <message>End action : verifyResponseStatusCode(response, 200)</message>
  <nestedLevel>2</nestedLevel>
</record>
<record>
  <date>2019-11-27T11:41:47</date>
  <millis>1574835107754</millis>
  <sequence>191</sequence>
  <level>START</level>
  <class>com.kms.katalon.core.logging.XmlKeywordLogger</class>
  <method>startKeyword</method>
  <thread>1</thread>
  <message>Start action : verifyElementPropertyValue(response, str + \&amp;quot;applicationCd\&amp;quot;, testdatapath.getValue(10, i))</message>
  <nestedLevel>2</nestedLevel>
  <property name="startLine">28</property>
  <property name="stepIndex">3</property>
</record>
<record>
  <date>2019-11-27T11:41:47</date>
  <millis>1574835107821</millis>
  <sequence>193</sequence>
  <level>PASSED</level>
  <class>com.kms.katalon.core.logging.XmlKeywordLogger</class>
  <method>logMessage</method>
  <thread>1</thread>
  <message>Verify element property value successfully</message>
  <nestedLevel>1</nestedLevel>
</record>
<record>
  <date>2019-11-27T11:41:47</date>
  <millis>1574835107822</millis>
  <sequence>194</sequence>
  <level>END</level>
  <class>com.kms.katalon.core.logging.XmlKeywordLogger</class>
  <method>endKeyword</method>
  <thread>1</thread>
  <message>End action : verifyElementPropertyValue(response, str + \&amp;quot;applicationCd\&amp;quot;, testdatapath.getValue(10, i))</message>
  <nestedLevel>2</nestedLevel>
</record>
<record>
  <date>2019-11-27T11:41:47</date>
  <millis>1574835107823</millis>
  <sequence>195</sequence>
  <level>START</level>
  <class>com.kms.katalon.core.logging.XmlKeywordLogger</class>
  <method>startKeyword</method>
  <thread>1</thread>
  <message>Start action : verifyElementPropertyValue(response, str + \&amp;quot;statusCd\&amp;quot;, testdatapath.getValue(11, i))</message>
  <nestedLevel>2</nestedLevel>
  <property name="startLine">30</property>
  <property name="stepIndex">4</property>
</record>
<record>
  <date>2019-11-27T11:41:47</date>
  <millis>1574835107877</millis>
  <sequence>197</sequence>
  <level>PASSED</level>
  <class>com.kms.katalon.core.logging.XmlKeywordLogger</class>
  <method>logMessage</method>
  <thread>1</thread>
  <message>Verify element property value successfully</message>
  <nestedLevel>1</nestedLevel>
</record>
<record>
  <date>2019-11-27T11:41:47</date>
  <millis>1574835107879</millis>
  <sequence>198</sequence>
  <level>END</level>
  <class>com.kms.katalon.core.logging.XmlKeywordLogger</class>
  <method>endKeyword</method>
  <thread>1</thread>
  <message>End action : verifyElementPropertyValue(response, str + \&amp;quot;statusCd\&amp;quot;, testdatapath.getValue(11, i))</message>
  <nestedLevel>2</nestedLevel>
</record>
<record>
  <date>2019-11-27T11:41:47</date>
  <millis>1574835107879</millis>
  <sequence>199</sequence>
  <level>START</level>
  <class>com.kms.katalon.core.logging.XmlKeywordLogger</class>
  <method>startKeyword</method>
  <thread>1</thread>
  <message>Start action : verifyElementPropertyValue(response, str + \&amp;quot;statusMessage\&amp;quot;, testdatapath.getValue(12, i))</message>
  <nestedLevel>2</nestedLevel>
  <property name="startLine">32</property>
  <property name="stepIndex">5</property>
</record>
<record>
  <date>2019-11-27T11:41:47</date>
  <millis>1574835107984</millis>
  <sequence>201</sequence>
  <level>PASSED</level>
  <class>com.kms.katalon.core.logging.XmlKeywordLogger</class>
  <method>logMessage</method>
  <thread>1</thread>
  <message>Verify element property value successfully</message>
  <nestedLevel>1</nestedLevel>
</record>
<record>
  <date>2019-11-27T11:41:47</date>
  <millis>1574835107986</millis>
  <sequence>202</sequence>
  <level>END</level>
  <class>com.kms.katalon.core.logging.XmlKeywordLogger</class>
  <method>endKeyword</method>
  <thread>1</thread>
  <message>End action : verifyElementPropertyValue(response, str + \&amp;quot;statusMessage\&amp;quot;, testdatapath.getValue(12, i))</message>
  <nestedLevel>2</nestedLevel>
</record>
<record>
  <date>2019-11-27T11:41:47</date>
  <millis>1574835107986</millis>
  <sequence>203</sequence>
  <level>START</level>
  <class>com.kms.katalon.core.logging.XmlKeywordLogger</class>
  <method>startKeyword</method>
  <thread>1</thread>
  <message>Start action : verifyElementPropertyValue(response, str + \&amp;quot;severity\&amp;quot;, testdatapath.getValue(13, i))</message>
  <nestedLevel>2</nestedLevel>
  <property name="startLine">34</property>
  <property name="stepIndex">6</property>
</record>
<record>
  <date>2019-11-27T11:41:48</date>
  <millis>1574835108088</millis>
  <sequence>205</sequence>
  <level>PASSED</level>
  <class>com.kms.katalon.core.logging.XmlKeywordLogger</class>
  <method>logMessage</method>
  <thread>1</thread>
  <message>Verify element property value successfully</message>
  <nestedLevel>1</nestedLevel>
</record>
<record>
  <date>2019-11-27T11:41:48</date>
  <millis>1574835108088</millis>
  <sequence>206</sequence>
  <level>END</level>
  <class>com.kms.katalon.core.logging.XmlKeywordLogger</class>
  <method>endKeyword</method>
  <thread>1</thread>
  <message>End action : verifyElementPropertyValue(response, str + \&amp;quot;severity\&amp;quot;, testdatapath.getValue(13, i))</message>
  <nestedLevel>2</nestedLevel>
</record>
<record>
  <date>2019-11-27T11:41:48</date>
  <millis>1574835108089</millis>
  <sequence>207</sequence>
  <level>END</level>
  <class>com.kms.katalon.core.logging.XmlKeywordLogger</class>
  <method>endKeyword</method>
  <thread>1</thread>
  <message>End action : for ([i = 5, i &amp;lt; 6, (i++)])</message>
  <nestedLevel>1</nestedLevel>
</record>
<record>
  <date>2019-11-27T11:41:48</date>
  <millis>1574835108089</millis>
  <sequence>208</sequence>
  <level>PASSED</level>
  <class>com.kms.katalon.core.logging.XmlKeywordLogger</class>
  <method>logMessage</method>
  <thread>1</thread>
  <message>Test Cases/Delete Restraint Merchant Auth/Delete Restraint Merchant Auth record with all valid non blank input fields and blank placed date</message>
  <nestedLevel>1</nestedLevel>
</record>
<record>
  <date>2019-11-27T11:41:48</date>
  <millis>1574835108092</millis>
  <sequence>209</sequence>
  <level>END</level>
  <class>com.kms.katalon.core.logging.XmlKeywordLogger</class>
  <method>endTest</method>
  <thread>1</thread>
  <message>End Test Case : Test Cases/Delete Restraint Merchant Auth/Delete Restraint Merchant Auth record with all valid non blank input fields and blank placed date</message>
  <nestedLevel>0</nestedLevel>
</record>
<record>
  <date>2019-11-27T11:41:48</date>
  <millis>1574835108100</millis>
  <sequence>210</sequence>
  <level>START</level>
  <class>com.kms.katalon.core.logging.XmlKeywordLogger</class>
  <method>startTest</method>
  <thread>1</thread>
  <message>Start Test Case : Test Cases/Delete Restraint Merchant Auth/Delete Restraint Merchant Auth record with all valid non blank input fields</message>
  <nestedLevel>1</nestedLevel>
  <property name="name">Test Cases/Delete Restraint Merchant Auth/Delete Restraint Merchant Auth record with all valid non blank input fields</property>
  <property name="description"></property>
  <property name="id">Test Cases/Delete Restraint Merchant Auth/Delete Restraint Merchant Auth record with all valid non blank input fields</property>
  <property name="source">C:\\Users\\khaja.h\\Katalon Studio\\Z-Connect\\Test Cases\\Delete Restraint Merchant Auth\\Delete Restraint Merchant Auth record with all valid non blank input fields.tc</property>
  <property name="isOptional">false</property>
</record>
<record>
  <date>2019-11-27T11:41:48</date>
  <millis>1574835108798</millis>
  <sequence>212</sequence>
  <level>START</level>
  <class>com.kms.katalon.core.logging.XmlKeywordLogger</class>
  <method>startKeyword</method>
  <thread>1</thread>
  <message>Start action : str = \&amp;quot;deleteRestraintMerchantAuthServiceOperationResponse.RESPONSE.Output.xStatus.\&amp;quot;</message>
  <nestedLevel>1</nestedLevel>
  <property name="startLine">16</property>
  <property name="stepIndex">1</property>
</record>
<record>
  <date>2019-11-27T11:41:48</date>
  <millis>1574835108799</millis>
  <sequence>213</sequence>
  <level>END</level>
  <class>com.kms.katalon.core.logging.XmlKeywordLogger</class>
  <method>endKeyword</method>
  <thread>1</thread>
  <message>End action : str = \&amp;quot;deleteRestraintMerchantAuthServiceOperationResponse.RESPONSE.Output.xStatus.\&amp;quot;</message>
  <nestedLevel>1</nestedLevel>
</record>
<record>
  <date>2019-11-27T11:41:48</date>
  <millis>1574835108800</millis>
  <sequence>214</sequence>
  <level>START</level>
  <class>com.kms.katalon.core.logging.XmlKeywordLogger</class>
  <method>startKeyword</method>
  <thread>1</thread>
  <message>Start action : testdatapath = findTestData(\&amp;quot;Z-Connect Test Data/Delete Restraint Merchant Auth_TestData\&amp;quot;)</message>
  <nestedLevel>1</nestedLevel>
  <property name="startLine">18</property>
  <property name="stepIndex">2</property>
</record>
<record>
  <date>2019-11-27T11:41:49</date>
  <millis>1574835109216</millis>
  <sequence>219</sequence>
  <level>END</level>
  <class>com.kms.katalon.core.logging.XmlKeywordLogger</class>
  <method>endKeyword</method>
  <thread>1</thread>
  <message>End action : testdatapath = findTestData(\&amp;quot;Z-Connect Test Data/Delete Restraint Merchant Auth_TestData\&amp;quot;)</message>
  <nestedLevel>1</nestedLevel>
</record>
<record>
  <date>2019-11-27T11:41:49</date>
  <millis>1574835109218</millis>
  <sequence>220</sequence>
  <level>START</level>
  <class>com.kms.katalon.core.logging.XmlKeywordLogger</class>
  <method>startKeyword</method>
  <thread>1</thread>
  <message>Start action : for ([i = 6, i &amp;lt; 7, (i++)])</message>
  <nestedLevel>1</nestedLevel>
  <property name="startLine">20</property>
  <property name="stepIndex">3</property>
</record>
<record>
  <date>2019-11-27T11:41:49</date>
  <millis>1574835109220</millis>
  <sequence>221</sequence>
  <level>START</level>
  <class>com.kms.katalon.core.logging.XmlKeywordLogger</class>
  <method>startKeyword</method>
  <thread>1</thread>
  <message>Start action : response = sendRequest(findTestObject(\&amp;quot;Delete Restraint Merchant Auth/Delete Restraint Merchant Auth record with all valid non blank input fields\&amp;quot;, [\&amp;quot;companyNbr\&amp;quot;:testdatapath.getValue(2, i), \&amp;quot;productCd\&amp;quot;:testdatapath.getValue(3, i), \&amp;quot;accountNbr\&amp;quot;:testdatapath.getValue(4, i), ... ]))</message>
  <nestedLevel>2</nestedLevel>
  <property name="startLine">21</property>
  <property name="stepIndex">1</property>
</record>
<record>
  <date>2019-11-27T11:41:51</date>
  <millis>1574835111081</millis>
  <sequence>225</sequence>
  <level>INFO</level>
  <class>com.kms.katalon.core.logging.XmlKeywordLogger</class>
  <method>logMessage</method>
  <thread>1</thread>
  <message>HAR: C:\\Users\\khaja.h\\Katalon Studio\\Z-Connect\\Reports\\Delete Restraint Merchant Auth\\20191127_114055\\requests\\main\\5.har</message>
  <nestedLevel>1</nestedLevel>
  <property name="harId">6666bfed-f3b4-4b38-80ed-36042aa0095a</property>
</record>
<record>
  <date>2019-11-27T11:41:51</date>
  <millis>1574835111084</millis>
  <sequence>226</sequence>
  <level>PASSED</level>
  <class>com.kms.katalon.core.logging.XmlKeywordLogger</class>
  <method>logMessage</method>
  <thread>1</thread>
  <message>Send request successfully</message>
  <nestedLevel>1</nestedLevel>
</record>
<record>
  <date>2019-11-27T11:41:51</date>
  <millis>1574835111085</millis>
  <sequence>227</sequence>
  <level>END</level>
  <class>com.kms.katalon.core.logging.XmlKeywordLogger</class>
  <method>endKeyword</method>
  <thread>1</thread>
  <message>End action : response = sendRequest(findTestObject(\&amp;quot;Delete Restraint Merchant Auth/Delete Restraint Merchant Auth record with all valid non blank input fields\&amp;quot;, [\&amp;quot;companyNbr\&amp;quot;:testdatapath.getValue(2, i), \&amp;quot;productCd\&amp;quot;:testdatapath.getValue(3, i), \&amp;quot;accountNbr\&amp;quot;:testdatapath.getValue(4, i), ... ]))</message>
  <nestedLevel>2</nestedLevel>
</record>
<record>
  <date>2019-11-27T11:41:51</date>
  <millis>1574835111086</millis>
  <sequence>228</sequence>
  <level>START</level>
  <class>com.kms.katalon.core.logging.XmlKeywordLogger</class>
  <method>startKeyword</method>
  <thread>1</thread>
  <message>Start action : verifyResponseStatusCode(response, 200)</message>
  <nestedLevel>2</nestedLevel>
  <property name="startLine">26</property>
  <property name="stepIndex">2</property>
</record>
<record>
  <date>2019-11-27T11:41:51</date>
  <millis>1574835111087</millis>
  <sequence>230</sequence>
  <level>PASSED</level>
  <class>com.kms.katalon.core.logging.XmlKeywordLogger</class>
  <method>logMessage</method>
  <thread>1</thread>
  <message>Verify response status code successfully</message>
  <nestedLevel>1</nestedLevel>
</record>
<record>
  <date>2019-11-27T11:41:51</date>
  <millis>1574835111088</millis>
  <sequence>231</sequence>
  <level>END</level>
  <class>com.kms.katalon.core.logging.XmlKeywordLogger</class>
  <method>endKeyword</method>
  <thread>1</thread>
  <message>End action : verifyResponseStatusCode(response, 200)</message>
  <nestedLevel>2</nestedLevel>
</record>
<record>
  <date>2019-11-27T11:41:51</date>
  <millis>1574835111089</millis>
  <sequence>232</sequence>
  <level>START</level>
  <class>com.kms.katalon.core.logging.XmlKeywordLogger</class>
  <method>startKeyword</method>
  <thread>1</thread>
  <message>Start action : verifyElementPropertyValue(response, str + \&amp;quot;applicationCd\&amp;quot;, testdatapath.getValue(10, i))</message>
  <nestedLevel>2</nestedLevel>
  <property name="startLine">28</property>
  <property name="stepIndex">3</property>
</record>
<record>
  <date>2019-11-27T11:41:51</date>
  <millis>1574835111148</millis>
  <sequence>234</sequence>
  <level>PASSED</level>
  <class>com.kms.katalon.core.logging.XmlKeywordLogger</class>
  <method>logMessage</method>
  <thread>1</thread>
  <message>Verify element property value successfully</message>
  <nestedLevel>1</nestedLevel>
</record>
<record>
  <date>2019-11-27T11:41:51</date>
  <millis>1574835111149</millis>
  <sequence>235</sequence>
  <level>END</level>
  <class>com.kms.katalon.core.logging.XmlKeywordLogger</class>
  <method>endKeyword</method>
  <thread>1</thread>
  <message>End action : verifyElementPropertyValue(response, str + \&amp;quot;applicationCd\&amp;quot;, testdatapath.getValue(10, i))</message>
  <nestedLevel>2</nestedLevel>
</record>
<record>
  <date>2019-11-27T11:41:51</date>
  <millis>1574835111149</millis>
  <sequence>236</sequence>
  <level>START</level>
  <class>com.kms.katalon.core.logging.XmlKeywordLogger</class>
  <method>startKeyword</method>
  <thread>1</thread>
  <message>Start action : verifyElementPropertyValue(response, str + \&amp;quot;statusCd\&amp;quot;, testdatapath.getValue(11, i))</message>
  <nestedLevel>2</nestedLevel>
  <property name="startLine">30</property>
  <property name="stepIndex">4</property>
</record>
<record>
  <date>2019-11-27T11:41:51</date>
  <millis>1574835111245</millis>
  <sequence>238</sequence>
  <level>PASSED</level>
  <class>com.kms.katalon.core.logging.XmlKeywordLogger</class>
  <method>logMessage</method>
  <thread>1</thread>
  <message>Verify element property value successfully</message>
  <nestedLevel>1</nestedLevel>
</record>
<record>
  <date>2019-11-27T11:41:51</date>
  <millis>1574835111246</millis>
  <sequence>239</sequence>
  <level>END</level>
  <class>com.kms.katalon.core.logging.XmlKeywordLogger</class>
  <method>endKeyword</method>
  <thread>1</thread>
  <message>End action : verifyElementPropertyValue(response, str + \&amp;quot;statusCd\&amp;quot;, testdatapath.getValue(11, i))</message>
  <nestedLevel>2</nestedLevel>
</record>
<record>
  <date>2019-11-27T11:41:51</date>
  <millis>1574835111246</millis>
  <sequence>240</sequence>
  <level>START</level>
  <class>com.kms.katalon.core.logging.XmlKeywordLogger</class>
  <method>startKeyword</method>
  <thread>1</thread>
  <message>Start action : verifyElementPropertyValue(response, str + \&amp;quot;statusMessage\&amp;quot;, testdatapath.getValue(12, i))</message>
  <nestedLevel>2</nestedLevel>
  <property name="startLine">32</property>
  <property name="stepIndex">5</property>
</record>
<record>
  <date>2019-11-27T11:41:51</date>
  <millis>1574835111341</millis>
  <sequence>242</sequence>
  <level>PASSED</level>
  <class>com.kms.katalon.core.logging.XmlKeywordLogger</class>
  <method>logMessage</method>
  <thread>1</thread>
  <message>Verify element property value successfully</message>
  <nestedLevel>1</nestedLevel>
</record>
<record>
  <date>2019-11-27T11:41:51</date>
  <millis>1574835111344</millis>
  <sequence>243</sequence>
  <level>END</level>
  <class>com.kms.katalon.core.logging.XmlKeywordLogger</class>
  <method>endKeyword</method>
  <thread>1</thread>
  <message>End action : verifyElementPropertyValue(response, str + \&amp;quot;statusMessage\&amp;quot;, testdatapath.getValue(12, i))</message>
  <nestedLevel>2</nestedLevel>
</record>
<record>
  <date>2019-11-27T11:41:51</date>
  <millis>1574835111345</millis>
  <sequence>244</sequence>
  <level>START</level>
  <class>com.kms.katalon.core.logging.XmlKeywordLogger</class>
  <method>startKeyword</method>
  <thread>1</thread>
  <message>Start action : verifyElementPropertyValue(response, str + \&amp;quot;severity\&amp;quot;, testdatapath.getValue(13, i))</message>
  <nestedLevel>2</nestedLevel>
  <property name="startLine">34</property>
  <property name="stepIndex">6</property>
</record>
<record>
  <date>2019-11-27T11:41:51</date>
  <millis>1574835111451</millis>
  <sequence>246</sequence>
  <level>PASSED</level>
  <class>com.kms.katalon.core.logging.XmlKeywordLogger</class>
  <method>logMessage</method>
  <thread>1</thread>
  <message>Verify element property value successfully</message>
  <nestedLevel>1</nestedLevel>
</record>
<record>
  <date>2019-11-27T11:41:51</date>
  <millis>1574835111451</millis>
  <sequence>247</sequence>
  <level>END</level>
  <class>com.kms.katalon.core.logging.XmlKeywordLogger</class>
  <method>endKeyword</method>
  <thread>1</thread>
  <message>End action : verifyElementPropertyValue(response, str + \&amp;quot;severity\&amp;quot;, testdatapath.getValue(13, i))</message>
  <nestedLevel>2</nestedLevel>
</record>
<record>
  <date>2019-11-27T11:41:51</date>
  <millis>1574835111453</millis>
  <sequence>248</sequence>
  <level>END</level>
  <class>com.kms.katalon.core.logging.XmlKeywordLogger</class>
  <method>endKeyword</method>
  <thread>1</thread>
  <message>End action : for ([i = 6, i &amp;lt; 7, (i++)])</message>
  <nestedLevel>1</nestedLevel>
</record>
<record>
  <date>2019-11-27T11:41:51</date>
  <millis>1574835111454</millis>
  <sequence>249</sequence>
  <level>PASSED</level>
  <class>com.kms.katalon.core.logging.XmlKeywordLogger</class>
  <method>logMessage</method>
  <thread>1</thread>
  <message>Test Cases/Delete Restraint Merchant Auth/Delete Restraint Merchant Auth record with all valid non blank input fields</message>
  <nestedLevel>1</nestedLevel>
</record>
<record>
  <date>2019-11-27T11:41:51</date>
  <millis>1574835111456</millis>
  <sequence>250</sequence>
  <level>END</level>
  <class>com.kms.katalon.core.logging.XmlKeywordLogger</class>
  <method>endTest</method>
  <thread>1</thread>
  <message>End Test Case : Test Cases/Delete Restraint Merchant Auth/Delete Restraint Merchant Auth record with all valid non blank input fields</message>
  <nestedLevel>0</nestedLevel>
</record>
<record>
  <date>2019-11-27T11:41:51</date>
  <millis>1574835111464</millis>
  <sequence>251</sequence>
  <level>START</level>
  <class>com.kms.katalon.core.logging.XmlKeywordLogger</class>
  <method>startTest</method>
  <thread>1</thread>
  <message>Start Test Case : Test Cases/Delete Restraint Merchant Auth/Delete Restraint Merchant Auth record with all valid non blank input fields for an non-existing record</message>
  <nestedLevel>1</nestedLevel>
  <property name="name">Test Cases/Delete Restraint Merchant Auth/Delete Restraint Merchant Auth record with all valid non blank input fields for an non-existing record</property>
  <property name="description"></property>
  <property name="id">Test Cases/Delete Restraint Merchant Auth/Delete Restraint Merchant Auth record with all valid non blank input fields for an non-existing record</property>
  <property name="source">C:\\Users\\khaja.h\\Katalon Studio\\Z-Connect\\Test Cases\\Delete Restraint Merchant Auth\\Delete Restraint Merchant Auth record with all valid non blank input fields for an non-existing record.tc</property>
  <property name="isOptional">false</property>
</record>
<record>
  <date>2019-11-27T11:41:52</date>
  <millis>1574835112081</millis>
  <sequence>253</sequence>
  <level>START</level>
  <class>com.kms.katalon.core.logging.XmlKeywordLogger</class>
  <method>startKeyword</method>
  <thread>1</thread>
  <message>Start action : str = \&amp;quot;deleteRestraintMerchantAuthServiceOperationResponse.RESPONSE.Output.xStatus.\&amp;quot;</message>
  <nestedLevel>1</nestedLevel>
  <property name="startLine">16</property>
  <property name="stepIndex">1</property>
</record>
<record>
  <date>2019-11-27T11:41:52</date>
  <millis>1574835112082</millis>
  <sequence>254</sequence>
  <level>END</level>
  <class>com.kms.katalon.core.logging.XmlKeywordLogger</class>
  <method>endKeyword</method>
  <thread>1</thread>
  <message>End action : str = \&amp;quot;deleteRestraintMerchantAuthServiceOperationResponse.RESPONSE.Output.xStatus.\&amp;quot;</message>
  <nestedLevel>1</nestedLevel>
</record>
<record>
  <date>2019-11-27T11:41:52</date>
  <millis>1574835112082</millis>
  <sequence>255</sequence>
  <level>START</level>
  <class>com.kms.katalon.core.logging.XmlKeywordLogger</class>
  <method>startKeyword</method>
  <thread>1</thread>
  <message>Start action : testdatapath = findTestData(\&amp;quot;Z-Connect Test Data/Delete Restraint Merchant Auth_TestData\&amp;quot;)</message>
  <nestedLevel>1</nestedLevel>
  <property name="startLine">18</property>
  <property name="stepIndex">2</property>
</record>
<record>
  <date>2019-11-27T11:41:52</date>
  <millis>1574835112399</millis>
  <sequence>260</sequence>
  <level>END</level>
  <class>com.kms.katalon.core.logging.XmlKeywordLogger</class>
  <method>endKeyword</method>
  <thread>1</thread>
  <message>End action : testdatapath = findTestData(\&amp;quot;Z-Connect Test Data/Delete Restraint Merchant Auth_TestData\&amp;quot;)</message>
  <nestedLevel>1</nestedLevel>
</record>
<record>
  <date>2019-11-27T11:41:52</date>
  <millis>1574835112400</millis>
  <sequence>261</sequence>
  <level>START</level>
  <class>com.kms.katalon.core.logging.XmlKeywordLogger</class>
  <method>startKeyword</method>
  <thread>1</thread>
  <message>Start action : for ([i = 7, i &amp;lt; 8, (i++)])</message>
  <nestedLevel>1</nestedLevel>
  <property name="startLine">20</property>
  <property name="stepIndex">3</property>
</record>
<record>
  <date>2019-11-27T11:41:52</date>
  <millis>1574835112401</millis>
  <sequence>262</sequence>
  <level>START</level>
  <class>com.kms.katalon.core.logging.XmlKeywordLogger</class>
  <method>startKeyword</method>
  <thread>1</thread>
  <message>Start action : response = sendRequest(findTestObject(\&amp;quot;Delete Restraint Merchant Auth/Delete Restraint Merchant Auth record with all valid non blank input fields for an non-existing record\&amp;quot;, [\&amp;quot;companyNbr\&amp;quot;:testdatapath.getValue(2, i), \&amp;quot;productCd\&amp;quot;:testdatapath.getValue(3, i), \&amp;quot;accountNbr\&amp;quot;:testdatapath.getValue(4, i), ... ]))</message>
  <nestedLevel>2</nestedLevel>
  <property name="startLine">21</property>
  <property name="stepIndex">1</property>
</record>
<record>
  <date>2019-11-27T11:41:54</date>
  <millis>1574835114431</millis>
  <sequence>266</sequence>
  <level>INFO</level>
  <class>com.kms.katalon.core.logging.XmlKeywordLogger</class>
  <method>logMessage</method>
  <thread>1</thread>
  <message>HAR: C:\\Users\\khaja.h\\Katalon Studio\\Z-Connect\\Reports\\Delete Restraint Merchant Auth\\20191127_114055\\requests\\main\\6.har</message>
  <nestedLevel>1</nestedLevel>
  <property name="harId">01c39fcc-af98-4497-a996-cf07772b4867</property>
</record>
<record>
  <date>2019-11-27T11:41:54</date>
  <millis>1574835114437</millis>
  <sequence>267</sequence>
  <level>PASSED</level>
  <class>com.kms.katalon.core.logging.XmlKeywordLogger</class>
  <method>logMessage</method>
  <thread>1</thread>
  <message>Send request successfully</message>
  <nestedLevel>1</nestedLevel>
</record>
<record>
  <date>2019-11-27T11:41:54</date>
  <millis>1574835114438</millis>
  <sequence>268</sequence>
  <level>END</level>
  <class>com.kms.katalon.core.logging.XmlKeywordLogger</class>
  <method>endKeyword</method>
  <thread>1</thread>
  <message>End action : response = sendRequest(findTestObject(\&amp;quot;Delete Restraint Merchant Auth/Delete Restraint Merchant Auth record with all valid non blank input fields for an non-existing record\&amp;quot;, [\&amp;quot;companyNbr\&amp;quot;:testdatapath.getValue(2, i), \&amp;quot;productCd\&amp;quot;:testdatapath.getValue(3, i), \&amp;quot;accountNbr\&amp;quot;:testdatapath.getValue(4, i), ... ]))</message>
  <nestedLevel>2</nestedLevel>
</record>
<record>
  <date>2019-11-27T11:41:54</date>
  <millis>1574835114439</millis>
  <sequence>269</sequence>
  <level>START</level>
  <class>com.kms.katalon.core.logging.XmlKeywordLogger</class>
  <method>startKeyword</method>
  <thread>1</thread>
  <message>Start action : verifyResponseStatusCode(response, 200)</message>
  <nestedLevel>2</nestedLevel>
  <property name="startLine">26</property>
  <property name="stepIndex">2</property>
</record>
<record>
  <date>2019-11-27T11:41:54</date>
  <millis>1574835114441</millis>
  <sequence>271</sequence>
  <level>PASSED</level>
  <class>com.kms.katalon.core.logging.XmlKeywordLogger</class>
  <method>logMessage</method>
  <thread>1</thread>
  <message>Verify response status code successfully</message>
  <nestedLevel>1</nestedLevel>
</record>
<record>
  <date>2019-11-27T11:41:54</date>
  <millis>1574835114442</millis>
  <sequence>272</sequence>
  <level>END</level>
  <class>com.kms.katalon.core.logging.XmlKeywordLogger</class>
  <method>endKeyword</method>
  <thread>1</thread>
  <message>End action : verifyResponseStatusCode(response, 200)</message>
  <nestedLevel>2</nestedLevel>
</record>
<record>
  <date>2019-11-27T11:41:54</date>
  <millis>1574835114442</millis>
  <sequence>273</sequence>
  <level>START</level>
  <class>com.kms.katalon.core.logging.XmlKeywordLogger</class>
  <method>startKeyword</method>
  <thread>1</thread>
  <message>Start action : verifyElementPropertyValue(response, str + \&amp;quot;applicationCd\&amp;quot;, testdatapath.getValue(10, i))</message>
  <nestedLevel>2</nestedLevel>
  <property name="startLine">28</property>
  <property name="stepIndex">3</property>
</record>
<record>
  <date>2019-11-27T11:41:54</date>
  <millis>1574835114524</millis>
  <sequence>275</sequence>
  <level>PASSED</level>
  <class>com.kms.katalon.core.logging.XmlKeywordLogger</class>
  <method>logMessage</method>
  <thread>1</thread>
  <message>Verify element property value successfully</message>
  <nestedLevel>1</nestedLevel>
</record>
<record>
  <date>2019-11-27T11:41:54</date>
  <millis>1574835114525</millis>
  <sequence>276</sequence>
  <level>END</level>
  <class>com.kms.katalon.core.logging.XmlKeywordLogger</class>
  <method>endKeyword</method>
  <thread>1</thread>
  <message>End action : verifyElementPropertyValue(response, str + \&amp;quot;applicationCd\&amp;quot;, testdatapath.getValue(10, i))</message>
  <nestedLevel>2</nestedLevel>
</record>
<record>
  <date>2019-11-27T11:41:54</date>
  <millis>1574835114525</millis>
  <sequence>277</sequence>
  <level>START</level>
  <class>com.kms.katalon.core.logging.XmlKeywordLogger</class>
  <method>startKeyword</method>
  <thread>1</thread>
  <message>Start action : verifyElementPropertyValue(response, str + \&amp;quot;statusCd\&amp;quot;, testdatapath.getValue(11, i))</message>
  <nestedLevel>2</nestedLevel>
  <property name="startLine">30</property>
  <property name="stepIndex">4</property>
</record>
<record>
  <date>2019-11-27T11:41:54</date>
  <millis>1574835114584</millis>
  <sequence>279</sequence>
  <level>PASSED</level>
  <class>com.kms.katalon.core.logging.XmlKeywordLogger</class>
  <method>logMessage</method>
  <thread>1</thread>
  <message>Verify element property value successfully</message>
  <nestedLevel>1</nestedLevel>
</record>
<record>
  <date>2019-11-27T11:41:54</date>
  <millis>1574835114585</millis>
  <sequence>280</sequence>
  <level>END</level>
  <class>com.kms.katalon.core.logging.XmlKeywordLogger</class>
  <method>endKeyword</method>
  <thread>1</thread>
  <message>End action : verifyElementPropertyValue(response, str + \&amp;quot;statusCd\&amp;quot;, testdatapath.getValue(11, i))</message>
  <nestedLevel>2</nestedLevel>
</record>
<record>
  <date>2019-11-27T11:41:54</date>
  <millis>1574835114586</millis>
  <sequence>281</sequence>
  <level>START</level>
  <class>com.kms.katalon.core.logging.XmlKeywordLogger</class>
  <method>startKeyword</method>
  <thread>1</thread>
  <message>Start action : verifyElementPropertyValue(response, str + \&amp;quot;statusMessage\&amp;quot;, testdatapath.getValue(12, i))</message>
  <nestedLevel>2</nestedLevel>
  <property name="startLine">32</property>
  <property name="stepIndex">5</property>
</record>
<record>
  <date>2019-11-27T11:41:54</date>
  <millis>1574835114652</millis>
  <sequence>283</sequence>
  <level>PASSED</level>
  <class>com.kms.katalon.core.logging.XmlKeywordLogger</class>
  <method>logMessage</method>
  <thread>1</thread>
  <message>Verify element property value successfully</message>
  <nestedLevel>1</nestedLevel>
</record>
<record>
  <date>2019-11-27T11:41:54</date>
  <millis>1574835114656</millis>
  <sequence>284</sequence>
  <level>END</level>
  <class>com.kms.katalon.core.logging.XmlKeywordLogger</class>
  <method>endKeyword</method>
  <thread>1</thread>
  <message>End action : verifyElementPropertyValue(response, str + \&amp;quot;statusMessage\&amp;quot;, testdatapath.getValue(12, i))</message>
  <nestedLevel>2</nestedLevel>
</record>
<record>
  <date>2019-11-27T11:41:54</date>
  <millis>1574835114657</millis>
  <sequence>285</sequence>
  <level>START</level>
  <class>com.kms.katalon.core.logging.XmlKeywordLogger</class>
  <method>startKeyword</method>
  <thread>1</thread>
  <message>Start action : verifyElementPropertyValue(response, str + \&amp;quot;severity\&amp;quot;, testdatapath.getValue(13, i))</message>
  <nestedLevel>2</nestedLevel>
  <property name="startLine">34</property>
  <property name="stepIndex">6</property>
</record>
<record>
  <date>2019-11-27T11:41:54</date>
  <millis>1574835114747</millis>
  <sequence>287</sequence>
  <level>PASSED</level>
  <class>com.kms.katalon.core.logging.XmlKeywordLogger</class>
  <method>logMessage</method>
  <thread>1</thread>
  <message>Verify element property value successfully</message>
  <nestedLevel>1</nestedLevel>
</record>
<record>
  <date>2019-11-27T11:41:54</date>
  <millis>1574835114748</millis>
  <sequence>288</sequence>
  <level>END</level>
  <class>com.kms.katalon.core.logging.XmlKeywordLogger</class>
  <method>endKeyword</method>
  <thread>1</thread>
  <message>End action : verifyElementPropertyValue(response, str + \&amp;quot;severity\&amp;quot;, testdatapath.getValue(13, i))</message>
  <nestedLevel>2</nestedLevel>
</record>
<record>
  <date>2019-11-27T11:41:54</date>
  <millis>1574835114749</millis>
  <sequence>289</sequence>
  <level>END</level>
  <class>com.kms.katalon.core.logging.XmlKeywordLogger</class>
  <method>endKeyword</method>
  <thread>1</thread>
  <message>End action : for ([i = 7, i &amp;lt; 8, (i++)])</message>
  <nestedLevel>1</nestedLevel>
</record>
<record>
  <date>2019-11-27T11:41:54</date>
  <millis>1574835114749</millis>
  <sequence>290</sequence>
  <level>PASSED</level>
  <class>com.kms.katalon.core.logging.XmlKeywordLogger</class>
  <method>logMessage</method>
  <thread>1</thread>
  <message>Test Cases/Delete Restraint Merchant Auth/Delete Restraint Merchant Auth record with all valid non blank input fields for an non-existing record</message>
  <nestedLevel>1</nestedLevel>
</record>
<record>
  <date>2019-11-27T11:41:54</date>
  <millis>1574835114750</millis>
  <sequence>291</sequence>
  <level>END</level>
  <class>com.kms.katalon.core.logging.XmlKeywordLogger</class>
  <method>endTest</method>
  <thread>1</thread>
  <message>End Test Case : Test Cases/Delete Restraint Merchant Auth/Delete Restraint Merchant Auth record with all valid non blank input fields for an non-existing record</message>
  <nestedLevel>0</nestedLevel>
</record>
<record>
  <date>2019-11-27T11:41:55</date>
  <millis>1574835115252</millis>
  <sequence>292</sequence>
  <level>END</level>
  <class>com.kms.katalon.core.logging.XmlKeywordLogger</class>
  <method>endSuite</method>
  <thread>1</thread>
  <message>End Test Suite : Test Suites/Delete Restraint Merchant Auth</message>
  <nestedLevel>0</nestedLevel>
</record>
</log>